============================= test session starts ==============================
platform linux -- Python 3.11.4, pytest-7.4.2, pluggy-1.3.0
rootdir: /dc-app-performance-toolkit/app
plugins: xdist-3.3.1, apiritif-1.1.3
collected 14 items

selenium_ui/jira_ui.py first driver inits
1694271333118,3197,selenium_login:open_login_page,Success,True,
node_id:jira-1
1694271341694,8575,selenium_login:login_and_view_dashboard,Success,True,
1694271341694,11773,selenium_login,Success,True,
.test_0_selenium_a_login,Total:1 Passed:1 Failed:0
1694271345140,3414,selenium_project_summary,Success,True,
.test_1_selenium_view_project_summary,Total:2 Passed:2 Failed:0
1694271345450,308,selenium_browse_projects_list,Success,True,
.test_1_selenium_browse_projects_list,Total:3 Passed:3 Failed:0
1694271349166,3714,selenium_browse_boards_list,Success,True,
.test_1_selenium_browse_boards_list,Total:4 Passed:4 Failed:0
1694271350144,952,selenium_create_issue:open_quick_create,Success,True,
1694271351254,598,selenium_create_issue:fill_and_submit_issue_form:submit_issue_form,Success,True,
1694271351254,1110,selenium_create_issue:fill_and_submit_issue_form,Success,True,
1694271351254,2063,selenium_create_issue,Success,True,
.test_1_selenium_create_issue,Total:5 Passed:5 Failed:0
1694271352336,1054,selenium_edit_issue:open_edit_issue_form,Success,True,
1694271353647,743,selenium_edit_issue:save_edit_issue_form,Success,True,
1694271353647,2366,selenium_edit_issue,Success,True,
.test_1_selenium_edit_issue,Total:6 Passed:6 Failed:0
1694271354012,363,selenium_save_comment:open_comment_form,Success,True,
1694271358482,3754,selenium_save_comment:submit_form,Success,True,
1694271358482,4833,selenium_save_comment,Success,True,
.test_1_selenium_save_comment,Total:7 Passed:7 Failed:0
1694271361257,2772,selenium_search_jql,Success,True,
.test_1_selenium_search_jql,Total:8 Passed:8 Failed:0
1694271365132,3873,selenium_view_scrum_board_backlog,Success,True,
.test_1_selenium_view_backlog_for_scrum_board,Total:9 Passed:9 Failed:0
1694271368888,3754,selenium_view_scrum_board,Success,True,
.test_1_selenium_view_scrum_board,Total:10 Passed:10 Failed:0
1694271369733,844,selenium_view_kanban_board,Success,True,
.test_1_selenium_view_kanban_board,Total:11 Passed:11 Failed:0
1694271370187,452,selenium_view_dashboard,Success,True,
.test_1_selenium_view_dashboard,Total:12 Passed:12 Failed:0
1694271370806,617,selenium_view_issue,Success,True,
.test_1_selenium_view_issue,Total:13 Passed:13 Failed:0
1694271371255,447,selenium_log_out,Success,True,
.test_2_selenium_z_log_out,Total:14 Passed:14 Failed:0


=============================== warnings summary ===============================
../../root/.bzt/python-packages/3.11.4/_pytest/config/__init__.py:1204
  /root/.bzt/python-packages/3.11.4/_pytest/config/__init__.py:1204: PytestAssertRewriteWarning: Module already imported so cannot be rewritten: apiritif
    self._mark_plugins_for_rewrite(hook)

-- Docs: https://docs.pytest.org/en/stable/how-to/capture-warnings.html
======================== 14 passed, 1 warning in 42.04s ========================
============================= test session starts ==============================
platform linux -- Python 3.11.4, pytest-7.4.2, pluggy-1.3.0
rootdir: /dc-app-performance-toolkit/app
plugins: xdist-3.3.1, apiritif-1.1.3
collected 14 items

selenium_ui/jira_ui.py get driver from global
clear browser cookies
1694271371408,107,selenium_login:open_login_page,Success,True,
node_id:jira-1
1694271372827,1418,selenium_login:login_and_view_dashboard,Success,True,
1694271372827,1526,selenium_login,Success,True,
.test_0_selenium_a_login,Total:15 Passed:15 Failed:0
1694271373309,437,selenium_project_summary,Success,True,
.test_1_selenium_view_project_summary,Total:16 Passed:16 Failed:0
1694271373589,279,selenium_browse_projects_list,Success,True,
.test_1_selenium_browse_projects_list,Total:17 Passed:17 Failed:0
1694271374473,882,selenium_browse_boards_list,Success,True,
.test_1_selenium_browse_boards_list,Total:18 Passed:18 Failed:0
1694271375138,610,selenium_create_issue:open_quick_create,Success,True,
1694271376275,609,selenium_create_issue:fill_and_submit_issue_form:submit_issue_form,Success,True,
1694271376275,1136,selenium_create_issue:fill_and_submit_issue_form,Success,True,
1694271376275,1748,selenium_create_issue,Success,True,
.test_1_selenium_create_issue,Total:19 Passed:19 Failed:0
1694271376967,645,selenium_edit_issue:open_edit_issue_form,Success,True,
1694271378010,705,selenium_edit_issue:save_edit_issue_form,Success,True,
1694271378010,1687,selenium_edit_issue,Success,True,
.test_1_selenium_edit_issue,Total:20 Passed:20 Failed:0
1694271378511,499,selenium_save_comment:open_comment_form,Success,True,
1694271379341,738,selenium_save_comment:submit_form,Success,True,
1694271379341,1329,selenium_save_comment,Success,True,
.test_1_selenium_save_comment,Total:21 Passed:21 Failed:0
1694271380907,1564,selenium_search_jql,Success,True,
.test_1_selenium_search_jql,Total:22 Passed:22 Failed:0
1694271382167,1258,selenium_view_scrum_board_backlog,Success,True,
.test_1_selenium_view_backlog_for_scrum_board,Total:23 Passed:23 Failed:0
1694271382969,800,selenium_view_scrum_board,Success,True,
.test_1_selenium_view_scrum_board,Total:24 Passed:24 Failed:0
1694271383889,918,selenium_view_kanban_board,Success,True,
.test_1_selenium_view_kanban_board,Total:25 Passed:25 Failed:0
1694271384252,362,selenium_view_dashboard,Success,True,
.test_1_selenium_view_dashboard,Total:26 Passed:26 Failed:0
1694271384805,551,selenium_view_issue,Success,True,
.test_1_selenium_view_issue,Total:27 Passed:27 Failed:0
1694271385139,332,selenium_log_out,Success,True,
.test_2_selenium_z_log_out,Total:28 Passed:28 Failed:0


=============================== warnings summary ===============================
../../root/.bzt/python-packages/3.11.4/_pytest/config/__init__.py:1204
  /root/.bzt/python-packages/3.11.4/_pytest/config/__init__.py:1204: PytestAssertRewriteWarning: Module already imported so cannot be rewritten: apiritif
    self._mark_plugins_for_rewrite(hook)

-- Docs: https://docs.pytest.org/en/stable/how-to/capture-warnings.html
======================== 14 passed, 1 warning in 13.85s ========================
============================= test session starts ==============================
platform linux -- Python 3.11.4, pytest-7.4.2, pluggy-1.3.0
rootdir: /dc-app-performance-toolkit/app
plugins: xdist-3.3.1, apiritif-1.1.3
collected 14 items

selenium_ui/jira_ui.py get driver from global
clear browser cookies
1694271385288,101,selenium_login:open_login_page,Success,True,
node_id:jira-0
1694271386031,742,selenium_login:login_and_view_dashboard,Success,True,
1694271386031,845,selenium_login,Success,True,
.test_0_selenium_a_login,Total:29 Passed:29 Failed:0
1694271386515,417,selenium_project_summary,Success,True,
.test_1_selenium_view_project_summary,Total:30 Passed:30 Failed:0
1694271386834,318,selenium_browse_projects_list,Success,True,
.test_1_selenium_browse_projects_list,Total:31 Passed:31 Failed:0
1694271387098,261,selenium_browse_boards_list,Success,True,
.test_1_selenium_browse_boards_list,Total:32 Passed:32 Failed:0
1694271387782,618,selenium_create_issue:open_quick_create,Success,True,
1694271389065,628,selenium_create_issue:fill_and_submit_issue_form:submit_issue_form,Success,True,
1694271389065,1282,selenium_create_issue:fill_and_submit_issue_form,Success,True,
1694271389065,1901,selenium_create_issue,Success,True,
.test_1_selenium_create_issue,Total:33 Passed:33 Failed:0
1694271389775,643,selenium_edit_issue:open_edit_issue_form,Success,True,
1694271390631,514,selenium_edit_issue:save_edit_issue_form,Success,True,
1694271390631,1499,selenium_edit_issue,Success,True,
.test_1_selenium_edit_issue,Total:34 Passed:34 Failed:0
1694271391001,368,selenium_save_comment:open_comment_form,Success,True,
1694271391848,751,selenium_save_comment:submit_form,Success,True,
1694271391849,1216,selenium_save_comment,Success,True,
.test_1_selenium_save_comment,Total:35 Passed:35 Failed:0
1694271393791,1941,selenium_search_jql,Success,True,
.test_1_selenium_search_jql,Total:36 Passed:36 Failed:0
1694271394919,1126,selenium_view_scrum_board_backlog,Success,True,
.test_1_selenium_view_backlog_for_scrum_board,Total:37 Passed:37 Failed:0
1694271395711,790,selenium_view_scrum_board,Success,True,
.test_1_selenium_view_scrum_board,Total:38 Passed:38 Failed:0
1694271396906,1193,selenium_view_kanban_board,Success,True,
.test_1_selenium_view_kanban_board,Total:39 Passed:39 Failed:0
1694271397437,529,selenium_view_dashboard,Success,True,
.test_1_selenium_view_dashboard,Total:40 Passed:40 Failed:0
1694271397991,552,selenium_view_issue,Success,True,
.test_1_selenium_view_issue,Total:41 Passed:41 Failed:0
1694271398302,310,selenium_log_out,Success,True,
.test_2_selenium_z_log_out,Total:42 Passed:42 Failed:0


=============================== warnings summary ===============================
../../root/.bzt/python-packages/3.11.4/_pytest/config/__init__.py:1204
  /root/.bzt/python-packages/3.11.4/_pytest/config/__init__.py:1204: PytestAssertRewriteWarning: Module already imported so cannot be rewritten: apiritif
    self._mark_plugins_for_rewrite(hook)

-- Docs: https://docs.pytest.org/en/stable/how-to/capture-warnings.html
======================== 14 passed, 1 warning in 13.13s ========================
============================= test session starts ==============================
platform linux -- Python 3.11.4, pytest-7.4.2, pluggy-1.3.0
rootdir: /dc-app-performance-toolkit/app
plugins: xdist-3.3.1, apiritif-1.1.3
collected 14 items

selenium_ui/jira_ui.py get driver from global
clear browser cookies
1694271398458,107,selenium_login:open_login_page,Success,True,
node_id:jira-0
1694271399001,543,selenium_login:login_and_view_dashboard,Success,True,
1694271399002,651,selenium_login,Success,True,
.test_0_selenium_a_login,Total:43 Passed:43 Failed:0
1694271399539,402,selenium_project_summary,Success,True,
.test_1_selenium_view_project_summary,Total:44 Passed:44 Failed:0
1694271399839,298,selenium_browse_projects_list,Success,True,
.test_1_selenium_browse_projects_list,Total:45 Passed:45 Failed:0
1694271400108,266,selenium_browse_boards_list,Success,True,
.test_1_selenium_browse_boards_list,Total:46 Passed:46 Failed:0
1694271400868,638,selenium_create_issue:open_quick_create,Success,True,
1694271402075,626,selenium_create_issue:fill_and_submit_issue_form:submit_issue_form,Success,True,
1694271402075,1206,selenium_create_issue:fill_and_submit_issue_form,Success,True,
1694271402075,1845,selenium_create_issue,Success,True,
.test_1_selenium_create_issue,Total:47 Passed:47 Failed:0
1694271402735,570,selenium_edit_issue:open_edit_issue_form,Success,True,
1694271403928,820,selenium_edit_issue:save_edit_issue_form,Success,True,
1694271403929,1764,selenium_edit_issue,Success,True,
.test_1_selenium_edit_issue,Total:48 Passed:48 Failed:0
1694271404329,399,selenium_save_comment:open_comment_form,Success,True,
1694271405113,692,selenium_save_comment:submit_form,Success,True,
1694271405113,1183,selenium_save_comment,Success,True,
.test_1_selenium_save_comment,Total:49 Passed:49 Failed:0
1694271406520,1405,selenium_search_jql,Success,True,
.test_1_selenium_search_jql,Total:50 Passed:50 Failed:0
1694271407747,1225,selenium_view_scrum_board_backlog,Success,True,
.test_1_selenium_view_backlog_for_scrum_board,Total:51 Passed:51 Failed:0
1694271408594,845,selenium_view_scrum_board,Success,True,
.test_1_selenium_view_scrum_board,Total:52 Passed:52 Failed:0
1694271409417,821,selenium_view_kanban_board,Success,True,
.test_1_selenium_view_kanban_board,Total:53 Passed:53 Failed:0
1694271409937,518,selenium_view_dashboard,Success,True,
.test_1_selenium_view_dashboard,Total:54 Passed:54 Failed:0
1694271410503,565,selenium_view_issue,Success,True,
.test_1_selenium_view_issue,Total:55 Passed:55 Failed:0
1694271410808,303,selenium_log_out,Success,True,
.test_2_selenium_z_log_out,Total:56 Passed:56 Failed:0


=============================== warnings summary ===============================
../../root/.bzt/python-packages/3.11.4/_pytest/config/__init__.py:1204
  /root/.bzt/python-packages/3.11.4/_pytest/config/__init__.py:1204: PytestAssertRewriteWarning: Module already imported so cannot be rewritten: apiritif
    self._mark_plugins_for_rewrite(hook)

-- Docs: https://docs.pytest.org/en/stable/how-to/capture-warnings.html
======================== 14 passed, 1 warning in 12.47s ========================
============================= test session starts ==============================
platform linux -- Python 3.11.4, pytest-7.4.2, pluggy-1.3.0
rootdir: /dc-app-performance-toolkit/app
plugins: xdist-3.3.1, apiritif-1.1.3
collected 14 items

selenium_ui/jira_ui.py get driver from global
clear browser cookies
1694271410978,122,selenium_login:open_login_page,Success,True,
node_id:jira-1
1694271411586,607,selenium_login:login_and_view_dashboard,Success,True,
1694271411586,730,selenium_login,Success,True,
.test_0_selenium_a_login,Total:57 Passed:57 Failed:0
1694271412167,469,selenium_project_summary,Success,True,
.test_1_selenium_view_project_summary,Total:58 Passed:58 Failed:0
1694271412429,260,selenium_browse_projects_list,Success,True,
.test_1_selenium_browse_projects_list,Total:59 Passed:59 Failed:0
1694271412682,251,selenium_browse_boards_list,Success,True,
.test_1_selenium_browse_boards_list,Total:60 Passed:60 Failed:0
1694271413454,635,selenium_create_issue:open_quick_create,Success,True,
1694271414772,627,selenium_create_issue:fill_and_submit_issue_form:submit_issue_form,Success,True,
1694271414773,1317,selenium_create_issue:fill_and_submit_issue_form,Success,True,
1694271414773,1953,selenium_create_issue,Success,True,
.test_1_selenium_create_issue,Total:61 Passed:61 Failed:0
1694271415557,671,selenium_edit_issue:open_edit_issue_form,Success,True,
1694271416359,544,selenium_edit_issue:save_edit_issue_form,Success,True,
1694271416359,1474,selenium_edit_issue,Success,True,
.test_1_selenium_edit_issue,Total:62 Passed:62 Failed:0
1694271416766,405,selenium_save_comment:open_comment_form,Success,True,
1694271417632,774,selenium_save_comment:submit_form,Success,True,
1694271417632,1271,selenium_save_comment,Success,True,
.test_1_selenium_save_comment,Total:63 Passed:63 Failed:0
1694271419106,1473,selenium_search_jql,Success,True,
.test_1_selenium_search_jql,Total:64 Passed:64 Failed:0
1694271420088,980,selenium_view_scrum_board_backlog,Success,True,
.test_1_selenium_view_backlog_for_scrum_board,Total:65 Passed:65 Failed:0
1694271421053,963,selenium_view_scrum_board,Success,True,
.test_1_selenium_view_scrum_board,Total:66 Passed:66 Failed:0
1694271421989,935,selenium_view_kanban_board,Success,True,
.test_1_selenium_view_kanban_board,Total:67 Passed:67 Failed:0
1694271422368,377,selenium_view_dashboard,Success,True,
.test_1_selenium_view_dashboard,Total:68 Passed:68 Failed:0
1694271422948,577,selenium_view_issue,Success,True,
.test_1_selenium_view_issue,Total:69 Passed:69 Failed:0
1694271423279,330,selenium_log_out,Success,True,
.test_2_selenium_z_log_out,Total:70 Passed:70 Failed:0


=============================== warnings summary ===============================
../../root/.bzt/python-packages/3.11.4/_pytest/config/__init__.py:1204
  /root/.bzt/python-packages/3.11.4/_pytest/config/__init__.py:1204: PytestAssertRewriteWarning: Module already imported so cannot be rewritten: apiritif
    self._mark_plugins_for_rewrite(hook)

-- Docs: https://docs.pytest.org/en/stable/how-to/capture-warnings.html
======================== 14 passed, 1 warning in 12.44s ========================
============================= test session starts ==============================
platform linux -- Python 3.11.4, pytest-7.4.2, pluggy-1.3.0
rootdir: /dc-app-performance-toolkit/app
plugins: xdist-3.3.1, apiritif-1.1.3
collected 14 items

selenium_ui/jira_ui.py get driver from global
clear browser cookies
1694271423443,112,selenium_login:open_login_page,Success,True,
node_id:jira-1
1694271424002,558,selenium_login:login_and_view_dashboard,Success,True,
1694271424002,670,selenium_login,Success,True,
.test_0_selenium_a_login,Total:71 Passed:71 Failed:0
1694271424579,436,selenium_project_summary,Success,True,
.test_1_selenium_view_project_summary,Total:72 Passed:72 Failed:0
1694271424888,307,selenium_browse_projects_list,Success,True,
.test_1_selenium_browse_projects_list,Total:73 Passed:73 Failed:0
1694271425707,817,selenium_browse_boards_list,Success,True,
.test_1_selenium_browse_boards_list,Total:74 Passed:74 Failed:0
1694271426508,636,selenium_create_issue:open_quick_create,Success,True,
1694271427732,683,selenium_create_issue:fill_and_submit_issue_form:submit_issue_form,Success,True,
1694271427733,1224,selenium_create_issue:fill_and_submit_issue_form,Success,True,
1694271427733,1861,selenium_create_issue,Success,True,
.test_1_selenium_create_issue,Total:75 Passed:75 Failed:0
1694271428567,693,selenium_edit_issue:open_edit_issue_form,Success,True,
1694271429420,584,selenium_edit_issue:save_edit_issue_form,Success,True,
1694271429420,1546,selenium_edit_issue,Success,True,
.test_1_selenium_edit_issue,Total:76 Passed:76 Failed:0
1694271429871,449,selenium_save_comment:open_comment_form,Success,True,
1694271430766,804,selenium_save_comment:submit_form,Success,True,
1694271430766,1344,selenium_save_comment,Success,True,
.test_1_selenium_save_comment,Total:77 Passed:77 Failed:0
1694271432226,1459,selenium_search_jql,Success,True,
.test_1_selenium_search_jql,Total:78 Passed:78 Failed:0
1694271433481,1253,selenium_view_scrum_board_backlog,Success,True,
.test_1_selenium_view_backlog_for_scrum_board,Total:79 Passed:79 Failed:0
1694271434334,851,selenium_view_scrum_board,Success,True,
.test_1_selenium_view_scrum_board,Total:80 Passed:80 Failed:0
1694271435219,883,selenium_view_kanban_board,Success,True,
.test_1_selenium_view_kanban_board,Total:81 Passed:81 Failed:0
1694271435611,390,selenium_view_dashboard,Success,True,
.test_1_selenium_view_dashboard,Total:82 Passed:82 Failed:0
1694271436185,573,selenium_view_issue,Success,True,
.test_1_selenium_view_issue,Total:83 Passed:83 Failed:0
1694271436525,338,selenium_log_out,Success,True,
.test_2_selenium_z_log_out,Total:84 Passed:84 Failed:0


=============================== warnings summary ===============================
../../root/.bzt/python-packages/3.11.4/_pytest/config/__init__.py:1204
  /root/.bzt/python-packages/3.11.4/_pytest/config/__init__.py:1204: PytestAssertRewriteWarning: Module already imported so cannot be rewritten: apiritif
    self._mark_plugins_for_rewrite(hook)

-- Docs: https://docs.pytest.org/en/stable/how-to/capture-warnings.html
======================== 14 passed, 1 warning in 13.21s ========================
============================= test session starts ==============================
platform linux -- Python 3.11.4, pytest-7.4.2, pluggy-1.3.0
rootdir: /dc-app-performance-toolkit/app
plugins: xdist-3.3.1, apiritif-1.1.3
collected 14 items

selenium_ui/jira_ui.py get driver from global
clear browser cookies
1694271436691,119,selenium_login:open_login_page,Success,True,
node_id:jira-1
1694271438110,1418,selenium_login:login_and_view_dashboard,Success,True,
1694271438111,1539,selenium_login,Success,True,
.test_0_selenium_a_login,Total:85 Passed:85 Failed:0
1694271438639,406,selenium_project_summary,Success,True,
.test_1_selenium_view_project_summary,Total:86 Passed:86 Failed:0
1694271438878,237,selenium_browse_projects_list,Success,True,
.test_1_selenium_browse_projects_list,Total:87 Passed:87 Failed:0
1694271439134,254,selenium_browse_boards_list,Success,True,
.test_1_selenium_browse_boards_list,Total:88 Passed:88 Failed:0
1694271439920,612,selenium_create_issue:open_quick_create,Success,True,
1694271441132,664,selenium_create_issue:fill_and_submit_issue_form:submit_issue_form,Success,True,
1694271441133,1211,selenium_create_issue:fill_and_submit_issue_form,Success,True,
1694271441133,1824,selenium_create_issue,Success,True,
.test_1_selenium_create_issue,Total:89 Passed:89 Failed:0
1694271441902,568,selenium_edit_issue:open_edit_issue_form,Success,True,
1694271443062,805,selenium_edit_issue:save_edit_issue_form,Success,True,
1694271443062,1728,selenium_edit_issue,Success,True,
.test_1_selenium_edit_issue,Total:90 Passed:90 Failed:0
1694271443423,359,selenium_save_comment:open_comment_form,Success,True,
1694271444227,700,selenium_save_comment:submit_form,Success,True,
1694271444227,1164,selenium_save_comment,Success,True,
.test_1_selenium_save_comment,Total:91 Passed:91 Failed:0
1694271445854,1626,selenium_search_jql,Success,True,
.test_1_selenium_search_jql,Total:92 Passed:92 Failed:0
1694271447032,1176,selenium_view_scrum_board_backlog,Success,True,
.test_1_selenium_view_backlog_for_scrum_board,Total:93 Passed:93 Failed:0
1694271448083,1048,selenium_view_scrum_board,Success,True,
.test_1_selenium_view_scrum_board,Total:94 Passed:94 Failed:0
1694271449167,1082,selenium_view_kanban_board,Success,True,
.test_1_selenium_view_kanban_board,Total:95 Passed:95 Failed:0
1694271449720,552,selenium_view_dashboard,Success,True,
.test_1_selenium_view_dashboard,Total:96 Passed:96 Failed:0
1694271450314,592,selenium_view_issue,Success,True,
.test_1_selenium_view_issue,Total:97 Passed:97 Failed:0
1694271450644,328,selenium_log_out,Success,True,
.test_2_selenium_z_log_out,Total:98 Passed:98 Failed:0


=============================== warnings summary ===============================
../../root/.bzt/python-packages/3.11.4/_pytest/config/__init__.py:1204
  /root/.bzt/python-packages/3.11.4/_pytest/config/__init__.py:1204: PytestAssertRewriteWarning: Module already imported so cannot be rewritten: apiritif
    self._mark_plugins_for_rewrite(hook)

-- Docs: https://docs.pytest.org/en/stable/how-to/capture-warnings.html
======================== 14 passed, 1 warning in 14.09s ========================
============================= test session starts ==============================
platform linux -- Python 3.11.4, pytest-7.4.2, pluggy-1.3.0
rootdir: /dc-app-performance-toolkit/app
plugins: xdist-3.3.1, apiritif-1.1.3
collected 14 items

selenium_ui/jira_ui.py get driver from global
clear browser cookies
1694271450802,105,selenium_login:open_login_page,Success,True,
node_id:jira-0
1694271451422,619,selenium_login:login_and_view_dashboard,Success,True,
1694271451422,725,selenium_login,Success,True,
.test_0_selenium_a_login,Total:99 Passed:99 Failed:0
1694271452089,446,selenium_project_summary,Success,True,
.test_1_selenium_view_project_summary,Total:100 Passed:100 Failed:0
1694271452449,359,selenium_browse_projects_list,Success,True,
.test_1_selenium_browse_projects_list,Total:101 Passed:101 Failed:0
1694271452697,246,selenium_browse_boards_list,Success,True,
.test_1_selenium_browse_boards_list,Total:102 Passed:102 Failed:0
1694271453517,621,selenium_create_issue:open_quick_create,Success,True,
1694271454938,689,selenium_create_issue:fill_and_submit_issue_form:submit_issue_form,Success,True,
1694271454938,1420,selenium_create_issue:fill_and_submit_issue_form,Success,True,
1694271454938,2043,selenium_create_issue,Success,True,
.test_1_selenium_create_issue,Total:103 Passed:103 Failed:0
1694271455781,654,selenium_edit_issue:open_edit_issue_form,Success,True,
1694271456714,666,selenium_edit_issue:save_edit_issue_form,Success,True,
1694271456714,1588,selenium_edit_issue,Success,True,
.test_1_selenium_edit_issue,Total:104 Passed:104 Failed:0
1694271457108,393,selenium_save_comment:open_comment_form,Success,True,
1694271457976,777,selenium_save_comment:submit_form,Success,True,
1694271457976,1260,selenium_save_comment,Success,True,
.test_1_selenium_save_comment,Total:105 Passed:105 Failed:0
1694271459556,1578,selenium_search_jql,Success,True,
.test_1_selenium_search_jql,Total:106 Passed:106 Failed:0
1694271460747,1189,selenium_view_scrum_board_backlog,Success,True,
.test_1_selenium_view_backlog_for_scrum_board,Total:107 Passed:107 Failed:0
1694271461670,922,selenium_view_scrum_board,Success,True,
.test_1_selenium_view_scrum_board,Total:108 Passed:108 Failed:0
1694271462539,868,selenium_view_kanban_board,Success,True,
.test_1_selenium_view_kanban_board,Total:109 Passed:109 Failed:0
1694271463145,604,selenium_view_dashboard,Success,True,
.test_1_selenium_view_dashboard,Total:110 Passed:110 Failed:0
1694271463720,573,selenium_view_issue,Success,True,
.test_1_selenium_view_issue,Total:111 Passed:111 Failed:0
1694271464032,310,selenium_log_out,Success,True,
.test_2_selenium_z_log_out,Total:112 Passed:112 Failed:0


=============================== warnings summary ===============================
../../root/.bzt/python-packages/3.11.4/_pytest/config/__init__.py:1204
  /root/.bzt/python-packages/3.11.4/_pytest/config/__init__.py:1204: PytestAssertRewriteWarning: Module already imported so cannot be rewritten: apiritif
    self._mark_plugins_for_rewrite(hook)

-- Docs: https://docs.pytest.org/en/stable/how-to/capture-warnings.html
======================== 14 passed, 1 warning in 13.36s ========================
============================= test session starts ==============================
platform linux -- Python 3.11.4, pytest-7.4.2, pluggy-1.3.0
rootdir: /dc-app-performance-toolkit/app
plugins: xdist-3.3.1, apiritif-1.1.3
collected 14 items

selenium_ui/jira_ui.py get driver from global
clear browser cookies
1694271464188,109,selenium_login:open_login_page,Success,True,
node_id:jira-1
1694271464780,592,selenium_login:login_and_view_dashboard,Success,True,
1694271464781,702,selenium_login,Success,True,
.test_0_selenium_a_login,Total:113 Passed:113 Failed:0
1694271465431,406,selenium_project_summary,Success,True,
.test_1_selenium_view_project_summary,Total:114 Passed:114 Failed:0
1694271465719,286,selenium_browse_projects_list,Success,True,
.test_1_selenium_browse_projects_list,Total:115 Passed:115 Failed:0
1694271465974,254,selenium_browse_boards_list,Success,True,
.test_1_selenium_browse_boards_list,Total:116 Passed:116 Failed:0
1694271466864,666,selenium_create_issue:open_quick_create,Success,True,
1694271468149,676,selenium_create_issue:fill_and_submit_issue_form:submit_issue_form,Success,True,
1694271468149,1285,selenium_create_issue:fill_and_submit_issue_form,Success,True,
1694271468150,1952,selenium_create_issue,Success,True,
.test_1_selenium_create_issue,Total:117 Passed:117 Failed:0
1694271468994,623,selenium_edit_issue:open_edit_issue_form,Success,True,
1694271469920,572,selenium_edit_issue:save_edit_issue_form,Success,True,
1694271469920,1549,selenium_edit_issue,Success,True,
.test_1_selenium_edit_issue,Total:118 Passed:118 Failed:0
1694271470336,415,selenium_save_comment:open_comment_form,Success,True,
1694271471226,796,selenium_save_comment:submit_form,Success,True,
1694271471226,1305,selenium_save_comment,Success,True,
.test_1_selenium_save_comment,Total:119 Passed:119 Failed:0
1694271472913,1685,selenium_search_jql,Success,True,
.test_1_selenium_search_jql,Total:120 Passed:120 Failed:0
1694271474065,1150,selenium_view_scrum_board_backlog,Success,True,
.test_1_selenium_view_backlog_for_scrum_board,Total:121 Passed:121 Failed:0
1694271474935,869,selenium_view_scrum_board,Success,True,
.test_1_selenium_view_scrum_board,Total:122 Passed:122 Failed:0
1694271476030,1093,selenium_view_kanban_board,Success,True,
.test_1_selenium_view_kanban_board,Total:123 Passed:123 Failed:0
1694271476660,629,selenium_view_dashboard,Success,True,
.test_1_selenium_view_dashboard,Total:124 Passed:124 Failed:0
1694271477231,569,selenium_view_issue,Success,True,
.test_1_selenium_view_issue,Total:125 Passed:125 Failed:0
1694271477591,358,selenium_log_out,Success,True,
.test_2_selenium_z_log_out,Total:126 Passed:126 Failed:0


=============================== warnings summary ===============================
../../root/.bzt/python-packages/3.11.4/_pytest/config/__init__.py:1204
  /root/.bzt/python-packages/3.11.4/_pytest/config/__init__.py:1204: PytestAssertRewriteWarning: Module already imported so cannot be rewritten: apiritif
    self._mark_plugins_for_rewrite(hook)

-- Docs: https://docs.pytest.org/en/stable/how-to/capture-warnings.html
======================== 14 passed, 1 warning in 13.53s ========================
============================= test session starts ==============================
platform linux -- Python 3.11.4, pytest-7.4.2, pluggy-1.3.0
rootdir: /dc-app-performance-toolkit/app
plugins: xdist-3.3.1, apiritif-1.1.3
collected 14 items

selenium_ui/jira_ui.py get driver from global
clear browser cookies
1694271477770,114,selenium_login:open_login_page,Success,True,
node_id:jira-1
1694271478343,572,selenium_login:login_and_view_dashboard,Success,True,
1694271478343,687,selenium_login,Success,True,
.test_0_selenium_a_login,Total:127 Passed:127 Failed:0
1694271479069,455,selenium_project_summary,Success,True,
.test_1_selenium_view_project_summary,Total:128 Passed:128 Failed:0
1694271479336,265,selenium_browse_projects_list,Success,True,
.test_1_selenium_browse_projects_list,Total:129 Passed:129 Failed:0
1694271479685,347,selenium_browse_boards_list,Success,True,
.test_1_selenium_browse_boards_list,Total:130 Passed:130 Failed:0
1694271480573,617,selenium_create_issue:open_quick_create,Success,True,
1694271481814,683,selenium_create_issue:fill_and_submit_issue_form:submit_issue_form,Success,True,
1694271481814,1240,selenium_create_issue:fill_and_submit_issue_form,Success,True,
1694271481814,1858,selenium_create_issue,Success,True,
.test_1_selenium_create_issue,Total:131 Passed:131 Failed:0
1694271482691,613,selenium_edit_issue:open_edit_issue_form,Success,True,
1694271483596,539,selenium_edit_issue:save_edit_issue_form,Success,True,
1694271483596,1517,selenium_edit_issue,Success,True,
.test_1_selenium_edit_issue,Total:132 Passed:132 Failed:0
1694271483943,345,selenium_save_comment:open_comment_form,Success,True,
1694271484821,782,selenium_save_comment:submit_form,Success,True,
1694271484821,1223,selenium_save_comment,Success,True,
.test_1_selenium_save_comment,Total:133 Passed:133 Failed:0
1694271486492,1670,selenium_search_jql,Success,True,
.test_1_selenium_search_jql,Total:134 Passed:134 Failed:0
1694271487613,1119,selenium_view_scrum_board_backlog,Success,True,
.test_1_selenium_view_backlog_for_scrum_board,Total:135 Passed:135 Failed:0
1694271488530,915,selenium_view_scrum_board,Success,True,
.test_1_selenium_view_scrum_board,Total:136 Passed:136 Failed:0
1694271489658,1126,selenium_view_kanban_board,Success,True,
.test_1_selenium_view_kanban_board,Total:137 Passed:137 Failed:0
1694271490273,613,selenium_view_dashboard,Success,True,
.test_1_selenium_view_dashboard,Total:138 Passed:138 Failed:0
1694271490865,589,selenium_view_issue,Success,True,
.test_1_selenium_view_issue,Total:139 Passed:139 Failed:0
1694271491186,320,selenium_log_out,Success,True,
.test_2_selenium_z_log_out,Total:140 Passed:140 Failed:0


=============================== warnings summary ===============================
../../root/.bzt/python-packages/3.11.4/_pytest/config/__init__.py:1204
  /root/.bzt/python-packages/3.11.4/_pytest/config/__init__.py:1204: PytestAssertRewriteWarning: Module already imported so cannot be rewritten: apiritif
    self._mark_plugins_for_rewrite(hook)

-- Docs: https://docs.pytest.org/en/stable/how-to/capture-warnings.html
======================== 14 passed, 1 warning in 13.55s ========================
============================= test session starts ==============================
platform linux -- Python 3.11.4, pytest-7.4.2, pluggy-1.3.0
rootdir: /dc-app-performance-toolkit/app
plugins: xdist-3.3.1, apiritif-1.1.3
collected 14 items

selenium_ui/jira_ui.py get driver from global
clear browser cookies
1694271491350,115,selenium_login:open_login_page,Success,True,
node_id:jira-1
1694271491857,506,selenium_login:login_and_view_dashboard,Success,True,
1694271491857,622,selenium_login,Success,True,
.test_0_selenium_a_login,Total:141 Passed:141 Failed:0
1694271492583,389,selenium_project_summary,Success,True,
.test_1_selenium_view_project_summary,Total:142 Passed:142 Failed:0
1694271492862,277,selenium_browse_projects_list,Success,True,
.test_1_selenium_browse_projects_list,Total:143 Passed:143 Failed:0
1694271493123,258,selenium_browse_boards_list,Success,True,
.test_1_selenium_browse_boards_list,Total:144 Passed:144 Failed:0
1694271494034,625,selenium_create_issue:open_quick_create,Success,True,
1694271495324,687,selenium_create_issue:fill_and_submit_issue_form:submit_issue_form,Success,True,
1694271495325,1290,selenium_create_issue:fill_and_submit_issue_form,Success,True,
1694271495325,1916,selenium_create_issue,Success,True,
.test_1_selenium_create_issue,Total:145 Passed:145 Failed:0
1694271496238,624,selenium_edit_issue:open_edit_issue_form,Success,True,
1694271497160,573,selenium_edit_issue:save_edit_issue_form,Success,True,
1694271497161,1547,selenium_edit_issue,Success,True,
.test_1_selenium_edit_issue,Total:146 Passed:146 Failed:0
1694271497594,431,selenium_save_comment:open_comment_form,Success,True,
1694271498482,796,selenium_save_comment:submit_form,Success,True,
1694271498482,1319,selenium_save_comment,Success,True,
.test_1_selenium_save_comment,Total:147 Passed:147 Failed:0
1694271500178,1694,selenium_search_jql,Success,True,
.test_1_selenium_search_jql,Total:148 Passed:148 Failed:0
1694271501174,994,selenium_view_scrum_board_backlog,Success,True,
.test_1_selenium_view_backlog_for_scrum_board,Total:149 Passed:149 Failed:0
1694271502131,955,selenium_view_scrum_board,Success,True,
.test_1_selenium_view_scrum_board,Total:150 Passed:150 Failed:0
1694271503063,931,selenium_view_kanban_board,Success,True,
.test_1_selenium_view_kanban_board,Total:151 Passed:151 Failed:0
1694271503629,564,selenium_view_dashboard,Success,True,
.test_1_selenium_view_dashboard,Total:152 Passed:152 Failed:0
1694271504186,555,selenium_view_issue,Success,True,
.test_1_selenium_view_issue,Total:153 Passed:153 Failed:0
1694271504668,481,selenium_log_out,Success,True,
.test_2_selenium_z_log_out,Total:154 Passed:154 Failed:0


=============================== warnings summary ===============================
../../root/.bzt/python-packages/3.11.4/_pytest/config/__init__.py:1204
  /root/.bzt/python-packages/3.11.4/_pytest/config/__init__.py:1204: PytestAssertRewriteWarning: Module already imported so cannot be rewritten: apiritif
    self._mark_plugins_for_rewrite(hook)

-- Docs: https://docs.pytest.org/en/stable/how-to/capture-warnings.html
======================== 14 passed, 1 warning in 13.45s ========================
============================= test session starts ==============================
platform linux -- Python 3.11.4, pytest-7.4.2, pluggy-1.3.0
rootdir: /dc-app-performance-toolkit/app
plugins: xdist-3.3.1, apiritif-1.1.3
collected 14 items

selenium_ui/jira_ui.py get driver from global
clear browser cookies
1694271504823,106,selenium_login:open_login_page,Success,True,
node_id:jira-1
1694271506105,1281,selenium_login:login_and_view_dashboard,Success,True,
1694271506105,1388,selenium_login,Success,True,
.test_0_selenium_a_login,Total:155 Passed:155 Failed:0
1694271506749,401,selenium_project_summary,Success,True,
.test_1_selenium_view_project_summary,Total:156 Passed:156 Failed:0
1694271506992,241,selenium_browse_projects_list,Success,True,
.test_1_selenium_browse_projects_list,Total:157 Passed:157 Failed:0
1694271507235,241,selenium_browse_boards_list,Success,True,
.test_1_selenium_browse_boards_list,Total:158 Passed:158 Failed:0
1694271508174,613,selenium_create_issue:open_quick_create,Success,True,
1694271509496,708,selenium_create_issue:fill_and_submit_issue_form:submit_issue_form,Success,True,
1694271509496,1321,selenium_create_issue:fill_and_submit_issue_form,Success,True,
1694271509496,1935,selenium_create_issue,Success,True,
.test_1_selenium_create_issue,Total:159 Passed:159 Failed:0
1694271510528,708,selenium_edit_issue:open_edit_issue_form,Success,True,
1694271511345,551,selenium_edit_issue:save_edit_issue_form,Success,True,
1694271511345,1525,selenium_edit_issue,Success,True,
.test_1_selenium_edit_issue,Total:160 Passed:160 Failed:0
1694271511708,361,selenium_save_comment:open_comment_form,Success,True,
1694271512609,806,selenium_save_comment:submit_form,Success,True,
1694271512610,1263,selenium_save_comment,Success,True,
.test_1_selenium_save_comment,Total:161 Passed:161 Failed:0
1694271513501,889,selenium_search_jql,Success,True,
.test_1_selenium_search_jql,Total:162 Passed:162 Failed:0
1694271514485,983,selenium_view_scrum_board_backlog,Success,True,
.test_1_selenium_view_backlog_for_scrum_board,Total:163 Passed:163 Failed:0
1694271515006,519,selenium_view_scrum_board,Success,True,
.test_1_selenium_view_scrum_board,Total:164 Passed:164 Failed:0
1694271516169,1161,selenium_view_kanban_board,Success,True,
.test_1_selenium_view_kanban_board,Total:165 Passed:165 Failed:0
1694271516554,384,selenium_view_dashboard,Success,True,
.test_1_selenium_view_dashboard,Total:166 Passed:166 Failed:0
1694271517152,596,selenium_view_issue,Success,True,
.test_1_selenium_view_issue,Total:167 Passed:167 Failed:0
1694271517476,322,selenium_log_out,Success,True,
.test_2_selenium_z_log_out,Total:168 Passed:168 Failed:0


=============================== warnings summary ===============================
../../root/.bzt/python-packages/3.11.4/_pytest/config/__init__.py:1204
  /root/.bzt/python-packages/3.11.4/_pytest/config/__init__.py:1204: PytestAssertRewriteWarning: Module already imported so cannot be rewritten: apiritif
    self._mark_plugins_for_rewrite(hook)

-- Docs: https://docs.pytest.org/en/stable/how-to/capture-warnings.html
======================== 14 passed, 1 warning in 12.78s ========================
============================= test session starts ==============================
platform linux -- Python 3.11.4, pytest-7.4.2, pluggy-1.3.0
rootdir: /dc-app-performance-toolkit/app
plugins: xdist-3.3.1, apiritif-1.1.3
collected 14 items

selenium_ui/jira_ui.py get driver from global
clear browser cookies
1694271517635,109,selenium_login:open_login_page,Success,True,
node_id:jira-0
1694271518961,1325,selenium_login:login_and_view_dashboard,Success,True,
1694271518961,1435,selenium_login,Success,True,
.test_0_selenium_a_login,Total:169 Passed:169 Failed:0
1694271519619,391,selenium_project_summary,Success,True,
.test_1_selenium_view_project_summary,Total:170 Passed:170 Failed:0
1694271519900,280,selenium_browse_projects_list,Success,True,
.test_1_selenium_browse_projects_list,Total:171 Passed:171 Failed:0
1694271520163,261,selenium_browse_boards_list,Success,True,
.test_1_selenium_browse_boards_list,Total:172 Passed:172 Failed:0
1694271521135,622,selenium_create_issue:open_quick_create,Success,True,
1694271522455,718,selenium_create_issue:fill_and_submit_issue_form:submit_issue_form,Success,True,
1694271522455,1320,selenium_create_issue:fill_and_submit_issue_form,Success,True,
1694271522455,1942,selenium_create_issue,Success,True,
.test_1_selenium_create_issue,Total:173 Passed:173 Failed:0
1694271523487,673,selenium_edit_issue:open_edit_issue_form,Success,True,
1694271524365,611,selenium_edit_issue:save_edit_issue_form,Success,True,
1694271524365,1551,selenium_edit_issue,Success,True,
.test_1_selenium_edit_issue,Total:174 Passed:174 Failed:0
1694271524725,358,selenium_save_comment:open_comment_form,Success,True,
1694271525619,801,selenium_save_comment:submit_form,Success,True,
1694271525620,1253,selenium_save_comment,Success,True,
.test_1_selenium_save_comment,Total:175 Passed:175 Failed:0
1694271526537,916,selenium_search_jql,Success,True,
.test_1_selenium_search_jql,Total:176 Passed:176 Failed:0
1694271527568,1029,selenium_view_scrum_board_backlog,Success,True,
.test_1_selenium_view_backlog_for_scrum_board,Total:177 Passed:177 Failed:0
1694271528503,933,selenium_view_scrum_board,Success,True,
.test_1_selenium_view_scrum_board,Total:178 Passed:178 Failed:0
1694271529444,940,selenium_view_kanban_board,Success,True,
.test_1_selenium_view_kanban_board,Total:179 Passed:179 Failed:0
1694271529828,382,selenium_view_dashboard,Success,True,
.test_1_selenium_view_dashboard,Total:180 Passed:180 Failed:0
1694271530414,584,selenium_view_issue,Success,True,
.test_1_selenium_view_issue,Total:181 Passed:181 Failed:0
1694271530742,326,selenium_log_out,Success,True,
.test_2_selenium_z_log_out,Total:182 Passed:182 Failed:0


=============================== warnings summary ===============================
../../root/.bzt/python-packages/3.11.4/_pytest/config/__init__.py:1204
  /root/.bzt/python-packages/3.11.4/_pytest/config/__init__.py:1204: PytestAssertRewriteWarning: Module already imported so cannot be rewritten: apiritif
    self._mark_plugins_for_rewrite(hook)

-- Docs: https://docs.pytest.org/en/stable/how-to/capture-warnings.html
======================== 14 passed, 1 warning in 13.23s ========================
============================= test session starts ==============================
platform linux -- Python 3.11.4, pytest-7.4.2, pluggy-1.3.0
rootdir: /dc-app-performance-toolkit/app
plugins: xdist-3.3.1, apiritif-1.1.3
collected 14 items

selenium_ui/jira_ui.py get driver from global
clear browser cookies
1694271530901,108,selenium_login:open_login_page,Success,True,
node_id:jira-1
1694271531560,658,selenium_login:login_and_view_dashboard,Success,True,
1694271531560,767,selenium_login,Success,True,
.test_0_selenium_a_login,Total:183 Passed:183 Failed:0
1694271532392,441,selenium_project_summary,Success,True,
.test_1_selenium_view_project_summary,Total:184 Passed:184 Failed:0
1694271532661,267,selenium_browse_projects_list,Success,True,
.test_1_selenium_browse_projects_list,Total:185 Passed:185 Failed:0
1694271533532,869,selenium_browse_boards_list,Success,True,
.test_1_selenium_browse_boards_list,Total:186 Passed:186 Failed:0
1694271534544,624,selenium_create_issue:open_quick_create,Success,True,
1694271535936,725,selenium_create_issue:fill_and_submit_issue_form:submit_issue_form,Success,True,
1694271535937,1392,selenium_create_issue:fill_and_submit_issue_form,Success,True,
1694271535937,2017,selenium_create_issue,Success,True,
.test_1_selenium_create_issue,Total:187 Passed:187 Failed:0
1694271536886,579,selenium_edit_issue:open_edit_issue_form,Success,True,
1694271537854,616,selenium_edit_issue:save_edit_issue_form,Success,True,
1694271537854,1548,selenium_edit_issue,Success,True,
.test_1_selenium_edit_issue,Total:188 Passed:188 Failed:0
1694271538336,480,selenium_save_comment:open_comment_form,Success,True,
1694271539236,808,selenium_save_comment:submit_form,Success,True,
1694271539236,1379,selenium_save_comment,Success,True,
.test_1_selenium_save_comment,Total:189 Passed:189 Failed:0
1694271540214,976,selenium_search_jql,Success,True,
.test_1_selenium_search_jql,Total:190 Passed:190 Failed:0
1694271541340,1124,selenium_view_scrum_board_backlog,Success,True,
.test_1_selenium_view_backlog_for_scrum_board,Total:191 Passed:191 Failed:0
1694271542288,947,selenium_view_scrum_board,Success,True,
.test_1_selenium_view_scrum_board,Total:192 Passed:192 Failed:0
1694271542815,526,selenium_view_kanban_board,Success,True,
.test_1_selenium_view_kanban_board,Total:193 Passed:193 Failed:0
1694271543242,425,selenium_view_dashboard,Success,True,
.test_1_selenium_view_dashboard,Total:194 Passed:194 Failed:0
1694271543830,587,selenium_view_issue,Success,True,
.test_1_selenium_view_issue,Total:195 Passed:195 Failed:0
1694271544163,331,selenium_log_out,Success,True,
.test_2_selenium_z_log_out,Total:196 Passed:196 Failed:0


=============================== warnings summary ===============================
../../root/.bzt/python-packages/3.11.4/_pytest/config/__init__.py:1204
  /root/.bzt/python-packages/3.11.4/_pytest/config/__init__.py:1204: PytestAssertRewriteWarning: Module already imported so cannot be rewritten: apiritif
    self._mark_plugins_for_rewrite(hook)

-- Docs: https://docs.pytest.org/en/stable/how-to/capture-warnings.html
======================== 14 passed, 1 warning in 13.39s ========================
============================= test session starts ==============================
platform linux -- Python 3.11.4, pytest-7.4.2, pluggy-1.3.0
rootdir: /dc-app-performance-toolkit/app
plugins: xdist-3.3.1, apiritif-1.1.3
collected 14 items

selenium_ui/jira_ui.py get driver from global
clear browser cookies
1694271544328,116,selenium_login:open_login_page,Success,True,
node_id:jira-1
1694271545724,1395,selenium_login:login_and_view_dashboard,Success,True,
1694271545724,1512,selenium_login,Success,True,
.test_0_selenium_a_login,Total:197 Passed:197 Failed:0
1694271546468,424,selenium_project_summary,Success,True,
.test_1_selenium_view_project_summary,Total:198 Passed:198 Failed:0
1694271546708,238,selenium_browse_projects_list,Success,True,
.test_1_selenium_browse_projects_list,Total:199 Passed:199 Failed:0
1694271546956,246,selenium_browse_boards_list,Success,True,
.test_1_selenium_browse_boards_list,Total:200 Passed:200 Failed:0
1694271547981,632,selenium_create_issue:open_quick_create,Success,True,
1694271549393,730,selenium_create_issue:fill_and_submit_issue_form:submit_issue_form,Success,True,
1694271549393,1412,selenium_create_issue:fill_and_submit_issue_form,Success,True,
1694271549393,2045,selenium_create_issue,Success,True,
.test_1_selenium_create_issue,Total:201 Passed:201 Failed:0
1694271550371,573,selenium_edit_issue:open_edit_issue_form,Success,True,
1694271551250,520,selenium_edit_issue:save_edit_issue_form,Success,True,
1694271551250,1451,selenium_edit_issue,Success,True,
.test_1_selenium_edit_issue,Total:202 Passed:202 Failed:0
1694271551669,417,selenium_save_comment:open_comment_form,Success,True,
1694271552499,739,selenium_save_comment:submit_form,Success,True,
1694271552499,1248,selenium_save_comment,Success,True,
.test_1_selenium_save_comment,Total:203 Passed:203 Failed:0
1694271553471,970,selenium_search_jql,Success,True,
.test_1_selenium_search_jql,Total:204 Passed:204 Failed:0
1694271554494,1022,selenium_view_scrum_board_backlog,Success,True,
.test_1_selenium_view_backlog_for_scrum_board,Total:205 Passed:205 Failed:0
1694271555499,1004,selenium_view_scrum_board,Success,True,
.test_1_selenium_view_scrum_board,Total:206 Passed:206 Failed:0
1694271556758,1257,selenium_view_kanban_board,Success,True,
.test_1_selenium_view_kanban_board,Total:207 Passed:207 Failed:0
1694271557136,376,selenium_view_dashboard,Success,True,
.test_1_selenium_view_dashboard,Total:208 Passed:208 Failed:0
1694271557689,551,selenium_view_issue,Success,True,
.test_1_selenium_view_issue,Total:209 Passed:209 Failed:0
1694271558007,316,selenium_log_out,Success,True,
.test_2_selenium_z_log_out,Total:210 Passed:210 Failed:0


=============================== warnings summary ===============================
../../root/.bzt/python-packages/3.11.4/_pytest/config/__init__.py:1204
  /root/.bzt/python-packages/3.11.4/_pytest/config/__init__.py:1204: PytestAssertRewriteWarning: Module already imported so cannot be rewritten: apiritif
    self._mark_plugins_for_rewrite(hook)

-- Docs: https://docs.pytest.org/en/stable/how-to/capture-warnings.html
======================== 14 passed, 1 warning in 13.81s ========================
============================= test session starts ==============================
platform linux -- Python 3.11.4, pytest-7.4.2, pluggy-1.3.0
rootdir: /dc-app-performance-toolkit/app
plugins: xdist-3.3.1, apiritif-1.1.3
collected 14 items

selenium_ui/jira_ui.py get driver from global
clear browser cookies
1694271558163,108,selenium_login:open_login_page,Success,True,
node_id:jira-1
1694271558700,537,selenium_login:login_and_view_dashboard,Success,True,
1694271558700,646,selenium_login,Success,True,
.test_0_selenium_a_login,Total:211 Passed:211 Failed:0
1694271559591,441,selenium_project_summary,Success,True,
.test_1_selenium_view_project_summary,Total:212 Passed:212 Failed:0
1694271559891,298,selenium_browse_projects_list,Success,True,
.test_1_selenium_browse_projects_list,Total:213 Passed:213 Failed:0
1694271560177,285,selenium_browse_boards_list,Success,True,
.test_1_selenium_browse_boards_list,Total:214 Passed:214 Failed:0
1694271561274,641,selenium_create_issue:open_quick_create,Success,True,
1694271562718,777,selenium_create_issue:fill_and_submit_issue_form:submit_issue_form,Success,True,
1694271562718,1444,selenium_create_issue:fill_and_submit_issue_form,Success,True,
1694271562718,2086,selenium_create_issue,Success,True,
.test_1_selenium_create_issue,Total:215 Passed:215 Failed:0
1694271563781,618,selenium_edit_issue:open_edit_issue_form,Success,True,
1694271564676,525,selenium_edit_issue:save_edit_issue_form,Success,True,
1694271564676,1513,selenium_edit_issue,Success,True,
.test_1_selenium_edit_issue,Total:216 Passed:216 Failed:0
1694271565020,343,selenium_save_comment:open_comment_form,Success,True,
1694271565987,877,selenium_save_comment:submit_form,Success,True,
1694271565987,1310,selenium_save_comment,Success,True,
.test_1_selenium_save_comment,Total:217 Passed:217 Failed:0
1694271566940,952,selenium_search_jql,Success,True,
.test_1_selenium_search_jql,Total:218 Passed:218 Failed:0
1694271567974,1032,selenium_view_scrum_board_backlog,Success,True,
.test_1_selenium_view_backlog_for_scrum_board,Total:219 Passed:219 Failed:0
1694271568428,453,selenium_view_scrum_board,Success,True,
.test_1_selenium_view_scrum_board,Total:220 Passed:220 Failed:0
1694271569555,1124,selenium_view_kanban_board,Success,True,
.test_1_selenium_view_kanban_board,Total:221 Passed:221 Failed:0
1694271570223,666,selenium_view_dashboard,Success,True,
.test_1_selenium_view_dashboard,Total:222 Passed:222 Failed:0
1694271570819,595,selenium_view_issue,Success,True,
.test_1_selenium_view_issue,Total:223 Passed:223 Failed:0
1694271571186,365,selenium_log_out,Success,True,
.test_2_selenium_z_log_out,Total:224 Passed:224 Failed:0


=============================== warnings summary ===============================
../../root/.bzt/python-packages/3.11.4/_pytest/config/__init__.py:1204
  /root/.bzt/python-packages/3.11.4/_pytest/config/__init__.py:1204: PytestAssertRewriteWarning: Module already imported so cannot be rewritten: apiritif
    self._mark_plugins_for_rewrite(hook)

-- Docs: https://docs.pytest.org/en/stable/how-to/capture-warnings.html
======================== 14 passed, 1 warning in 13.15s ========================
============================= test session starts ==============================
platform linux -- Python 3.11.4, pytest-7.4.2, pluggy-1.3.0
rootdir: /dc-app-performance-toolkit/app
plugins: xdist-3.3.1, apiritif-1.1.3
collected 14 items

selenium_ui/jira_ui.py get driver from global
clear browser cookies
1694271571403,170,selenium_login:open_login_page,Success,True,
node_id:jira-1
1694271572762,1358,selenium_login:login_and_view_dashboard,Success,True,
1694271572762,1529,selenium_login,Success,True,
.test_0_selenium_a_login,Total:225 Passed:225 Failed:0
1694271573562,424,selenium_project_summary,Success,True,
.test_1_selenium_view_project_summary,Total:226 Passed:226 Failed:0
1694271573818,254,selenium_browse_projects_list,Success,True,
.test_1_selenium_browse_projects_list,Total:227 Passed:227 Failed:0
1694271574056,236,selenium_browse_boards_list,Success,True,
.test_1_selenium_browse_boards_list,Total:228 Passed:228 Failed:0
1694271575176,619,selenium_create_issue:open_quick_create,Success,True,
1694271576484,754,selenium_create_issue:fill_and_submit_issue_form:submit_issue_form,Success,True,
1694271576484,1308,selenium_create_issue:fill_and_submit_issue_form,Success,True,
1694271576484,1928,selenium_create_issue,Success,True,
.test_1_selenium_create_issue,Total:229 Passed:229 Failed:0
1694271577626,697,selenium_edit_issue:open_edit_issue_form,Success,True,
1694271578633,734,selenium_edit_issue:save_edit_issue_form,Success,True,
1694271578633,1704,selenium_edit_issue,Success,True,
.test_1_selenium_edit_issue,Total:230 Passed:230 Failed:0
1694271578974,340,selenium_save_comment:open_comment_form,Success,True,
1694271579835,773,selenium_save_comment:submit_form,Success,True,
1694271579835,1200,selenium_save_comment,Success,True,
.test_1_selenium_save_comment,Total:231 Passed:231 Failed:0
1694271580767,930,selenium_search_jql,Success,True,
.test_1_selenium_search_jql,Total:232 Passed:232 Failed:0
1694271581916,1148,selenium_view_scrum_board_backlog,Success,True,
.test_1_selenium_view_backlog_for_scrum_board,Total:233 Passed:233 Failed:0
1694271582863,945,selenium_view_scrum_board,Success,True,
.test_1_selenium_view_scrum_board,Total:234 Passed:234 Failed:0
1694271584012,1147,selenium_view_kanban_board,Success,True,
.test_1_selenium_view_kanban_board,Total:235 Passed:235 Failed:0
1694271584373,360,selenium_view_dashboard,Success,True,
.test_1_selenium_view_dashboard,Total:236 Passed:236 Failed:0
1694271584926,552,selenium_view_issue,Success,True,
.test_1_selenium_view_issue,Total:237 Passed:237 Failed:0
1694271585256,327,selenium_log_out,Success,True,
.test_2_selenium_z_log_out,Total:238 Passed:238 Failed:0


=============================== warnings summary ===============================
../../root/.bzt/python-packages/3.11.4/_pytest/config/__init__.py:1204
  /root/.bzt/python-packages/3.11.4/_pytest/config/__init__.py:1204: PytestAssertRewriteWarning: Module already imported so cannot be rewritten: apiritif
    self._mark_plugins_for_rewrite(hook)

-- Docs: https://docs.pytest.org/en/stable/how-to/capture-warnings.html
======================== 14 passed, 1 warning in 14.04s ========================
============================= test session starts ==============================
platform linux -- Python 3.11.4, pytest-7.4.2, pluggy-1.3.0
rootdir: /dc-app-performance-toolkit/app
plugins: xdist-3.3.1, apiritif-1.1.3
collected 14 items

selenium_ui/jira_ui.py get driver from global
clear browser cookies
1694271585413,111,selenium_login:open_login_page,Success,True,
node_id:jira-0
1694271586739,1326,selenium_login:login_and_view_dashboard,Success,True,
1694271586740,1438,selenium_login,Success,True,
.test_0_selenium_a_login,Total:239 Passed:239 Failed:0
1694271587521,393,selenium_project_summary,Success,True,
.test_1_selenium_view_project_summary,Total:240 Passed:240 Failed:0
1694271587778,254,selenium_browse_projects_list,Success,True,
.test_1_selenium_browse_projects_list,Total:241 Passed:241 Failed:0
1694271588011,231,selenium_browse_boards_list,Success,True,
.test_1_selenium_browse_boards_list,Total:242 Passed:242 Failed:0
1694271589121,622,selenium_create_issue:open_quick_create,Success,True,
1694271590500,761,selenium_create_issue:fill_and_submit_issue_form:submit_issue_form,Success,True,
1694271590500,1379,selenium_create_issue:fill_and_submit_issue_form,Success,True,
1694271590500,2001,selenium_create_issue,Success,True,
.test_1_selenium_create_issue,Total:243 Passed:243 Failed:0
1694271591641,667,selenium_edit_issue:open_edit_issue_form,Success,True,
1694271592396,500,selenium_edit_issue:save_edit_issue_form,Success,True,
1694271592396,1422,selenium_edit_issue,Success,True,
.test_1_selenium_edit_issue,Total:244 Passed:244 Failed:0
1694271592733,335,selenium_save_comment:open_comment_form,Success,True,
1694271593561,735,selenium_save_comment:submit_form,Success,True,
1694271593561,1164,selenium_save_comment,Success,True,
.test_1_selenium_save_comment,Total:245 Passed:245 Failed:0
1694271594420,857,selenium_search_jql,Success,True,
.test_1_selenium_search_jql,Total:246 Passed:246 Failed:0
1694271595640,1219,selenium_view_scrum_board_backlog,Success,True,
.test_1_selenium_view_backlog_for_scrum_board,Total:247 Passed:247 Failed:0
1694271596643,1001,selenium_view_scrum_board,Success,True,
.test_1_selenium_view_scrum_board,Total:248 Passed:248 Failed:0
1694271598047,1403,selenium_view_kanban_board,Success,True,
.test_1_selenium_view_kanban_board,Total:249 Passed:249 Failed:0
1694271598405,356,selenium_view_dashboard,Success,True,
.test_1_selenium_view_dashboard,Total:250 Passed:250 Failed:0
1694271598971,564,selenium_view_issue,Success,True,
.test_1_selenium_view_issue,Total:251 Passed:251 Failed:0
1694271599289,316,selenium_log_out,Success,True,
.test_2_selenium_z_log_out,Total:252 Passed:252 Failed:0


=============================== warnings summary ===============================
../../root/.bzt/python-packages/3.11.4/_pytest/config/__init__.py:1204
  /root/.bzt/python-packages/3.11.4/_pytest/config/__init__.py:1204: PytestAssertRewriteWarning: Module already imported so cannot be rewritten: apiritif
    self._mark_plugins_for_rewrite(hook)

-- Docs: https://docs.pytest.org/en/stable/how-to/capture-warnings.html
======================== 14 passed, 1 warning in 14.00s ========================
============================= test session starts ==============================
platform linux -- Python 3.11.4, pytest-7.4.2, pluggy-1.3.0
rootdir: /dc-app-performance-toolkit/app
plugins: xdist-3.3.1, apiritif-1.1.3
collected 14 items

selenium_ui/jira_ui.py get driver from global
clear browser cookies
1694271599445,107,selenium_login:open_login_page,Success,True,
node_id:jira-0
1694271600810,1364,selenium_login:login_and_view_dashboard,Success,True,
1694271600810,1473,selenium_login,Success,True,
.test_0_selenium_a_login,Total:253 Passed:253 Failed:0
1694271601598,409,selenium_project_summary,Success,True,
.test_1_selenium_view_project_summary,Total:254 Passed:254 Failed:0
1694271601880,281,selenium_browse_projects_list,Success,True,
.test_1_selenium_browse_projects_list,Total:255 Passed:255 Failed:0
1694271602780,898,selenium_browse_boards_list,Success,True,
.test_1_selenium_browse_boards_list,Total:256 Passed:256 Failed:0
1694271603937,627,selenium_create_issue:open_quick_create,Success,True,
1694271605344,768,selenium_create_issue:fill_and_submit_issue_form:submit_issue_form,Success,True,
1694271605344,1407,selenium_create_issue:fill_and_submit_issue_form,Success,True,
1694271605345,2035,selenium_create_issue,Success,True,
.test_1_selenium_create_issue,Total:257 Passed:257 Failed:0
1694271606291,431,selenium_edit_issue:open_edit_issue_form,Success,True,
1694271607442,660,selenium_edit_issue:save_edit_issue_form,Success,True,
1694271607442,1582,selenium_edit_issue,Success,True,
.test_1_selenium_edit_issue,Total:258 Passed:258 Failed:0
1694271607838,394,selenium_save_comment:open_comment_form,Success,True,
1694271608641,707,selenium_save_comment:submit_form,Success,True,
1694271608641,1197,selenium_save_comment,Success,True,
.test_1_selenium_save_comment,Total:259 Passed:259 Failed:0
1694271609586,943,selenium_search_jql,Success,True,
.test_1_selenium_search_jql,Total:260 Passed:260 Failed:0
1694271610594,1006,selenium_view_scrum_board_backlog,Success,True,
.test_1_selenium_view_backlog_for_scrum_board,Total:261 Passed:261 Failed:0
1694271611072,477,selenium_view_scrum_board,Success,True,
.test_1_selenium_view_scrum_board,Total:262 Passed:262 Failed:0
1694271612534,1460,selenium_view_kanban_board,Success,True,
.test_1_selenium_view_kanban_board,Total:263 Passed:263 Failed:0
1694271612907,371,selenium_view_dashboard,Success,True,
.test_1_selenium_view_dashboard,Total:264 Passed:264 Failed:0
1694271613515,606,selenium_view_issue,Success,True,
.test_1_selenium_view_issue,Total:265 Passed:265 Failed:0
1694271613826,309,selenium_log_out,Success,True,
.test_2_selenium_z_log_out,Total:266 Passed:266 Failed:0


=============================== warnings summary ===============================
../../root/.bzt/python-packages/3.11.4/_pytest/config/__init__.py:1204
  /root/.bzt/python-packages/3.11.4/_pytest/config/__init__.py:1204: PytestAssertRewriteWarning: Module already imported so cannot be rewritten: apiritif
    self._mark_plugins_for_rewrite(hook)

-- Docs: https://docs.pytest.org/en/stable/how-to/capture-warnings.html
======================== 14 passed, 1 warning in 14.50s ========================
============================= test session starts ==============================
platform linux -- Python 3.11.4, pytest-7.4.2, pluggy-1.3.0
rootdir: /dc-app-performance-toolkit/app
plugins: xdist-3.3.1, apiritif-1.1.3
collected 14 items

selenium_ui/jira_ui.py get driver from global
clear browser cookies
1694271613995,121,selenium_login:open_login_page,Success,True,
node_id:jira-1
1694271615361,1365,selenium_login:login_and_view_dashboard,Success,True,
1694271615361,1488,selenium_login,Success,True,
.test_0_selenium_a_login,Total:267 Passed:267 Failed:0
1694271616154,404,selenium_project_summary,Success,True,
.test_1_selenium_view_project_summary,Total:268 Passed:268 Failed:0
1694271616391,235,selenium_browse_projects_list,Success,True,
.test_1_selenium_browse_projects_list,Total:269 Passed:269 Failed:0
1694271616648,255,selenium_browse_boards_list,Success,True,
.test_1_selenium_browse_boards_list,Total:270 Passed:270 Failed:0
1694271617821,618,selenium_create_issue:open_quick_create,Success,True,
1694271619192,779,selenium_create_issue:fill_and_submit_issue_form:submit_issue_form,Success,True,
1694271619192,1370,selenium_create_issue:fill_and_submit_issue_form,Success,True,
1694271619192,1989,selenium_create_issue,Success,True,
.test_1_selenium_create_issue,Total:271 Passed:271 Failed:0
1694271620314,583,selenium_edit_issue:open_edit_issue_form,Success,True,
1694271621335,673,selenium_edit_issue:save_edit_issue_form,Success,True,
1694271621335,1603,selenium_edit_issue,Success,True,
.test_1_selenium_edit_issue,Total:272 Passed:272 Failed:0
1694271621755,418,selenium_save_comment:open_comment_form,Success,True,
1694271622679,832,selenium_save_comment:submit_form,Success,True,
1694271622680,1343,selenium_save_comment,Success,True,
.test_1_selenium_save_comment,Total:273 Passed:273 Failed:0
1694271623626,945,selenium_search_jql,Success,True,
.test_1_selenium_search_jql,Total:274 Passed:274 Failed:0
1694271624886,1258,selenium_view_scrum_board_backlog,Success,True,
.test_1_selenium_view_backlog_for_scrum_board,Total:275 Passed:275 Failed:0
1694271625885,997,selenium_view_scrum_board,Success,True,
.test_1_selenium_view_scrum_board,Total:276 Passed:276 Failed:0
1694271626645,758,selenium_view_kanban_board,Success,True,
.test_1_selenium_view_kanban_board,Total:277 Passed:277 Failed:0
1694271627347,701,selenium_view_dashboard,Success,True,
.test_1_selenium_view_dashboard,Total:278 Passed:278 Failed:0
1694271627954,606,selenium_view_issue,Success,True,
.test_1_selenium_view_issue,Total:279 Passed:279 Failed:0
1694271628297,341,selenium_log_out,Success,True,
.test_2_selenium_z_log_out,Total:280 Passed:280 Failed:0


=============================== warnings summary ===============================
../../root/.bzt/python-packages/3.11.4/_pytest/config/__init__.py:1204
  /root/.bzt/python-packages/3.11.4/_pytest/config/__init__.py:1204: PytestAssertRewriteWarning: Module already imported so cannot be rewritten: apiritif
    self._mark_plugins_for_rewrite(hook)

-- Docs: https://docs.pytest.org/en/stable/how-to/capture-warnings.html
======================== 14 passed, 1 warning in 14.44s ========================
============================= test session starts ==============================
platform linux -- Python 3.11.4, pytest-7.4.2, pluggy-1.3.0
rootdir: /dc-app-performance-toolkit/app
plugins: xdist-3.3.1, apiritif-1.1.3
collected 14 items

selenium_ui/jira_ui.py get driver from global
clear browser cookies
1694271628483,102,selenium_login:open_login_page,Success,True,
node_id:jira-0
1694271629903,1418,selenium_login:login_and_view_dashboard,Success,True,
1694271629903,1522,selenium_login,Success,True,
.test_0_selenium_a_login,Total:281 Passed:281 Failed:0
1694271630673,350,selenium_project_summary,Success,True,
.test_1_selenium_view_project_summary,Total:282 Passed:282 Failed:0
1694271630919,245,selenium_browse_projects_list,Success,True,
.test_1_selenium_browse_projects_list,Total:283 Passed:283 Failed:0
1694271631186,265,selenium_browse_boards_list,Success,True,
.test_1_selenium_browse_boards_list,Total:284 Passed:284 Failed:0
1694271632388,623,selenium_create_issue:open_quick_create,Success,True,
1694271633831,788,selenium_create_issue:fill_and_submit_issue_form:submit_issue_form,Success,True,
1694271633831,1443,selenium_create_issue:fill_and_submit_issue_form,Success,True,
1694271633831,2066,selenium_create_issue,Success,True,
.test_1_selenium_create_issue,Total:285 Passed:285 Failed:0
1694271635089,674,selenium_edit_issue:open_edit_issue_form,Success,True,
1694271635860,511,selenium_edit_issue:save_edit_issue_form,Success,True,
1694271635860,1445,selenium_edit_issue,Success,True,
.test_1_selenium_edit_issue,Total:286 Passed:286 Failed:0
1694271636265,403,selenium_save_comment:open_comment_form,Success,True,
1694271637136,778,selenium_save_comment:submit_form,Success,True,
1694271637136,1274,selenium_save_comment,Success,True,
.test_1_selenium_save_comment,Total:287 Passed:287 Failed:0
1694271638015,877,selenium_search_jql,Success,True,
.test_1_selenium_search_jql,Total:288 Passed:288 Failed:0
1694271639088,1072,selenium_view_scrum_board_backlog,Success,True,
.test_1_selenium_view_backlog_for_scrum_board,Total:289 Passed:289 Failed:0
1694271640203,1112,selenium_view_scrum_board,Success,True,
.test_1_selenium_view_scrum_board,Total:290 Passed:290 Failed:0
1694271641596,1391,selenium_view_kanban_board,Success,True,
.test_1_selenium_view_kanban_board,Total:291 Passed:291 Failed:0
1694271642028,430,selenium_view_dashboard,Success,True,
.test_1_selenium_view_dashboard,Total:292 Passed:292 Failed:0
1694271642593,563,selenium_view_issue,Success,True,
.test_1_selenium_view_issue,Total:293 Passed:293 Failed:0
1694271642907,312,selenium_log_out,Success,True,
.test_2_selenium_z_log_out,Total:294 Passed:294 Failed:0


=============================== warnings summary ===============================
../../root/.bzt/python-packages/3.11.4/_pytest/config/__init__.py:1204
  /root/.bzt/python-packages/3.11.4/_pytest/config/__init__.py:1204: PytestAssertRewriteWarning: Module already imported so cannot be rewritten: apiritif
    self._mark_plugins_for_rewrite(hook)

-- Docs: https://docs.pytest.org/en/stable/how-to/capture-warnings.html
======================== 14 passed, 1 warning in 14.54s ========================
============================= test session starts ==============================
platform linux -- Python 3.11.4, pytest-7.4.2, pluggy-1.3.0
rootdir: /dc-app-performance-toolkit/app
plugins: xdist-3.3.1, apiritif-1.1.3
collected 14 items

selenium_ui/jira_ui.py get driver from global
clear browser cookies
1694271643067,111,selenium_login:open_login_page,Success,True,
node_id:jira-1
1694271643674,606,selenium_login:login_and_view_dashboard,Success,True,
1694271643674,717,selenium_login,Success,True,
.test_0_selenium_a_login,Total:295 Passed:295 Failed:0
1694271644731,418,selenium_project_summary,Success,True,
.test_1_selenium_view_project_summary,Total:296 Passed:296 Failed:0
1694271644978,245,selenium_browse_projects_list,Success,True,
.test_1_selenium_browse_projects_list,Total:297 Passed:297 Failed:0
1694271645249,269,selenium_browse_boards_list,Success,True,
.test_1_selenium_browse_boards_list,Total:298 Passed:298 Failed:0
1694271646499,635,selenium_create_issue:open_quick_create,Success,True,
1694271647870,802,selenium_create_issue:fill_and_submit_issue_form:submit_issue_form,Success,True,
1694271647871,1371,selenium_create_issue:fill_and_submit_issue_form,Success,True,
1694271647871,2007,selenium_create_issue,Success,True,
.test_1_selenium_create_issue,Total:299 Passed:299 Failed:0
1694271649175,698,selenium_edit_issue:open_edit_issue_form,Success,True,
1694271649973,529,selenium_edit_issue:save_edit_issue_form,Success,True,
1694271649973,1496,selenium_edit_issue,Success,True,
.test_1_selenium_edit_issue,Total:300 Passed:300 Failed:0
1694271650322,347,selenium_save_comment:open_comment_form,Success,True,
1694271651204,787,selenium_save_comment:submit_form,Success,True,
1694271651204,1229,selenium_save_comment,Success,True,
.test_1_selenium_save_comment,Total:301 Passed:301 Failed:0
1694271652153,947,selenium_search_jql,Success,True,
.test_1_selenium_search_jql,Total:302 Passed:302 Failed:0
1694271653241,1086,selenium_view_scrum_board_backlog,Success,True,
.test_1_selenium_view_backlog_for_scrum_board,Total:303 Passed:303 Failed:0
1694271653738,495,selenium_view_scrum_board,Success,True,
.test_1_selenium_view_scrum_board,Total:304 Passed:304 Failed:0
1694271655100,1361,selenium_view_kanban_board,Success,True,
.test_1_selenium_view_kanban_board,Total:305 Passed:305 Failed:0
1694271655496,394,selenium_view_dashboard,Success,True,
.test_1_selenium_view_dashboard,Total:306 Passed:306 Failed:0
1694271656083,585,selenium_view_issue,Success,True,
.test_1_selenium_view_issue,Total:307 Passed:307 Failed:0
1694271656436,351,selenium_log_out,Success,True,
.test_2_selenium_z_log_out,Total:308 Passed:308 Failed:0


=============================== warnings summary ===============================
../../root/.bzt/python-packages/3.11.4/_pytest/config/__init__.py:1204
  /root/.bzt/python-packages/3.11.4/_pytest/config/__init__.py:1204: PytestAssertRewriteWarning: Module already imported so cannot be rewritten: apiritif
    self._mark_plugins_for_rewrite(hook)

-- Docs: https://docs.pytest.org/en/stable/how-to/capture-warnings.html
======================== 14 passed, 1 warning in 13.50s ========================
============================= test session starts ==============================
platform linux -- Python 3.11.4, pytest-7.4.2, pluggy-1.3.0
rootdir: /dc-app-performance-toolkit/app
plugins: xdist-3.3.1, apiritif-1.1.3
collected 14 items

selenium_ui/jira_ui.py get driver from global
clear browser cookies
1694271656593,108,selenium_login:open_login_page,Success,True,
node_id:jira-1
1694271657955,1362,selenium_login:login_and_view_dashboard,Success,True,
1694271657955,1471,selenium_login,Success,True,
.test_0_selenium_a_login,Total:309 Passed:309 Failed:0
1694271658830,422,selenium_project_summary,Success,True,
.test_1_selenium_view_project_summary,Total:310 Passed:310 Failed:0
1694271659068,236,selenium_browse_projects_list,Success,True,
.test_1_selenium_browse_projects_list,Total:311 Passed:311 Failed:0
1694271659322,253,selenium_browse_boards_list,Success,True,
.test_1_selenium_browse_boards_list,Total:312 Passed:312 Failed:0
1694271660606,632,selenium_create_issue:open_quick_create,Success,True,
1694271662001,814,selenium_create_issue:fill_and_submit_issue_form:submit_issue_form,Success,True,
1694271662001,1395,selenium_create_issue:fill_and_submit_issue_form,Success,True,
1694271662001,2027,selenium_create_issue,Success,True,
.test_1_selenium_create_issue,Total:313 Passed:313 Failed:0
1694271663228,582,selenium_edit_issue:open_edit_issue_form,Success,True,
1694271664147,571,selenium_edit_issue:save_edit_issue_form,Success,True,
1694271664147,1502,selenium_edit_issue,Success,True,
.test_1_selenium_edit_issue,Total:314 Passed:314 Failed:0
1694271664581,431,selenium_save_comment:open_comment_form,Success,True,
1694271665441,770,selenium_save_comment:submit_form,Success,True,
1694271665442,1293,selenium_save_comment,Success,True,
.test_1_selenium_save_comment,Total:315 Passed:315 Failed:0
1694271666376,932,selenium_search_jql,Success,True,
.test_1_selenium_search_jql,Total:316 Passed:316 Failed:0
1694271668031,1653,selenium_view_scrum_board_backlog,Success,True,
.test_1_selenium_view_backlog_for_scrum_board,Total:317 Passed:317 Failed:0
1694271668391,358,selenium_view_scrum_board,Success,True,
.test_1_selenium_view_scrum_board,Total:318 Passed:318 Failed:0
1694271670085,1693,selenium_view_kanban_board,Success,True,
.test_1_selenium_view_kanban_board,Total:319 Passed:319 Failed:0
1694271670588,501,selenium_view_dashboard,Success,True,
.test_1_selenium_view_dashboard,Total:320 Passed:320 Failed:0
1694271671184,594,selenium_view_issue,Success,True,
.test_1_selenium_view_issue,Total:321 Passed:321 Failed:0
1694271671503,318,selenium_log_out,Success,True,
.test_2_selenium_z_log_out,Total:322 Passed:322 Failed:0


=============================== warnings summary ===============================
../../root/.bzt/python-packages/3.11.4/_pytest/config/__init__.py:1204
  /root/.bzt/python-packages/3.11.4/_pytest/config/__init__.py:1204: PytestAssertRewriteWarning: Module already imported so cannot be rewritten: apiritif
    self._mark_plugins_for_rewrite(hook)

-- Docs: https://docs.pytest.org/en/stable/how-to/capture-warnings.html
======================== 14 passed, 1 warning in 15.04s ========================
============================= test session starts ==============================
platform linux -- Python 3.11.4, pytest-7.4.2, pluggy-1.3.0
rootdir: /dc-app-performance-toolkit/app
plugins: xdist-3.3.1, apiritif-1.1.3
collected 14 items

selenium_ui/jira_ui.py get driver from global
clear browser cookies
1694271671657,106,selenium_login:open_login_page,Success,True,
node_id:jira-1
1694271673012,1354,selenium_login:login_and_view_dashboard,Success,True,
1694271673012,1461,selenium_login,Success,True,
.test_0_selenium_a_login,Total:323 Passed:323 Failed:0
1694271673920,427,selenium_project_summary,Success,True,
.test_1_selenium_view_project_summary,Total:324 Passed:324 Failed:0
1694271674163,241,selenium_browse_projects_list,Success,True,
.test_1_selenium_browse_projects_list,Total:325 Passed:325 Failed:0
1694271674432,268,selenium_browse_boards_list,Success,True,
.test_1_selenium_browse_boards_list,Total:326 Passed:326 Failed:0
1694271675740,630,selenium_create_issue:open_quick_create,Success,True,
1694271677309,823,selenium_create_issue:fill_and_submit_issue_form:submit_issue_form,Success,True,
1694271677312,1572,selenium_create_issue:fill_and_submit_issue_form,Success,True,
1694271677312,2202,selenium_create_issue,Success,True,
.test_1_selenium_create_issue,Total:327 Passed:327 Failed:0
1694271678603,627,selenium_edit_issue:open_edit_issue_form,Success,True,
1694271679550,589,selenium_edit_issue:save_edit_issue_form,Success,True,
1694271679550,1574,selenium_edit_issue,Success,True,
.test_1_selenium_edit_issue,Total:328 Passed:328 Failed:0
1694271680024,473,selenium_save_comment:open_comment_form,Success,True,
1694271680895,782,selenium_save_comment:submit_form,Success,True,
1694271680895,1343,selenium_save_comment,Success,True,
.test_1_selenium_save_comment,Total:329 Passed:329 Failed:0
1694271681824,928,selenium_search_jql,Success,True,
.test_1_selenium_search_jql,Total:330 Passed:330 Failed:0
1694271682997,1171,selenium_view_scrum_board_backlog,Success,True,
.test_1_selenium_view_backlog_for_scrum_board,Total:331 Passed:331 Failed:0
1694271684040,1041,selenium_view_scrum_board,Success,True,
.test_1_selenium_view_scrum_board,Total:332 Passed:332 Failed:0
1694271685286,1245,selenium_view_kanban_board,Success,True,
.test_1_selenium_view_kanban_board,Total:333 Passed:333 Failed:0
1694271685697,408,selenium_view_dashboard,Success,True,
.test_1_selenium_view_dashboard,Total:334 Passed:334 Failed:0
1694271686319,619,selenium_view_issue,Success,True,
.test_1_selenium_view_issue,Total:335 Passed:335 Failed:0
1694271686658,337,selenium_log_out,Success,True,
.test_2_selenium_z_log_out,Total:336 Passed:336 Failed:0


=============================== warnings summary ===============================
../../root/.bzt/python-packages/3.11.4/_pytest/config/__init__.py:1204
  /root/.bzt/python-packages/3.11.4/_pytest/config/__init__.py:1204: PytestAssertRewriteWarning: Module already imported so cannot be rewritten: apiritif
    self._mark_plugins_for_rewrite(hook)

-- Docs: https://docs.pytest.org/en/stable/how-to/capture-warnings.html
======================== 14 passed, 1 warning in 15.12s ========================
============================= test session starts ==============================
platform linux -- Python 3.11.4, pytest-7.4.2, pluggy-1.3.0
rootdir: /dc-app-performance-toolkit/app
plugins: xdist-3.3.1, apiritif-1.1.3
collected 14 items

selenium_ui/jira_ui.py get driver from global
clear browser cookies
1694271686820,115,selenium_login:open_login_page,Success,True,
node_id:jira-1
1694271687368,547,selenium_login:login_and_view_dashboard,Success,True,
1694271687368,662,selenium_login,Success,True,
.test_0_selenium_a_login,Total:337 Passed:337 Failed:0
1694271688502,416,selenium_project_summary,Success,True,
.test_1_selenium_view_project_summary,Total:338 Passed:338 Failed:0
1694271688755,251,selenium_browse_projects_list,Success,True,
.test_1_selenium_browse_projects_list,Total:339 Passed:339 Failed:0
1694271689013,256,selenium_browse_boards_list,Success,True,
.test_1_selenium_browse_boards_list,Total:340 Passed:340 Failed:0
1694271690374,661,selenium_create_issue:open_quick_create,Success,True,
1694271691825,834,selenium_create_issue:fill_and_submit_issue_form:submit_issue_form,Success,True,
1694271691826,1451,selenium_create_issue:fill_and_submit_issue_form,Success,True,
1694271691826,2113,selenium_create_issue,Success,True,
.test_1_selenium_create_issue,Total:341 Passed:341 Failed:0
1694271693161,631,selenium_edit_issue:open_edit_issue_form,Success,True,
1694271694328,806,selenium_edit_issue:save_edit_issue_form,Success,True,
1694271694328,1798,selenium_edit_issue,Success,True,
.test_1_selenium_edit_issue,Total:342 Passed:342 Failed:0
1694271694718,388,selenium_save_comment:open_comment_form,Success,True,
1694271695543,717,selenium_save_comment:submit_form,Success,True,
1694271695543,1213,selenium_save_comment,Success,True,
.test_1_selenium_save_comment,Total:343 Passed:343 Failed:0
1694271696488,943,selenium_search_jql,Success,True,
.test_1_selenium_search_jql,Total:344 Passed:344 Failed:0
1694271697693,1203,selenium_view_scrum_board_backlog,Success,True,
.test_1_selenium_view_backlog_for_scrum_board,Total:345 Passed:345 Failed:0
1694271698753,1058,selenium_view_scrum_board,Success,True,
.test_1_selenium_view_scrum_board,Total:346 Passed:346 Failed:0
1694271700173,1419,selenium_view_kanban_board,Success,True,
.test_1_selenium_view_kanban_board,Total:347 Passed:347 Failed:0
1694271700634,459,selenium_view_dashboard,Success,True,
.test_1_selenium_view_dashboard,Total:348 Passed:348 Failed:0
1694271701209,574,selenium_view_issue,Success,True,
.test_1_selenium_view_issue,Total:349 Passed:349 Failed:0
1694271701544,333,selenium_log_out,Success,True,
.test_2_selenium_z_log_out,Total:350 Passed:350 Failed:0


=============================== warnings summary ===============================
../../root/.bzt/python-packages/3.11.4/_pytest/config/__init__.py:1204
  /root/.bzt/python-packages/3.11.4/_pytest/config/__init__.py:1204: PytestAssertRewriteWarning: Module already imported so cannot be rewritten: apiritif
    self._mark_plugins_for_rewrite(hook)

-- Docs: https://docs.pytest.org/en/stable/how-to/capture-warnings.html
======================== 14 passed, 1 warning in 14.85s ========================
============================= test session starts ==============================
platform linux -- Python 3.11.4, pytest-7.4.2, pluggy-1.3.0
rootdir: /dc-app-performance-toolkit/app
plugins: xdist-3.3.1, apiritif-1.1.3
collected 14 items

selenium_ui/jira_ui.py get driver from global
clear browser cookies
1694271701698,106,selenium_login:open_login_page,Success,True,
node_id:jira-0
1694271702302,603,selenium_login:login_and_view_dashboard,Success,True,
1694271702303,710,selenium_login,Success,True,
.test_0_selenium_a_login,Total:351 Passed:351 Failed:0
1694271703455,397,selenium_project_summary,Success,True,
.test_1_selenium_view_project_summary,Total:352 Passed:352 Failed:0
1694271703718,261,selenium_browse_projects_list,Success,True,
.test_1_selenium_browse_projects_list,Total:353 Passed:353 Failed:0
1694271703966,246,selenium_browse_boards_list,Success,True,
.test_1_selenium_browse_boards_list,Total:354 Passed:354 Failed:0
1694271705325,618,selenium_create_issue:open_quick_create,Success,True,
1694271706740,844,selenium_create_issue:fill_and_submit_issue_form:submit_issue_form,Success,True,
1694271706740,1414,selenium_create_issue:fill_and_submit_issue_form,Success,True,
1694271706740,2033,selenium_create_issue,Success,True,
.test_1_selenium_create_issue,Total:355 Passed:355 Failed:0
[...]
1694273872242,370,selenium_view_dashboard,Success,True,
.test_1_selenium_view_dashboard,Total:1790 Passed:1790 Failed:0
1694273872831,587,selenium_view_issue,Success,True,
.test_1_selenium_view_issue,Total:1791 Passed:1791 Failed:0
1694273873142,310,selenium_log_out,Success,True,
.test_2_selenium_z_log_out,Total:1792 Passed:1792 Failed:0


=============================== warnings summary ===============================
../../root/.bzt/python-packages/3.11.4/_pytest/config/__init__.py:1204
  /root/.bzt/python-packages/3.11.4/_pytest/config/__init__.py:1204: PytestAssertRewriteWarning: Module already imported so cannot be rewritten: apiritif
    self._mark_plugins_for_rewrite(hook)

-- Docs: https://docs.pytest.org/en/stable/how-to/capture-warnings.html
======================== 14 passed, 1 warning in 27.43s ========================
============================= test session starts ==============================
platform linux -- Python 3.11.4, pytest-7.4.2, pluggy-1.3.0
rootdir: /dc-app-performance-toolkit/app
plugins: xdist-3.3.1, apiritif-1.1.3
collected 14 items

selenium_ui/jira_ui.py get driver from global
clear browser cookies
1694273873296,103,selenium_login:open_login_page,Success,True,
node_id:jira-0
1694273873855,559,selenium_login:login_and_view_dashboard,Success,True,
1694273873855,663,selenium_login,Success,True,
.test_0_selenium_a_login,Total:1793 Passed:1793 Failed:0
1694273877928,469,selenium_project_summary,Success,True,
.test_1_selenium_view_project_summary,Total:1794 Passed:1794 Failed:0
1694273878208,279,selenium_browse_projects_list,Success,True,
.test_1_selenium_browse_projects_list,Total:1795 Passed:1795 Failed:0
1694273878464,254,selenium_browse_boards_list,Success,True,
.test_1_selenium_browse_boards_list,Total:1796 Passed:1796 Failed:0
1694273882700,647,selenium_create_issue:open_quick_create,Success,True,
1694273885187,1788,selenium_create_issue:fill_and_submit_issue_form:submit_issue_form,Success,True,
1694273885187,2486,selenium_create_issue:fill_and_submit_issue_form,Success,True,
1694273885188,3134,selenium_create_issue,Success,True,
.test_1_selenium_create_issue,Total:1797 Passed:1797 Failed:0
1694273889388,617,selenium_edit_issue:open_edit_issue_form,Success,True,
1694273890454,716,selenium_edit_issue:save_edit_issue_form,Success,True,
1694273890454,1683,selenium_edit_issue,Success,True,
.test_1_selenium_edit_issue,Total:1798 Passed:1798 Failed:0
1694273890786,331,selenium_save_comment:open_comment_form,Success,True,
1694273891569,694,selenium_save_comment:submit_form,Success,True,
1694273891569,1113,selenium_save_comment,Success,True,
.test_1_selenium_save_comment,Total:1799 Passed:1799 Failed:0
1694273893396,1825,selenium_search_jql,Success,True,
.test_1_selenium_search_jql,Total:1800 Passed:1800 Failed:0
1694273895434,2037,selenium_view_scrum_board_backlog,Success,True,
.test_1_selenium_view_backlog_for_scrum_board,Total:1801 Passed:1801 Failed:0
1694273897444,2008,selenium_view_scrum_board,Success,True,
.test_1_selenium_view_scrum_board,Total:1802 Passed:1802 Failed:0
1694273898158,712,selenium_view_kanban_board,Success,True,
.test_1_selenium_view_kanban_board,Total:1803 Passed:1803 Failed:0
1694273898785,626,selenium_view_dashboard,Success,True,
.test_1_selenium_view_dashboard,Total:1804 Passed:1804 Failed:0
1694273899335,548,selenium_view_issue,Success,True,
.test_1_selenium_view_issue,Total:1805 Passed:1805 Failed:0
1694273899659,322,selenium_log_out,Success,True,
.test_2_selenium_z_log_out,Total:1806 Passed:1806 Failed:0


=============================== warnings summary ===============================
../../root/.bzt/python-packages/3.11.4/_pytest/config/__init__.py:1204
  /root/.bzt/python-packages/3.11.4/_pytest/config/__init__.py:1204: PytestAssertRewriteWarning: Module already imported so cannot be rewritten: apiritif
    self._mark_plugins_for_rewrite(hook)

-- Docs: https://docs.pytest.org/en/stable/how-to/capture-warnings.html
======================== 14 passed, 1 warning in 26.48s ========================
============================= test session starts ==============================
platform linux -- Python 3.11.4, pytest-7.4.2, pluggy-1.3.0
rootdir: /dc-app-performance-toolkit/app
plugins: xdist-3.3.1, apiritif-1.1.3
collected 14 items

selenium_ui/jira_ui.py get driver from global
clear browser cookies
1694273899820,110,selenium_login:open_login_page,Success,True,
node_id:jira-1
1694273900448,627,selenium_login:login_and_view_dashboard,Success,True,
1694273900448,738,selenium_login,Success,True,
.test_0_selenium_a_login,Total:1807 Passed:1807 Failed:0
1694273904550,484,selenium_project_summary,Success,True,
.test_1_selenium_view_project_summary,Total:1808 Passed:1808 Failed:0
1694273904810,258,selenium_browse_projects_list,Success,True,
.test_1_selenium_browse_projects_list,Total:1809 Passed:1809 Failed:0
1694273905062,250,selenium_browse_boards_list,Success,True,
.test_1_selenium_browse_boards_list,Total:1810 Passed:1810 Failed:0
1694273909317,649,selenium_create_issue:open_quick_create,Success,True,
1694273911776,1793,selenium_create_issue:fill_and_submit_issue_form:submit_issue_form,Success,True,
1694273911776,2458,selenium_create_issue:fill_and_submit_issue_form,Success,True,
1694273911776,3107,selenium_create_issue,Success,True,
.test_1_selenium_create_issue,Total:1811 Passed:1811 Failed:0
1694273915956,604,selenium_edit_issue:open_edit_issue_form,Success,True,
1694273917036,729,selenium_edit_issue:save_edit_issue_form,Success,True,
1694273917036,1683,selenium_edit_issue,Success,True,
.test_1_selenium_edit_issue,Total:1812 Passed:1812 Failed:0
1694273917369,332,selenium_save_comment:open_comment_form,Success,True,
1694273918241,781,selenium_save_comment:submit_form,Success,True,
1694273918241,1204,selenium_save_comment,Success,True,
.test_1_selenium_save_comment,Total:1813 Passed:1813 Failed:0
1694273920152,1909,selenium_search_jql,Success,True,
.test_1_selenium_search_jql,Total:1814 Passed:1814 Failed:0
1694273922279,2125,selenium_view_scrum_board_backlog,Success,True,
.test_1_selenium_view_backlog_for_scrum_board,Total:1815 Passed:1815 Failed:0
1694273922616,336,selenium_view_scrum_board,Success,True,
.test_1_selenium_view_scrum_board,Total:1816 Passed:1816 Failed:0
1694273924855,2237,selenium_view_kanban_board,Success,True,
.test_1_selenium_view_kanban_board,Total:1817 Passed:1817 Failed:0
1694273925237,380,selenium_view_dashboard,Success,True,
.test_1_selenium_view_dashboard,Total:1818 Passed:1818 Failed:0
1694273925847,608,selenium_view_issue,Success,True,
.test_1_selenium_view_issue,Total:1819 Passed:1819 Failed:0
1694273926220,370,selenium_log_out,Success,True,
.test_2_selenium_z_log_out,Total:1820 Passed:1820 Failed:0


=============================== warnings summary ===============================
../../root/.bzt/python-packages/3.11.4/_pytest/config/__init__.py:1204
  /root/.bzt/python-packages/3.11.4/_pytest/config/__init__.py:1204: PytestAssertRewriteWarning: Module already imported so cannot be rewritten: apiritif
    self._mark_plugins_for_rewrite(hook)

-- Docs: https://docs.pytest.org/en/stable/how-to/capture-warnings.html
======================== 14 passed, 1 warning in 26.53s ========================
============================= test session starts ==============================
platform linux -- Python 3.11.4, pytest-7.4.2, pluggy-1.3.0
rootdir: /dc-app-performance-toolkit/app
plugins: xdist-3.3.1, apiritif-1.1.3
collected 14 items

selenium_ui/jira_ui.py get driver from global
clear browser cookies
1694273926390,117,selenium_login:open_login_page,Success,True,
node_id:jira-1
1694273926963,572,selenium_login:login_and_view_dashboard,Success,True,
1694273926963,690,selenium_login,Success,True,
.test_0_selenium_a_login,Total:1821 Passed:1821 Failed:0
1694273931102,469,selenium_project_summary,Success,True,
.test_1_selenium_view_project_summary,Total:1822 Passed:1822 Failed:0
1694273931362,258,selenium_browse_projects_list,Success,True,
.test_1_selenium_browse_projects_list,Total:1823 Passed:1823 Failed:0
1694273931612,249,selenium_browse_boards_list,Success,True,
.test_1_selenium_browse_boards_list,Total:1824 Passed:1824 Failed:0
1694273935876,636,selenium_create_issue:open_quick_create,Success,True,
1694273938318,1796,selenium_create_issue:fill_and_submit_issue_form:submit_issue_form,Success,True,
1694273938319,2442,selenium_create_issue:fill_and_submit_issue_form,Success,True,
1694273938319,3079,selenium_create_issue,Success,True,
.test_1_selenium_create_issue,Total:1825 Passed:1825 Failed:0
1694273942501,540,selenium_edit_issue:open_edit_issue_form,Success,True,
1694273943721,771,selenium_edit_issue:save_edit_issue_form,Success,True,
1694273943721,1761,selenium_edit_issue,Success,True,
.test_1_selenium_edit_issue,Total:1826 Passed:1826 Failed:0
1694273944110,387,selenium_save_comment:open_comment_form,Success,True,
1694273944943,736,selenium_save_comment:submit_form,Success,True,
1694273944944,1221,selenium_save_comment,Success,True,
.test_1_selenium_save_comment,Total:1827 Passed:1827 Failed:0
1694273946920,1975,selenium_search_jql,Success,True,
.test_1_selenium_search_jql,Total:1828 Passed:1828 Failed:0
1694273949020,2098,selenium_view_scrum_board_backlog,Success,True,
.test_1_selenium_view_backlog_for_scrum_board,Total:1829 Passed:1829 Failed:0
1694273951103,2081,selenium_view_scrum_board,Success,True,
.test_1_selenium_view_scrum_board,Total:1830 Passed:1830 Failed:0
1694273951799,694,selenium_view_kanban_board,Success,True,
.test_1_selenium_view_kanban_board,Total:1831 Passed:1831 Failed:0
1694273952484,683,selenium_view_dashboard,Success,True,
.test_1_selenium_view_dashboard,Total:1832 Passed:1832 Failed:0
1694273953076,590,selenium_view_issue,Success,True,
.test_1_selenium_view_issue,Total:1833 Passed:1833 Failed:0
1694273953397,319,selenium_log_out,Success,True,
.test_2_selenium_z_log_out,Total:1834 Passed:1834 Failed:0


=============================== warnings summary ===============================
../../root/.bzt/python-packages/3.11.4/_pytest/config/__init__.py:1204
  /root/.bzt/python-packages/3.11.4/_pytest/config/__init__.py:1204: PytestAssertRewriteWarning: Module already imported so cannot be rewritten: apiritif
    self._mark_plugins_for_rewrite(hook)

-- Docs: https://docs.pytest.org/en/stable/how-to/capture-warnings.html
======================== 14 passed, 1 warning in 27.14s ========================
============================= test session starts ==============================
platform linux -- Python 3.11.4, pytest-7.4.2, pluggy-1.3.0
rootdir: /dc-app-performance-toolkit/app
plugins: xdist-3.3.1, apiritif-1.1.3
collected 14 items

selenium_ui/jira_ui.py get driver from global
clear browser cookies
1694273953561,113,selenium_login:open_login_page,Success,True,
node_id:jira-1
1694273954120,559,selenium_login:login_and_view_dashboard,Success,True,
1694273954120,673,selenium_login,Success,True,
.test_0_selenium_a_login,Total:1835 Passed:1835 Failed:0
1694273958245,411,selenium_project_summary,Success,True,
.test_1_selenium_view_project_summary,Total:1836 Passed:1836 Failed:0
1694273958526,279,selenium_browse_projects_list,Success,True,
.test_1_selenium_browse_projects_list,Total:1837 Passed:1837 Failed:0
1694273960488,1960,selenium_browse_boards_list,Success,True,
.test_1_selenium_browse_boards_list,Total:1838 Passed:1838 Failed:0
1694273964806,646,selenium_create_issue:open_quick_create,Success,True,
1694273967298,1813,selenium_create_issue:fill_and_submit_issue_form:submit_issue_form,Success,True,
1694273967298,2491,selenium_create_issue:fill_and_submit_issue_form,Success,True,
1694273967298,3138,selenium_create_issue,Success,True,
.test_1_selenium_create_issue,Total:1839 Passed:1839 Failed:0
1694273971502,503,selenium_edit_issue:open_edit_issue_form,Success,True,
1694273972525,515,selenium_edit_issue:save_edit_issue_form,Success,True,
1694273972525,1526,selenium_edit_issue,Success,True,
.test_1_selenium_edit_issue,Total:1840 Passed:1840 Failed:0
1694273972878,351,selenium_save_comment:open_comment_form,Success,True,
1694273973755,785,selenium_save_comment:submit_form,Success,True,
1694273973755,1228,selenium_save_comment,Success,True,
.test_1_selenium_save_comment,Total:1841 Passed:1841 Failed:0
1694273975650,1893,selenium_search_jql,Success,True,
.test_1_selenium_search_jql,Total:1842 Passed:1842 Failed:0
1694273977735,2084,selenium_view_scrum_board_backlog,Success,True,
.test_1_selenium_view_backlog_for_scrum_board,Total:1843 Passed:1843 Failed:0
1694273979783,2046,selenium_view_scrum_board,Success,True,
.test_1_selenium_view_scrum_board,Total:1844 Passed:1844 Failed:0
1694273980347,562,selenium_view_kanban_board,Success,True,
.test_1_selenium_view_kanban_board,Total:1845 Passed:1845 Failed:0
1694273980894,545,selenium_view_dashboard,Success,True,
.test_1_selenium_view_dashboard,Total:1846 Passed:1846 Failed:0
1694273981463,566,selenium_view_issue,Success,True,
.test_1_selenium_view_issue,Total:1847 Passed:1847 Failed:0
1694273981798,334,selenium_log_out,Success,True,
.test_2_selenium_z_log_out,Total:1848 Passed:1848 Failed:0


=============================== warnings summary ===============================
../../root/.bzt/python-packages/3.11.4/_pytest/config/__init__.py:1204
  /root/.bzt/python-packages/3.11.4/_pytest/config/__init__.py:1204: PytestAssertRewriteWarning: Module already imported so cannot be rewritten: apiritif
    self._mark_plugins_for_rewrite(hook)

-- Docs: https://docs.pytest.org/en/stable/how-to/capture-warnings.html
======================== 14 passed, 1 warning in 28.37s ========================
============================= test session starts ==============================
platform linux -- Python 3.11.4, pytest-7.4.2, pluggy-1.3.0
rootdir: /dc-app-performance-toolkit/app
plugins: xdist-3.3.1, apiritif-1.1.3
collected 14 items

selenium_ui/jira_ui.py get driver from global
clear browser cookies
1694273981947,102,selenium_login:open_login_page,Success,True,
node_id:jira-0
1694273983400,1453,selenium_login:login_and_view_dashboard,Success,True,
1694273983400,1556,selenium_login,Success,True,
.test_0_selenium_a_login,Total:1849 Passed:1849 Failed:0
1694273986298,394,selenium_project_summary,Success,True,
.test_1_selenium_view_project_summary,Total:1850 Passed:1850 Failed:0
1694273986578,278,selenium_browse_projects_list,Success,True,
.test_1_selenium_browse_projects_list,Total:1851 Passed:1851 Failed:0
1694273986821,241,selenium_browse_boards_list,Success,True,
.test_1_selenium_browse_boards_list,Total:1852 Passed:1852 Failed:0
1694273991113,636,selenium_create_issue:open_quick_create,Success,True,
1694273993567,1817,selenium_create_issue:fill_and_submit_issue_form:submit_issue_form,Success,True,
1694273993567,2453,selenium_create_issue:fill_and_submit_issue_form,Success,True,
1694273993567,3090,selenium_create_issue,Success,True,
.test_1_selenium_create_issue,Total:1853 Passed:1853 Failed:0
1694273997707,456,selenium_edit_issue:open_edit_issue_form,Success,True,
1694273998825,598,selenium_edit_issue:save_edit_issue_form,Success,True,
1694273998825,1574,selenium_edit_issue,Success,True,
.test_1_selenium_edit_issue,Total:1854 Passed:1854 Failed:0
1694273999332,504,selenium_save_comment:open_comment_form,Success,True,
1694274000176,751,selenium_save_comment:submit_form,Success,True,
1694274000176,1349,selenium_save_comment,Success,True,
.test_1_selenium_save_comment,Total:1855 Passed:1855 Failed:0
1694274002100,1922,selenium_search_jql,Success,True,
.test_1_selenium_search_jql,Total:1856 Passed:1856 Failed:0
1694274004233,2131,selenium_view_scrum_board_backlog,Success,True,
.test_1_selenium_view_backlog_for_scrum_board,Total:1857 Passed:1857 Failed:0
1694274006293,2059,selenium_view_scrum_board,Success,True,
.test_1_selenium_view_scrum_board,Total:1858 Passed:1858 Failed:0
1694274008423,2128,selenium_view_kanban_board,Success,True,
.test_1_selenium_view_kanban_board,Total:1859 Passed:1859 Failed:0
1694274008820,396,selenium_view_dashboard,Success,True,
.test_1_selenium_view_dashboard,Total:1860 Passed:1860 Failed:0
1694274009391,569,selenium_view_issue,Success,True,
.test_1_selenium_view_issue,Total:1861 Passed:1861 Failed:0
1694274009730,338,selenium_log_out,Success,True,
.test_2_selenium_z_log_out,Total:1862 Passed:1862 Failed:0


=============================== warnings summary ===============================
../../root/.bzt/python-packages/3.11.4/_pytest/config/__init__.py:1204
  /root/.bzt/python-packages/3.11.4/_pytest/config/__init__.py:1204: PytestAssertRewriteWarning: Module already imported so cannot be rewritten: apiritif
    self._mark_plugins_for_rewrite(hook)

-- Docs: https://docs.pytest.org/en/stable/how-to/capture-warnings.html
======================== 14 passed, 1 warning in 27.90s ========================
============================= test session starts ==============================
platform linux -- Python 3.11.4, pytest-7.4.2, pluggy-1.3.0
rootdir: /dc-app-performance-toolkit/app
plugins: xdist-3.3.1, apiritif-1.1.3
collected 14 items

selenium_ui/jira_ui.py get driver from global
clear browser cookies
1694274009885,106,selenium_login:open_login_page,Success,True,
node_id:jira-0
1694274010452,567,selenium_login:login_and_view_dashboard,Success,True,
1694274010452,673,selenium_login,Success,True,
.test_0_selenium_a_login,Total:1863 Passed:1863 Failed:0
1694274014612,417,selenium_project_summary,Success,True,
.test_1_selenium_view_project_summary,Total:1864 Passed:1864 Failed:0
1694274014972,358,selenium_browse_projects_list,Success,True,
.test_1_selenium_browse_projects_list,Total:1865 Passed:1865 Failed:0
1694274015242,268,selenium_browse_boards_list,Success,True,
.test_1_selenium_browse_boards_list,Total:1866 Passed:1866 Failed:0
1694274019762,736,selenium_create_issue:open_quick_create,Success,True,
1694274022377,1863,selenium_create_issue:fill_and_submit_issue_form:submit_issue_form,Success,True,
1694274022378,2615,selenium_create_issue:fill_and_submit_issue_form,Success,True,
1694274022378,3352,selenium_create_issue,Success,True,
.test_1_selenium_create_issue,Total:1867 Passed:1867 Failed:0
1694274026590,459,selenium_edit_issue:open_edit_issue_form,Success,True,
1694274027656,547,selenium_edit_issue:save_edit_issue_form,Success,True,
1694274027656,1525,selenium_edit_issue,Success,True,
.test_1_selenium_edit_issue,Total:1868 Passed:1868 Failed:0
1694274028090,432,selenium_save_comment:open_comment_form,Success,True,
1694274028974,788,selenium_save_comment:submit_form,Success,True,
1694274028974,1317,selenium_save_comment,Success,True,
.test_1_selenium_save_comment,Total:1869 Passed:1869 Failed:0
1694274030885,1909,selenium_search_jql,Success,True,
.test_1_selenium_search_jql,Total:1870 Passed:1870 Failed:0
1694274033024,2138,selenium_view_scrum_board_backlog,Success,True,
.test_1_selenium_view_backlog_for_scrum_board,Total:1871 Passed:1871 Failed:0
1694274035112,2085,selenium_view_scrum_board,Success,True,
.test_1_selenium_view_scrum_board,Total:1872 Passed:1872 Failed:0
1694274037358,2244,selenium_view_kanban_board,Success,True,
.test_1_selenium_view_kanban_board,Total:1873 Passed:1873 Failed:0
1694274037736,377,selenium_view_dashboard,Success,True,
.test_1_selenium_view_dashboard,Total:1874 Passed:1874 Failed:0
1694274038279,542,selenium_view_issue,Success,True,
.test_1_selenium_view_issue,Total:1875 Passed:1875 Failed:0
1694274038591,310,selenium_log_out,Success,True,
.test_2_selenium_z_log_out,Total:1876 Passed:1876 Failed:0


=============================== warnings summary ===============================
../../root/.bzt/python-packages/3.11.4/_pytest/config/__init__.py:1204
  /root/.bzt/python-packages/3.11.4/_pytest/config/__init__.py:1204: PytestAssertRewriteWarning: Module already imported so cannot be rewritten: apiritif
    self._mark_plugins_for_rewrite(hook)

-- Docs: https://docs.pytest.org/en/stable/how-to/capture-warnings.html
======================== 14 passed, 1 warning in 28.83s ========================
