============================= test session starts ==============================
platform linux -- Python 3.11.4, pytest-7.4.2, pluggy-1.3.0
rootdir: /dc-app-performance-toolkit/app
plugins: xdist-3.3.1, apiritif-1.1.3
collected 14 items

selenium_ui/jira_ui.py first driver inits
1694282916402,1494,selenium_login:open_login_page,Success,True,
node_id:jira-1
1694282918529,2126,selenium_login:login_and_view_dashboard,Success,True,
1694282918529,3621,selenium_login,Success,True,
.test_0_selenium_a_login,Total:1 Passed:1 Failed:0
1694282919161,604,selenium_project_summary,Success,True,
.test_1_selenium_view_project_summary,Total:2 Passed:2 Failed:0
1694282919416,253,selenium_browse_projects_list,Success,True,
.test_1_selenium_browse_projects_list,Total:3 Passed:3 Failed:0
1694282920342,923,selenium_browse_boards_list,Success,True,
.test_1_selenium_browse_boards_list,Total:4 Passed:4 Failed:0
1694282921113,732,selenium_create_issue:open_quick_create,Success,True,
1694282922911,1118,selenium_create_issue:fill_and_submit_issue_form:submit_issue_form,Success,True,
1694282922911,1797,selenium_create_issue:fill_and_submit_issue_form,Success,True,
1694282922911,2531,selenium_create_issue,Success,True,
.test_1_selenium_create_issue,Total:5 Passed:5 Failed:0
1694282923440,503,selenium_edit_issue:open_edit_issue_form,Success,True,
1694282924782,851,selenium_edit_issue:save_edit_issue_form,Success,True,
1694282924782,1845,selenium_edit_issue,Success,True,
.test_1_selenium_edit_issue,Total:6 Passed:6 Failed:0
1694282925059,275,selenium_save_comment:open_comment_form,Success,True,
1694282926058,847,selenium_save_comment:submit_form,Success,True,
1694282926058,1274,selenium_save_comment,Success,True,
.test_1_selenium_save_comment,Total:7 Passed:7 Failed:0
1694282927204,1143,selenium_search_jql,Success,True,
.test_1_selenium_search_jql,Total:8 Passed:8 Failed:0
1694282928147,942,selenium_view_scrum_board_backlog,Success,True,
.test_1_selenium_view_backlog_for_scrum_board,Total:9 Passed:9 Failed:0
1694282928731,582,selenium_view_scrum_board,Success,True,
.test_1_selenium_view_scrum_board,Total:10 Passed:10 Failed:0
1694282929591,858,selenium_view_kanban_board,Success,True,
.test_1_selenium_view_kanban_board,Total:11 Passed:11 Failed:0
1694282930097,503,selenium_view_dashboard,Success,True,
.test_1_selenium_view_dashboard,Total:12 Passed:12 Failed:0
1694282930639,540,selenium_view_issue,Success,True,
.test_1_selenium_view_issue,Total:13 Passed:13 Failed:0
1694282930973,333,selenium_log_out,Success,True,
.test_2_selenium_z_log_out,Total:14 Passed:14 Failed:0


=============================== warnings summary ===============================
../../root/.bzt/python-packages/3.11.4/_pytest/config/__init__.py:1204
  /root/.bzt/python-packages/3.11.4/_pytest/config/__init__.py:1204: PytestAssertRewriteWarning: Module already imported so cannot be rewritten: apiritif
    self._mark_plugins_for_rewrite(hook)

-- Docs: https://docs.pytest.org/en/stable/how-to/capture-warnings.html
======================== 14 passed, 1 warning in 16.77s ========================
============================= test session starts ==============================
platform linux -- Python 3.11.4, pytest-7.4.2, pluggy-1.3.0
rootdir: /dc-app-performance-toolkit/app
plugins: xdist-3.3.1, apiritif-1.1.3
collected 14 items

selenium_ui/jira_ui.py get driver from global
clear browser cookies
1694282931485,465,selenium_login:open_login_page,Success,True,
node_id:jira-3
1694282932292,806,selenium_login:login_and_view_dashboard,Success,True,
1694282932292,1273,selenium_login,Success,True,
.test_0_selenium_a_login,Total:15 Passed:15 Failed:0
1694282933292,954,selenium_project_summary,Success,True,
.test_1_selenium_view_project_summary,Total:16 Passed:16 Failed:0
1694282933712,418,selenium_browse_projects_list,Success,True,
.test_1_selenium_browse_projects_list,Total:17 Passed:17 Failed:0
1694282935304,1590,selenium_browse_boards_list,Success,True,
.test_1_selenium_browse_boards_list,Total:18 Passed:18 Failed:0
1694282935955,604,selenium_create_issue:open_quick_create,Success,True,
1694282937186,612,selenium_create_issue:fill_and_submit_issue_form:submit_issue_form,Success,True,
1694282937186,1231,selenium_create_issue:fill_and_submit_issue_form,Success,True,
1694282937186,1835,selenium_create_issue,Success,True,
.test_1_selenium_create_issue,Total:19 Passed:19 Failed:0
1694282937880,644,selenium_edit_issue:open_edit_issue_form,Success,True,
1694282938903,678,selenium_edit_issue:save_edit_issue_form,Success,True,
1694282938903,1668,selenium_edit_issue,Success,True,
.test_1_selenium_edit_issue,Total:20 Passed:20 Failed:0
1694282939399,494,selenium_save_comment:open_comment_form,Success,True,
1694282943246,3759,selenium_save_comment:submit_form,Success,True,
1694282943246,4341,selenium_save_comment,Success,True,
.test_1_selenium_save_comment,Total:21 Passed:21 Failed:0
1694282944574,1326,selenium_search_jql,Success,True,
.test_1_selenium_search_jql,Total:22 Passed:22 Failed:0
1694282945632,1057,selenium_view_scrum_board_backlog,Success,True,
.test_1_selenium_view_backlog_for_scrum_board,Total:23 Passed:23 Failed:0
1694282946506,872,selenium_view_scrum_board,Success,True,
.test_1_selenium_view_scrum_board,Total:24 Passed:24 Failed:0
1694282947846,1338,selenium_view_kanban_board,Success,True,
.test_1_selenium_view_kanban_board,Total:25 Passed:25 Failed:0
1694282948393,545,selenium_view_dashboard,Success,True,
.test_1_selenium_view_dashboard,Total:26 Passed:26 Failed:0
1694282948950,556,selenium_view_issue,Success,True,
.test_1_selenium_view_issue,Total:27 Passed:27 Failed:0
1694282949358,405,selenium_log_out,Success,True,
.test_2_selenium_z_log_out,Total:28 Passed:28 Failed:0


=============================== warnings summary ===============================
../../root/.bzt/python-packages/3.11.4/_pytest/config/__init__.py:1204
  /root/.bzt/python-packages/3.11.4/_pytest/config/__init__.py:1204: PytestAssertRewriteWarning: Module already imported so cannot be rewritten: apiritif
    self._mark_plugins_for_rewrite(hook)

-- Docs: https://docs.pytest.org/en/stable/how-to/capture-warnings.html
======================== 14 passed, 1 warning in 18.35s ========================
============================= test session starts ==============================
platform linux -- Python 3.11.4, pytest-7.4.2, pluggy-1.3.0
rootdir: /dc-app-performance-toolkit/app
plugins: xdist-3.3.1, apiritif-1.1.3
collected 14 items

selenium_ui/jira_ui.py get driver from global
clear browser cookies
1694282949515,110,selenium_login:open_login_page,Success,True,
node_id:jira-0
1694282950301,785,selenium_login:login_and_view_dashboard,Success,True,
1694282950301,896,selenium_login,Success,True,
.test_0_selenium_a_login,Total:29 Passed:29 Failed:0
1694282950819,446,selenium_project_summary,Success,True,
.test_1_selenium_view_project_summary,Total:30 Passed:30 Failed:0
1694282951130,310,selenium_browse_projects_list,Success,True,
.test_1_selenium_browse_projects_list,Total:31 Passed:31 Failed:0
1694282951369,237,selenium_browse_boards_list,Success,True,
.test_1_selenium_browse_boards_list,Total:32 Passed:32 Failed:0
1694282952096,625,selenium_create_issue:open_quick_create,Success,True,
1694282953415,619,selenium_create_issue:fill_and_submit_issue_form:submit_issue_form,Success,True,
1694282953415,1319,selenium_create_issue:fill_and_submit_issue_form,Success,True,
1694282953415,1945,selenium_create_issue,Success,True,
.test_1_selenium_create_issue,Total:33 Passed:33 Failed:0
1694282954062,574,selenium_edit_issue:open_edit_issue_form,Success,True,
1694282954900,501,selenium_edit_issue:save_edit_issue_form,Success,True,
1694282954900,1413,selenium_edit_issue,Success,True,
.test_1_selenium_edit_issue,Total:34 Passed:34 Failed:0
1694282955231,329,selenium_save_comment:open_comment_form,Success,True,
1694282956070,749,selenium_save_comment:submit_form,Success,True,
1694282956070,1168,selenium_save_comment,Success,True,
.test_1_selenium_save_comment,Total:35 Passed:35 Failed:0
1694282957316,1244,selenium_search_jql,Success,True,
.test_1_selenium_search_jql,Total:36 Passed:36 Failed:0
1694282958319,1001,selenium_view_scrum_board_backlog,Success,True,
.test_1_selenium_view_backlog_for_scrum_board,Total:37 Passed:37 Failed:0
1694282959218,897,selenium_view_scrum_board,Success,True,
.test_1_selenium_view_scrum_board,Total:38 Passed:38 Failed:0
1694282960542,1323,selenium_view_kanban_board,Success,True,
.test_1_selenium_view_kanban_board,Total:39 Passed:39 Failed:0
1694282961069,525,selenium_view_dashboard,Success,True,
.test_1_selenium_view_dashboard,Total:40 Passed:40 Failed:0
1694282961600,529,selenium_view_issue,Success,True,
.test_1_selenium_view_issue,Total:41 Passed:41 Failed:0
1694282961912,311,selenium_log_out,Success,True,
.test_2_selenium_z_log_out,Total:42 Passed:42 Failed:0


=============================== warnings summary ===============================
../../root/.bzt/python-packages/3.11.4/_pytest/config/__init__.py:1204
  /root/.bzt/python-packages/3.11.4/_pytest/config/__init__.py:1204: PytestAssertRewriteWarning: Module already imported so cannot be rewritten: apiritif
    self._mark_plugins_for_rewrite(hook)

-- Docs: https://docs.pytest.org/en/stable/how-to/capture-warnings.html
======================== 14 passed, 1 warning in 12.52s ========================
============================= test session starts ==============================
platform linux -- Python 3.11.4, pytest-7.4.2, pluggy-1.3.0
rootdir: /dc-app-performance-toolkit/app
plugins: xdist-3.3.1, apiritif-1.1.3
collected 14 items

selenium_ui/jira_ui.py get driver from global
clear browser cookies
1694282962071,111,selenium_login:open_login_page,Success,True,
node_id:jira-3
1694282962675,603,selenium_login:login_and_view_dashboard,Success,True,
1694282962675,715,selenium_login,Success,True,
.test_0_selenium_a_login,Total:43 Passed:43 Failed:0
1694282963216,443,selenium_project_summary,Success,True,
.test_1_selenium_view_project_summary,Total:44 Passed:44 Failed:0
1694282963482,265,selenium_browse_projects_list,Success,True,
.test_1_selenium_browse_projects_list,Total:45 Passed:45 Failed:0
1694282964287,803,selenium_browse_boards_list,Success,True,
.test_1_selenium_browse_boards_list,Total:46 Passed:46 Failed:0
1694282965068,689,selenium_create_issue:open_quick_create,Success,True,
1694282966224,631,selenium_create_issue:fill_and_submit_issue_form:submit_issue_form,Success,True,
1694282966224,1156,selenium_create_issue:fill_and_submit_issue_form,Success,True,
1694282966224,1845,selenium_create_issue,Success,True,
.test_1_selenium_create_issue,Total:47 Passed:47 Failed:0
1694282966947,629,selenium_edit_issue:open_edit_issue_form,Success,True,
1694282967816,526,selenium_edit_issue:save_edit_issue_form,Success,True,
1694282967817,1498,selenium_edit_issue,Success,True,
.test_1_selenium_edit_issue,Total:48 Passed:48 Failed:0
1694282968159,340,selenium_save_comment:open_comment_form,Success,True,
1694282969069,818,selenium_save_comment:submit_form,Success,True,
1694282969069,1250,selenium_save_comment,Success,True,
.test_1_selenium_save_comment,Total:49 Passed:49 Failed:0
1694282970387,1316,selenium_search_jql,Success,True,
.test_1_selenium_search_jql,Total:50 Passed:50 Failed:0
1694282971228,840,selenium_view_scrum_board_backlog,Success,True,
.test_1_selenium_view_backlog_for_scrum_board,Total:51 Passed:51 Failed:0
1694282972067,837,selenium_view_scrum_board,Success,True,
.test_1_selenium_view_scrum_board,Total:52 Passed:52 Failed:0
1694282973099,1031,selenium_view_kanban_board,Success,True,
.test_1_selenium_view_kanban_board,Total:53 Passed:53 Failed:0
1694282973643,542,selenium_view_dashboard,Success,True,
.test_1_selenium_view_dashboard,Total:54 Passed:54 Failed:0
1694282974184,540,selenium_view_issue,Success,True,
.test_1_selenium_view_issue,Total:55 Passed:55 Failed:0
1694282974510,324,selenium_log_out,Success,True,
.test_2_selenium_z_log_out,Total:56 Passed:56 Failed:0


=============================== warnings summary ===============================
../../root/.bzt/python-packages/3.11.4/_pytest/config/__init__.py:1204
  /root/.bzt/python-packages/3.11.4/_pytest/config/__init__.py:1204: PytestAssertRewriteWarning: Module already imported so cannot be rewritten: apiritif
    self._mark_plugins_for_rewrite(hook)

-- Docs: https://docs.pytest.org/en/stable/how-to/capture-warnings.html
======================== 14 passed, 1 warning in 12.57s ========================
============================= test session starts ==============================
platform linux -- Python 3.11.4, pytest-7.4.2, pluggy-1.3.0
rootdir: /dc-app-performance-toolkit/app
plugins: xdist-3.3.1, apiritif-1.1.3
collected 14 items

selenium_ui/jira_ui.py get driver from global
clear browser cookies
1694282974669,110,selenium_login:open_login_page,Success,True,
node_id:jira-3
1694282975222,552,selenium_login:login_and_view_dashboard,Success,True,
1694282975222,664,selenium_login,Success,True,
.test_0_selenium_a_login,Total:57 Passed:57 Failed:0
1694282975764,421,selenium_project_summary,Success,True,
.test_1_selenium_view_project_summary,Total:58 Passed:58 Failed:0
1694282976065,300,selenium_browse_projects_list,Success,True,
.test_1_selenium_browse_projects_list,Total:59 Passed:59 Failed:0
1694282976852,785,selenium_browse_boards_list,Success,True,
.test_1_selenium_browse_boards_list,Total:60 Passed:60 Failed:0
1694282977566,599,selenium_create_issue:open_quick_create,Success,True,
1694282978698,637,selenium_create_issue:fill_and_submit_issue_form:submit_issue_form,Success,True,
1694282978698,1132,selenium_create_issue:fill_and_submit_issue_form,Success,True,
1694282978698,1732,selenium_create_issue,Success,True,
.test_1_selenium_create_issue,Total:61 Passed:61 Failed:0
1694282979432,595,selenium_edit_issue:open_edit_issue_form,Success,True,
1694282980439,654,selenium_edit_issue:save_edit_issue_form,Success,True,
1694282980439,1602,selenium_edit_issue,Success,True,
.test_1_selenium_edit_issue,Total:62 Passed:62 Failed:0
1694282980938,497,selenium_save_comment:open_comment_form,Success,True,
1694282981771,726,selenium_save_comment:submit_form,Success,True,
1694282981771,1330,selenium_save_comment,Success,True,
.test_1_selenium_save_comment,Total:63 Passed:63 Failed:0
1694282983211,1438,selenium_search_jql,Success,True,
.test_1_selenium_search_jql,Total:64 Passed:64 Failed:0
1694282984333,1120,selenium_view_scrum_board_backlog,Success,True,
.test_1_selenium_view_backlog_for_scrum_board,Total:65 Passed:65 Failed:0
1694282985168,833,selenium_view_scrum_board,Success,True,
.test_1_selenium_view_scrum_board,Total:66 Passed:66 Failed:0
1694282986105,935,selenium_view_kanban_board,Success,True,
.test_1_selenium_view_kanban_board,Total:67 Passed:67 Failed:0
1694282986500,393,selenium_view_dashboard,Success,True,
.test_1_selenium_view_dashboard,Total:68 Passed:68 Failed:0
1694282987035,533,selenium_view_issue,Success,True,
.test_1_selenium_view_issue,Total:69 Passed:69 Failed:0
1694282987372,336,selenium_log_out,Success,True,
.test_2_selenium_z_log_out,Total:70 Passed:70 Failed:0


=============================== warnings summary ===============================
../../root/.bzt/python-packages/3.11.4/_pytest/config/__init__.py:1204
  /root/.bzt/python-packages/3.11.4/_pytest/config/__init__.py:1204: PytestAssertRewriteWarning: Module already imported so cannot be rewritten: apiritif
    self._mark_plugins_for_rewrite(hook)

-- Docs: https://docs.pytest.org/en/stable/how-to/capture-warnings.html
======================== 14 passed, 1 warning in 12.83s ========================
============================= test session starts ==============================
platform linux -- Python 3.11.4, pytest-7.4.2, pluggy-1.3.0
rootdir: /dc-app-performance-toolkit/app
plugins: xdist-3.3.1, apiritif-1.1.3
collected 14 items

selenium_ui/jira_ui.py get driver from global
clear browser cookies
1694282987528,108,selenium_login:open_login_page,Success,True,
node_id:jira-0
1694282988205,676,selenium_login:login_and_view_dashboard,Success,True,
1694282988205,785,selenium_login,Success,True,
.test_0_selenium_a_login,Total:71 Passed:71 Failed:0
1694282988793,429,selenium_project_summary,Success,True,
.test_1_selenium_view_project_summary,Total:72 Passed:72 Failed:0
1694282989082,287,selenium_browse_projects_list,Success,True,
.test_1_selenium_browse_projects_list,Total:73 Passed:73 Failed:0
1694282989412,327,selenium_browse_boards_list,Success,True,
.test_1_selenium_browse_boards_list,Total:74 Passed:74 Failed:0
1694282990183,628,selenium_create_issue:open_quick_create,Success,True,
1694282991444,649,selenium_create_issue:fill_and_submit_issue_form:submit_issue_form,Success,True,
1694282991444,1261,selenium_create_issue:fill_and_submit_issue_form,Success,True,
1694282991444,1889,selenium_create_issue,Success,True,
.test_1_selenium_create_issue,Total:75 Passed:75 Failed:0
1694282992210,624,selenium_edit_issue:open_edit_issue_form,Success,True,
1694282993166,588,selenium_edit_issue:save_edit_issue_form,Success,True,
1694282993166,1580,selenium_edit_issue,Success,True,
.test_1_selenium_edit_issue,Total:76 Passed:76 Failed:0
1694282993537,370,selenium_save_comment:open_comment_form,Success,True,
1694282994430,801,selenium_save_comment:submit_form,Success,True,
1694282994430,1263,selenium_save_comment,Success,True,
.test_1_selenium_save_comment,Total:77 Passed:77 Failed:0
1694282995843,1411,selenium_search_jql,Success,True,
.test_1_selenium_search_jql,Total:78 Passed:78 Failed:0
1694282996842,997,selenium_view_scrum_board_backlog,Success,True,
.test_1_selenium_view_backlog_for_scrum_board,Total:79 Passed:79 Failed:0
1694282997285,442,selenium_view_scrum_board,Success,True,
.test_1_selenium_view_scrum_board,Total:80 Passed:80 Failed:0
1694282998457,1170,selenium_view_kanban_board,Success,True,
.test_1_selenium_view_kanban_board,Total:81 Passed:81 Failed:0
1694282998838,379,selenium_view_dashboard,Success,True,
.test_1_selenium_view_dashboard,Total:82 Passed:82 Failed:0
1694282999440,599,selenium_view_issue,Success,True,
.test_1_selenium_view_issue,Total:83 Passed:83 Failed:0
1694282999774,332,selenium_log_out,Success,True,
.test_2_selenium_z_log_out,Total:84 Passed:84 Failed:0


=============================== warnings summary ===============================
../../root/.bzt/python-packages/3.11.4/_pytest/config/__init__.py:1204
  /root/.bzt/python-packages/3.11.4/_pytest/config/__init__.py:1204: PytestAssertRewriteWarning: Module already imported so cannot be rewritten: apiritif
    self._mark_plugins_for_rewrite(hook)

-- Docs: https://docs.pytest.org/en/stable/how-to/capture-warnings.html
======================== 14 passed, 1 warning in 12.37s ========================
============================= test session starts ==============================
platform linux -- Python 3.11.4, pytest-7.4.2, pluggy-1.3.0
rootdir: /dc-app-performance-toolkit/app
plugins: xdist-3.3.1, apiritif-1.1.3
collected 14 items

selenium_ui/jira_ui.py get driver from global
clear browser cookies
1694282999938,114,selenium_login:open_login_page,Success,True,
node_id:jira-1
1694283000666,727,selenium_login:login_and_view_dashboard,Success,True,
1694283000666,842,selenium_login,Success,True,
.test_0_selenium_a_login,Total:85 Passed:85 Failed:0
1694283001294,430,selenium_project_summary,Success,True,
.test_1_selenium_view_project_summary,Total:86 Passed:86 Failed:0
1694283001579,283,selenium_browse_projects_list,Success,True,
.test_1_selenium_browse_projects_list,Total:87 Passed:87 Failed:0
1694283001859,279,selenium_browse_boards_list,Success,True,
.test_1_selenium_browse_boards_list,Total:88 Passed:88 Failed:0
1694283002646,616,selenium_create_issue:open_quick_create,Success,True,
1694283004057,694,selenium_create_issue:fill_and_submit_issue_form:submit_issue_form,Success,True,
1694283004057,1410,selenium_create_issue:fill_and_submit_issue_form,Success,True,
1694283004057,2027,selenium_create_issue,Success,True,
.test_1_selenium_create_issue,Total:89 Passed:89 Failed:0
1694283004892,675,selenium_edit_issue:open_edit_issue_form,Success,True,
1694283005939,759,selenium_edit_issue:save_edit_issue_form,Success,True,
1694283005939,1722,selenium_edit_issue,Success,True,
.test_1_selenium_edit_issue,Total:90 Passed:90 Failed:0
1694283006346,405,selenium_save_comment:open_comment_form,Success,True,
1694283007207,772,selenium_save_comment:submit_form,Success,True,
1694283007207,1266,selenium_save_comment,Success,True,
.test_1_selenium_save_comment,Total:91 Passed:91 Failed:0
1694283008757,1548,selenium_search_jql,Success,True,
.test_1_selenium_search_jql,Total:92 Passed:92 Failed:0
1694283009736,977,selenium_view_scrum_board_backlog,Success,True,
.test_1_selenium_view_backlog_for_scrum_board,Total:93 Passed:93 Failed:0
1694283010228,490,selenium_view_scrum_board,Success,True,
.test_1_selenium_view_scrum_board,Total:94 Passed:94 Failed:0
1694283011082,852,selenium_view_kanban_board,Success,True,
.test_1_selenium_view_kanban_board,Total:95 Passed:95 Failed:0
1694283011478,394,selenium_view_dashboard,Success,True,
.test_1_selenium_view_dashboard,Total:96 Passed:96 Failed:0
1694283012088,608,selenium_view_issue,Success,True,
.test_1_selenium_view_issue,Total:97 Passed:97 Failed:0
1694283012468,378,selenium_log_out,Success,True,
.test_2_selenium_z_log_out,Total:98 Passed:98 Failed:0


=============================== warnings summary ===============================
../../root/.bzt/python-packages/3.11.4/_pytest/config/__init__.py:1204
  /root/.bzt/python-packages/3.11.4/_pytest/config/__init__.py:1204: PytestAssertRewriteWarning: Module already imported so cannot be rewritten: apiritif
    self._mark_plugins_for_rewrite(hook)

-- Docs: https://docs.pytest.org/en/stable/how-to/capture-warnings.html
======================== 14 passed, 1 warning in 12.66s ========================
============================= test session starts ==============================
platform linux -- Python 3.11.4, pytest-7.4.2, pluggy-1.3.0
rootdir: /dc-app-performance-toolkit/app
plugins: xdist-3.3.1, apiritif-1.1.3
collected 14 items

selenium_ui/jira_ui.py get driver from global
clear browser cookies
1694283013048,527,selenium_login:open_login_page,Success,True,
node_id:jira-2
1694283014469,1420,selenium_login:login_and_view_dashboard,Success,True,
1694283014469,1948,selenium_login,Success,True,
.test_0_selenium_a_login,Total:99 Passed:99 Failed:0
1694283015145,451,selenium_project_summary,Success,True,
.test_1_selenium_view_project_summary,Total:100 Passed:100 Failed:0
1694283015414,267,selenium_browse_projects_list,Success,True,
.test_1_selenium_browse_projects_list,Total:101 Passed:101 Failed:0
1694283016248,831,selenium_browse_boards_list,Success,True,
.test_1_selenium_browse_boards_list,Total:102 Passed:102 Failed:0
1694283017065,615,selenium_create_issue:open_quick_create,Success,True,
1694283018357,681,selenium_create_issue:fill_and_submit_issue_form:submit_issue_form,Success,True,
1694283018357,1292,selenium_create_issue:fill_and_submit_issue_form,Success,True,
1694283018357,1908,selenium_create_issue,Success,True,
.test_1_selenium_create_issue,Total:103 Passed:103 Failed:0
1694283019160,612,selenium_edit_issue:open_edit_issue_form,Success,True,
1694283020103,598,selenium_edit_issue:save_edit_issue_form,Success,True,
1694283020104,1555,selenium_edit_issue,Success,True,
.test_1_selenium_edit_issue,Total:104 Passed:104 Failed:0
1694283020594,488,selenium_save_comment:open_comment_form,Success,True,
1694283021444,760,selenium_save_comment:submit_form,Success,True,
1694283021444,1338,selenium_save_comment,Success,True,
.test_1_selenium_save_comment,Total:105 Passed:105 Failed:0
1694283022963,1517,selenium_search_jql,Success,True,
.test_1_selenium_search_jql,Total:106 Passed:106 Failed:0
1694283023970,1005,selenium_view_scrum_board_backlog,Success,True,
.test_1_selenium_view_backlog_for_scrum_board,Total:107 Passed:107 Failed:0
1694283024935,963,selenium_view_scrum_board,Success,True,
.test_1_selenium_view_scrum_board,Total:108 Passed:108 Failed:0
1694283026014,1077,selenium_view_kanban_board,Success,True,
.test_1_selenium_view_kanban_board,Total:109 Passed:109 Failed:0
1694283026758,743,selenium_view_dashboard,Success,True,
.test_1_selenium_view_dashboard,Total:110 Passed:110 Failed:0
1694283027307,547,selenium_view_issue,Success,True,
.test_1_selenium_view_issue,Total:111 Passed:111 Failed:0
1694283027682,373,selenium_log_out,Success,True,
.test_2_selenium_z_log_out,Total:112 Passed:112 Failed:0


=============================== warnings summary ===============================
../../root/.bzt/python-packages/3.11.4/_pytest/config/__init__.py:1204
  /root/.bzt/python-packages/3.11.4/_pytest/config/__init__.py:1204: PytestAssertRewriteWarning: Module already imported so cannot be rewritten: apiritif
    self._mark_plugins_for_rewrite(hook)

-- Docs: https://docs.pytest.org/en/stable/how-to/capture-warnings.html
======================== 14 passed, 1 warning in 15.18s ========================
============================= test session starts ==============================
platform linux -- Python 3.11.4, pytest-7.4.2, pluggy-1.3.0
rootdir: /dc-app-performance-toolkit/app
plugins: xdist-3.3.1, apiritif-1.1.3
collected 14 items

selenium_ui/jira_ui.py get driver from global
clear browser cookies
1694283027835,106,selenium_login:open_login_page,Success,True,
node_id:jira-2
1694283029302,1466,selenium_login:login_and_view_dashboard,Success,True,
1694283029302,1572,selenium_login,Success,True,
.test_0_selenium_a_login,Total:113 Passed:113 Failed:0
1694283029900,421,selenium_project_summary,Success,True,
.test_1_selenium_view_project_summary,Total:114 Passed:114 Failed:0
1694283030148,246,selenium_browse_projects_list,Success,True,
.test_1_selenium_browse_projects_list,Total:115 Passed:115 Failed:0
1694283030986,836,selenium_browse_boards_list,Success,True,
.test_1_selenium_browse_boards_list,Total:116 Passed:116 Failed:0
1694283031835,618,selenium_create_issue:open_quick_create,Success,True,
1694283033171,666,selenium_create_issue:fill_and_submit_issue_form:submit_issue_form,Success,True,
1694283033173,1337,selenium_create_issue:fill_and_submit_issue_form,Success,True,
1694283033174,1957,selenium_create_issue,Success,True,
.test_1_selenium_create_issue,Total:117 Passed:117 Failed:0
1694283034009,607,selenium_edit_issue:open_edit_issue_form,Success,True,
1694283034928,583,selenium_edit_issue:save_edit_issue_form,Success,True,
1694283034928,1526,selenium_edit_issue,Success,True,
.test_1_selenium_edit_issue,Total:118 Passed:118 Failed:0
1694283035441,511,selenium_save_comment:open_comment_form,Success,True,
1694283036373,786,selenium_save_comment:submit_form,Success,True,
1694283036373,1443,selenium_save_comment,Success,True,
.test_1_selenium_save_comment,Total:119 Passed:119 Failed:0
1694283037963,1588,selenium_search_jql,Success,True,
.test_1_selenium_search_jql,Total:120 Passed:120 Failed:0
1694283039104,1139,selenium_view_scrum_board_backlog,Success,True,
.test_1_selenium_view_backlog_for_scrum_board,Total:121 Passed:121 Failed:0
1694283039995,889,selenium_view_scrum_board,Success,True,
.test_1_selenium_view_scrum_board,Total:122 Passed:122 Failed:0
1694283040982,985,selenium_view_kanban_board,Success,True,
.test_1_selenium_view_kanban_board,Total:123 Passed:123 Failed:0
1694283041568,584,selenium_view_dashboard,Success,True,
.test_1_selenium_view_dashboard,Total:124 Passed:124 Failed:0
1694283042177,607,selenium_view_issue,Success,True,
.test_1_selenium_view_issue,Total:125 Passed:125 Failed:0
1694283042516,338,selenium_log_out,Success,True,
.test_2_selenium_z_log_out,Total:126 Passed:126 Failed:0


=============================== warnings summary ===============================
../../root/.bzt/python-packages/3.11.4/_pytest/config/__init__.py:1204
  /root/.bzt/python-packages/3.11.4/_pytest/config/__init__.py:1204: PytestAssertRewriteWarning: Module already imported so cannot be rewritten: apiritif
    self._mark_plugins_for_rewrite(hook)

-- Docs: https://docs.pytest.org/en/stable/how-to/capture-warnings.html
======================== 14 passed, 1 warning in 14.80s ========================
============================= test session starts ==============================
platform linux -- Python 3.11.4, pytest-7.4.2, pluggy-1.3.0
rootdir: /dc-app-performance-toolkit/app
plugins: xdist-3.3.1, apiritif-1.1.3
collected 14 items

selenium_ui/jira_ui.py get driver from global
clear browser cookies
1694283042676,112,selenium_login:open_login_page,Success,True,
node_id:jira-1
1694283043219,542,selenium_login:login_and_view_dashboard,Success,True,
1694283043219,654,selenium_login,Success,True,
.test_0_selenium_a_login,Total:127 Passed:127 Failed:0
1694283043949,439,selenium_project_summary,Success,True,
.test_1_selenium_view_project_summary,Total:128 Passed:128 Failed:0
1694283044247,296,selenium_browse_projects_list,Success,True,
.test_1_selenium_browse_projects_list,Total:129 Passed:129 Failed:0
1694283044515,265,selenium_browse_boards_list,Success,True,
.test_1_selenium_browse_boards_list,Total:130 Passed:130 Failed:0
1694283045377,615,selenium_create_issue:open_quick_create,Success,True,
1694283046625,674,selenium_create_issue:fill_and_submit_issue_form:submit_issue_form,Success,True,
1694283046625,1247,selenium_create_issue:fill_and_submit_issue_form,Success,True,
1694283046625,1863,selenium_create_issue,Success,True,
.test_1_selenium_create_issue,Total:131 Passed:131 Failed:0
1694283047429,565,selenium_edit_issue:open_edit_issue_form,Success,True,
1694283048388,597,selenium_edit_issue:save_edit_issue_form,Success,True,
1694283048388,1524,selenium_edit_issue,Success,True,
.test_1_selenium_edit_issue,Total:132 Passed:132 Failed:0
1694283048861,471,selenium_save_comment:open_comment_form,Success,True,
1694283049727,776,selenium_save_comment:submit_form,Success,True,
1694283049727,1337,selenium_save_comment,Success,True,
.test_1_selenium_save_comment,Total:133 Passed:133 Failed:0
1694283051260,1532,selenium_search_jql,Success,True,
.test_1_selenium_search_jql,Total:134 Passed:134 Failed:0
1694283052299,1037,selenium_view_scrum_board_backlog,Success,True,
.test_1_selenium_view_backlog_for_scrum_board,Total:135 Passed:135 Failed:0
1694283053218,918,selenium_view_scrum_board,Success,True,
.test_1_selenium_view_scrum_board,Total:136 Passed:136 Failed:0
1694283054615,1393,selenium_view_kanban_board,Success,True,
.test_1_selenium_view_kanban_board,Total:137 Passed:137 Failed:0
1694283055251,634,selenium_view_dashboard,Success,True,
.test_1_selenium_view_dashboard,Total:138 Passed:138 Failed:0
1694283055820,568,selenium_view_issue,Success,True,
.test_1_selenium_view_issue,Total:139 Passed:139 Failed:0
1694283056148,326,selenium_log_out,Success,True,
.test_2_selenium_z_log_out,Total:140 Passed:140 Failed:0


=============================== warnings summary ===============================
../../root/.bzt/python-packages/3.11.4/_pytest/config/__init__.py:1204
  /root/.bzt/python-packages/3.11.4/_pytest/config/__init__.py:1204: PytestAssertRewriteWarning: Module already imported so cannot be rewritten: apiritif
    self._mark_plugins_for_rewrite(hook)

-- Docs: https://docs.pytest.org/en/stable/how-to/capture-warnings.html
======================== 14 passed, 1 warning in 13.60s ========================
============================= test session starts ==============================
platform linux -- Python 3.11.4, pytest-7.4.2, pluggy-1.3.0
rootdir: /dc-app-performance-toolkit/app
plugins: xdist-3.3.1, apiritif-1.1.3
collected 14 items

selenium_ui/jira_ui.py get driver from global
clear browser cookies
1694283056310,115,selenium_login:open_login_page,Success,True,
node_id:jira-2
1694283056965,654,selenium_login:login_and_view_dashboard,Success,True,
1694283056965,770,selenium_login,Success,True,
.test_0_selenium_a_login,Total:141 Passed:141 Failed:0
1694283057748,431,selenium_project_summary,Success,True,
.test_1_selenium_view_project_summary,Total:142 Passed:142 Failed:0
1694283058016,267,selenium_browse_projects_list,Success,True,
.test_1_selenium_browse_projects_list,Total:143 Passed:143 Failed:0
1694283058869,850,selenium_browse_boards_list,Success,True,
.test_1_selenium_browse_boards_list,Total:144 Passed:144 Failed:0
1694283059771,630,selenium_create_issue:open_quick_create,Success,True,
1694283061230,692,selenium_create_issue:fill_and_submit_issue_form:submit_issue_form,Success,True,
1694283061230,1459,selenium_create_issue:fill_and_submit_issue_form,Success,True,
1694283061230,2090,selenium_create_issue,Success,True,
.test_1_selenium_create_issue,Total:145 Passed:145 Failed:0
1694283062266,764,selenium_edit_issue:open_edit_issue_form,Success,True,
1694283063129,606,selenium_edit_issue:save_edit_issue_form,Success,True,
1694283063129,1627,selenium_edit_issue,Success,True,
.test_1_selenium_edit_issue,Total:146 Passed:146 Failed:0
1694283063554,423,selenium_save_comment:open_comment_form,Success,True,
1694283064344,699,selenium_save_comment:submit_form,Success,True,
1694283064345,1213,selenium_save_comment,Success,True,
.test_1_selenium_save_comment,Total:147 Passed:147 Failed:0
1694283065998,1652,selenium_search_jql,Success,True,
.test_1_selenium_search_jql,Total:148 Passed:148 Failed:0
1694283067172,1173,selenium_view_scrum_board_backlog,Success,True,
.test_1_selenium_view_backlog_for_scrum_board,Total:149 Passed:149 Failed:0
1694283068071,897,selenium_view_scrum_board,Success,True,
.test_1_selenium_view_scrum_board,Total:150 Passed:150 Failed:0
1694283069009,935,selenium_view_kanban_board,Success,True,
.test_1_selenium_view_kanban_board,Total:151 Passed:151 Failed:0
1694283069390,380,selenium_view_dashboard,Success,True,
.test_1_selenium_view_dashboard,Total:152 Passed:152 Failed:0
1694283069930,537,selenium_view_issue,Success,True,
.test_1_selenium_view_issue,Total:153 Passed:153 Failed:0
1694283070285,354,selenium_log_out,Success,True,
.test_2_selenium_z_log_out,Total:154 Passed:154 Failed:0


=============================== warnings summary ===============================
../../root/.bzt/python-packages/3.11.4/_pytest/config/__init__.py:1204
  /root/.bzt/python-packages/3.11.4/_pytest/config/__init__.py:1204: PytestAssertRewriteWarning: Module already imported so cannot be rewritten: apiritif
    self._mark_plugins_for_rewrite(hook)

-- Docs: https://docs.pytest.org/en/stable/how-to/capture-warnings.html
======================== 14 passed, 1 warning in 14.11s ========================
============================= test session starts ==============================
platform linux -- Python 3.11.4, pytest-7.4.2, pluggy-1.3.0
rootdir: /dc-app-performance-toolkit/app
plugins: xdist-3.3.1, apiritif-1.1.3
collected 14 items

selenium_ui/jira_ui.py get driver from global
clear browser cookies
1694283070463,115,selenium_login:open_login_page,Success,True,
node_id:jira-1
1694283070969,505,selenium_login:login_and_view_dashboard,Success,True,
1694283070969,622,selenium_login,Success,True,
.test_0_selenium_a_login,Total:155 Passed:155 Failed:0
1694283071693,417,selenium_project_summary,Success,True,
.test_1_selenium_view_project_summary,Total:156 Passed:156 Failed:0
1694283071973,278,selenium_browse_projects_list,Success,True,
.test_1_selenium_browse_projects_list,Total:157 Passed:157 Failed:0
1694283072241,266,selenium_browse_boards_list,Success,True,
.test_1_selenium_browse_boards_list,Total:158 Passed:158 Failed:0
1694283073187,648,selenium_create_issue:open_quick_create,Success,True,
1694283074497,705,selenium_create_issue:fill_and_submit_issue_form:submit_issue_form,Success,True,
1694283074497,1310,selenium_create_issue:fill_and_submit_issue_form,Success,True,
1694283074497,1959,selenium_create_issue,Success,True,
.test_1_selenium_create_issue,Total:159 Passed:159 Failed:0
1694283075361,572,selenium_edit_issue:open_edit_issue_form,Success,True,
1694283076289,566,selenium_edit_issue:save_edit_issue_form,Success,True,
1694283076289,1501,selenium_edit_issue,Success,True,
.test_1_selenium_edit_issue,Total:160 Passed:160 Failed:0
1694283076633,342,selenium_save_comment:open_comment_form,Success,True,
1694283077497,773,selenium_save_comment:submit_form,Success,True,
1694283077498,1207,selenium_save_comment,Success,True,
.test_1_selenium_save_comment,Total:161 Passed:161 Failed:0
1694283079074,1575,selenium_search_jql,Success,True,
.test_1_selenium_search_jql,Total:162 Passed:162 Failed:0
1694283080041,965,selenium_view_scrum_board_backlog,Success,True,
.test_1_selenium_view_backlog_for_scrum_board,Total:163 Passed:163 Failed:0
1694283080972,930,selenium_view_scrum_board,Success,True,
.test_1_selenium_view_scrum_board,Total:164 Passed:164 Failed:0
1694283081484,510,selenium_view_kanban_board,Success,True,
.test_1_selenium_view_kanban_board,Total:165 Passed:165 Failed:0
1694283082117,631,selenium_view_dashboard,Success,True,
.test_1_selenium_view_dashboard,Total:166 Passed:166 Failed:0
1694283082688,569,selenium_view_issue,Success,True,
.test_1_selenium_view_issue,Total:167 Passed:167 Failed:0
1694283083052,363,selenium_log_out,Success,True,
.test_2_selenium_z_log_out,Total:168 Passed:168 Failed:0


=============================== warnings summary ===============================
../../root/.bzt/python-packages/3.11.4/_pytest/config/__init__.py:1204
  /root/.bzt/python-packages/3.11.4/_pytest/config/__init__.py:1204: PytestAssertRewriteWarning: Module already imported so cannot be rewritten: apiritif
    self._mark_plugins_for_rewrite(hook)

-- Docs: https://docs.pytest.org/en/stable/how-to/capture-warnings.html
======================== 14 passed, 1 warning in 12.72s ========================
============================= test session starts ==============================
platform linux -- Python 3.11.4, pytest-7.4.2, pluggy-1.3.0
rootdir: /dc-app-performance-toolkit/app
plugins: xdist-3.3.1, apiritif-1.1.3
collected 14 items

selenium_ui/jira_ui.py get driver from global
clear browser cookies
1694283083220,115,selenium_login:open_login_page,Success,True,
node_id:jira-2
1694283083770,549,selenium_login:login_and_view_dashboard,Success,True,
1694283083770,665,selenium_login,Success,True,
.test_0_selenium_a_login,Total:169 Passed:169 Failed:0
1694283084555,398,selenium_project_summary,Success,True,
.test_1_selenium_view_project_summary,Total:170 Passed:170 Failed:0
1694283084831,274,selenium_browse_projects_list,Success,True,
.test_1_selenium_browse_projects_list,Total:171 Passed:171 Failed:0
1694283085691,858,selenium_browse_boards_list,Success,True,
.test_1_selenium_browse_boards_list,Total:172 Passed:172 Failed:0
1694283086697,649,selenium_create_issue:open_quick_create,Success,True,
1694283088132,718,selenium_create_issue:fill_and_submit_issue_form:submit_issue_form,Success,True,
1694283088132,1435,selenium_create_issue:fill_and_submit_issue_form,Success,True,
1694283088132,2085,selenium_create_issue,Success,True,
.test_1_selenium_create_issue,Total:173 Passed:173 Failed:0
1694283089082,612,selenium_edit_issue:open_edit_issue_form,Success,True,
1694283090033,591,selenium_edit_issue:save_edit_issue_form,Success,True,
1694283090033,1563,selenium_edit_issue,Success,True,
.test_1_selenium_edit_issue,Total:174 Passed:174 Failed:0
1694283090589,554,selenium_save_comment:open_comment_form,Success,True,
1694283091369,687,selenium_save_comment:submit_form,Success,True,
1694283091369,1334,selenium_save_comment,Success,True,
.test_1_selenium_save_comment,Total:175 Passed:175 Failed:0
1694283092239,869,selenium_search_jql,Success,True,
.test_1_selenium_search_jql,Total:176 Passed:176 Failed:0
1694283093252,1011,selenium_view_scrum_board_backlog,Success,True,
.test_1_selenium_view_backlog_for_scrum_board,Total:177 Passed:177 Failed:0
1694283094333,1080,selenium_view_scrum_board,Success,True,
.test_1_selenium_view_scrum_board,Total:178 Passed:178 Failed:0
1694283095783,1448,selenium_view_kanban_board,Success,True,
.test_1_selenium_view_kanban_board,Total:179 Passed:179 Failed:0
1694283096437,652,selenium_view_dashboard,Success,True,
.test_1_selenium_view_dashboard,Total:180 Passed:180 Failed:0
1694283096952,514,selenium_view_issue,Success,True,
.test_1_selenium_view_issue,Total:181 Passed:181 Failed:0
1694283097280,326,selenium_log_out,Success,True,
.test_2_selenium_z_log_out,Total:182 Passed:182 Failed:0


=============================== warnings summary ===============================
../../root/.bzt/python-packages/3.11.4/_pytest/config/__init__.py:1204
  /root/.bzt/python-packages/3.11.4/_pytest/config/__init__.py:1204: PytestAssertRewriteWarning: Module already imported so cannot be rewritten: apiritif
    self._mark_plugins_for_rewrite(hook)

-- Docs: https://docs.pytest.org/en/stable/how-to/capture-warnings.html
======================== 14 passed, 1 warning in 14.19s ========================
============================= test session starts ==============================
platform linux -- Python 3.11.4, pytest-7.4.2, pluggy-1.3.0
rootdir: /dc-app-performance-toolkit/app
plugins: xdist-3.3.1, apiritif-1.1.3
collected 14 items

selenium_ui/jira_ui.py get driver from global
clear browser cookies
1694283097441,111,selenium_login:open_login_page,Success,True,
node_id:jira-2
1694283098829,1387,selenium_login:login_and_view_dashboard,Success,True,
1694283098829,1498,selenium_login,Success,True,
.test_0_selenium_a_login,Total:183 Passed:183 Failed:0
1694283099531,395,selenium_project_summary,Success,True,
.test_1_selenium_view_project_summary,Total:184 Passed:184 Failed:0
1694283099791,258,selenium_browse_projects_list,Success,True,
.test_1_selenium_browse_projects_list,Total:185 Passed:185 Failed:0
1694283100632,840,selenium_browse_boards_list,Success,True,
.test_1_selenium_browse_boards_list,Total:186 Passed:186 Failed:0
1694283101614,619,selenium_create_issue:open_quick_create,Success,True,
1694283102957,706,selenium_create_issue:fill_and_submit_issue_form:submit_issue_form,Success,True,
1694283102957,1342,selenium_create_issue:fill_and_submit_issue_form,Success,True,
1694283102957,1961,selenium_create_issue,Success,True,
.test_1_selenium_create_issue,Total:187 Passed:187 Failed:0
1694283103943,639,selenium_edit_issue:open_edit_issue_form,Success,True,
1694283104763,567,selenium_edit_issue:save_edit_issue_form,Success,True,
1694283104763,1459,selenium_edit_issue,Success,True,
.test_1_selenium_edit_issue,Total:188 Passed:188 Failed:0
1694283105201,436,selenium_save_comment:open_comment_form,Success,True,
1694283106068,775,selenium_save_comment:submit_form,Success,True,
1694283106068,1303,selenium_save_comment,Success,True,
.test_1_selenium_save_comment,Total:189 Passed:189 Failed:0
1694283106911,841,selenium_search_jql,Success,True,
.test_1_selenium_search_jql,Total:190 Passed:190 Failed:0
1694283108048,1135,selenium_view_scrum_board_backlog,Success,True,
.test_1_selenium_view_backlog_for_scrum_board,Total:191 Passed:191 Failed:0
1694283109041,991,selenium_view_scrum_board,Success,True,
.test_1_selenium_view_scrum_board,Total:192 Passed:192 Failed:0
1694283110095,1052,selenium_view_kanban_board,Success,True,
.test_1_selenium_view_kanban_board,Total:193 Passed:193 Failed:0
1694283110722,625,selenium_view_dashboard,Success,True,
.test_1_selenium_view_dashboard,Total:194 Passed:194 Failed:0
1694283111294,570,selenium_view_issue,Success,True,
.test_1_selenium_view_issue,Total:195 Passed:195 Failed:0
1694283111616,320,selenium_log_out,Success,True,
.test_2_selenium_z_log_out,Total:196 Passed:196 Failed:0


=============================== warnings summary ===============================
../../root/.bzt/python-packages/3.11.4/_pytest/config/__init__.py:1204
  /root/.bzt/python-packages/3.11.4/_pytest/config/__init__.py:1204: PytestAssertRewriteWarning: Module already imported so cannot be rewritten: apiritif
    self._mark_plugins_for_rewrite(hook)

-- Docs: https://docs.pytest.org/en/stable/how-to/capture-warnings.html
======================== 14 passed, 1 warning in 14.30s ========================
============================= test session starts ==============================
platform linux -- Python 3.11.4, pytest-7.4.2, pluggy-1.3.0
rootdir: /dc-app-performance-toolkit/app
plugins: xdist-3.3.1, apiritif-1.1.3
collected 14 items

selenium_ui/jira_ui.py get driver from global
clear browser cookies
1694283111773,109,selenium_login:open_login_page,Success,True,
node_id:jira-0
1694283113092,1319,selenium_login:login_and_view_dashboard,Success,True,
1694283113092,1428,selenium_login,Success,True,
.test_0_selenium_a_login,Total:197 Passed:197 Failed:0
1694283113795,405,selenium_project_summary,Success,True,
.test_1_selenium_view_project_summary,Total:198 Passed:198 Failed:0
1694283114046,249,selenium_browse_projects_list,Success,True,
.test_1_selenium_browse_projects_list,Total:199 Passed:199 Failed:0
1694283114315,268,selenium_browse_boards_list,Success,True,
.test_1_selenium_browse_boards_list,Total:200 Passed:200 Failed:0
1694283115334,617,selenium_create_issue:open_quick_create,Success,True,
1694283116681,736,selenium_create_issue:fill_and_submit_issue_form:submit_issue_form,Success,True,
1694283116681,1347,selenium_create_issue:fill_and_submit_issue_form,Success,True,
1694283116681,1965,selenium_create_issue,Success,True,
.test_1_selenium_create_issue,Total:201 Passed:201 Failed:0
1694283117622,551,selenium_edit_issue:open_edit_issue_form,Success,True,
1694283118485,520,selenium_edit_issue:save_edit_issue_form,Success,True,
1694283118485,1415,selenium_edit_issue,Success,True,
.test_1_selenium_edit_issue,Total:202 Passed:202 Failed:0
1694283118888,401,selenium_save_comment:open_comment_form,Success,True,
1694283119794,809,selenium_save_comment:submit_form,Success,True,
1694283119794,1307,selenium_save_comment,Success,True,
.test_1_selenium_save_comment,Total:203 Passed:203 Failed:0
1694283120587,791,selenium_search_jql,Success,True,
.test_1_selenium_search_jql,Total:204 Passed:204 Failed:0
1694283121764,1175,selenium_view_scrum_board_backlog,Success,True,
.test_1_selenium_view_backlog_for_scrum_board,Total:205 Passed:205 Failed:0
1694283122721,955,selenium_view_scrum_board,Success,True,
.test_1_selenium_view_scrum_board,Total:206 Passed:206 Failed:0
1694283123681,959,selenium_view_kanban_board,Success,True,
.test_1_selenium_view_kanban_board,Total:207 Passed:207 Failed:0
1694283124059,376,selenium_view_dashboard,Success,True,
.test_1_selenium_view_dashboard,Total:208 Passed:208 Failed:0
1694283124610,549,selenium_view_issue,Success,True,
.test_1_selenium_view_issue,Total:209 Passed:209 Failed:0
1694283124920,309,selenium_log_out,Success,True,
.test_2_selenium_z_log_out,Total:210 Passed:210 Failed:0


=============================== warnings summary ===============================
../../root/.bzt/python-packages/3.11.4/_pytest/config/__init__.py:1204
  /root/.bzt/python-packages/3.11.4/_pytest/config/__init__.py:1204: PytestAssertRewriteWarning: Module already imported so cannot be rewritten: apiritif
    self._mark_plugins_for_rewrite(hook)

-- Docs: https://docs.pytest.org/en/stable/how-to/capture-warnings.html
======================== 14 passed, 1 warning in 13.27s ========================
============================= test session starts ==============================
platform linux -- Python 3.11.4, pytest-7.4.2, pluggy-1.3.0
rootdir: /dc-app-performance-toolkit/app
plugins: xdist-3.3.1, apiritif-1.1.3
collected 14 items

selenium_ui/jira_ui.py get driver from global
clear browser cookies
1694283125089,120,selenium_login:open_login_page,Success,True,
node_id:jira-2
1694283125724,634,selenium_login:login_and_view_dashboard,Success,True,
1694283125724,755,selenium_login,Success,True,
.test_0_selenium_a_login,Total:211 Passed:211 Failed:0
1694283126594,452,selenium_project_summary,Success,True,
.test_1_selenium_view_project_summary,Total:212 Passed:212 Failed:0
1694283126859,263,selenium_browse_projects_list,Success,True,
.test_1_selenium_browse_projects_list,Total:213 Passed:213 Failed:0
1694283127102,241,selenium_browse_boards_list,Success,True,
.test_1_selenium_browse_boards_list,Total:214 Passed:214 Failed:0
1694283128138,652,selenium_create_issue:open_quick_create,Success,True,
1694283129413,724,selenium_create_issue:fill_and_submit_issue_form:submit_issue_form,Success,True,
1694283129413,1274,selenium_create_issue:fill_and_submit_issue_form,Success,True,
1694283129413,1927,selenium_create_issue,Success,True,
.test_1_selenium_create_issue,Total:215 Passed:215 Failed:0
1694283130386,588,selenium_edit_issue:open_edit_issue_form,Success,True,
1694283131312,591,selenium_edit_issue:save_edit_issue_form,Success,True,
1694283131312,1513,selenium_edit_issue,Success,True,
.test_1_selenium_edit_issue,Total:216 Passed:216 Failed:0
1694283131728,414,selenium_save_comment:open_comment_form,Success,True,
1694283132590,772,selenium_save_comment:submit_form,Success,True,
1694283132590,1276,selenium_save_comment,Success,True,
.test_1_selenium_save_comment,Total:217 Passed:217 Failed:0
1694283133414,822,selenium_search_jql,Success,True,
.test_1_selenium_search_jql,Total:218 Passed:218 Failed:0
1694283134575,1160,selenium_view_scrum_board_backlog,Success,True,
.test_1_selenium_view_backlog_for_scrum_board,Total:219 Passed:219 Failed:0
1694283135544,967,selenium_view_scrum_board,Success,True,
.test_1_selenium_view_scrum_board,Total:220 Passed:220 Failed:0
1694283136520,974,selenium_view_kanban_board,Success,True,
.test_1_selenium_view_kanban_board,Total:221 Passed:221 Failed:0
1694283136907,386,selenium_view_dashboard,Success,True,
.test_1_selenium_view_dashboard,Total:222 Passed:222 Failed:0
1694283137418,508,selenium_view_issue,Success,True,
.test_1_selenium_view_issue,Total:223 Passed:223 Failed:0
1694283137757,337,selenium_log_out,Success,True,
.test_2_selenium_z_log_out,Total:224 Passed:224 Failed:0


=============================== warnings summary ===============================
../../root/.bzt/python-packages/3.11.4/_pytest/config/__init__.py:1204
  /root/.bzt/python-packages/3.11.4/_pytest/config/__init__.py:1204: PytestAssertRewriteWarning: Module already imported so cannot be rewritten: apiritif
    self._mark_plugins_for_rewrite(hook)

-- Docs: https://docs.pytest.org/en/stable/how-to/capture-warnings.html
======================== 14 passed, 1 warning in 12.81s ========================
============================= test session starts ==============================
platform linux -- Python 3.11.4, pytest-7.4.2, pluggy-1.3.0
rootdir: /dc-app-performance-toolkit/app
plugins: xdist-3.3.1, apiritif-1.1.3
collected 14 items

selenium_ui/jira_ui.py get driver from global
clear browser cookies
1694283137918,112,selenium_login:open_login_page,Success,True,
node_id:jira-1
1694283138464,545,selenium_login:login_and_view_dashboard,Success,True,
1694283138464,658,selenium_login,Success,True,
.test_0_selenium_a_login,Total:225 Passed:225 Failed:0
1694283139327,410,selenium_project_summary,Success,True,
.test_1_selenium_view_project_summary,Total:226 Passed:226 Failed:0
1694283139611,281,selenium_browse_projects_list,Success,True,
.test_1_selenium_browse_projects_list,Total:227 Passed:227 Failed:0
1694283140467,855,selenium_browse_boards_list,Success,True,
.test_1_selenium_browse_boards_list,Total:228 Passed:228 Failed:0
1694283141543,625,selenium_create_issue:open_quick_create,Success,True,
1694283143009,745,selenium_create_issue:fill_and_submit_issue_form:submit_issue_form,Success,True,
1694283143010,1466,selenium_create_issue:fill_and_submit_issue_form,Success,True,
1694283143010,2092,selenium_create_issue,Success,True,
.test_1_selenium_create_issue,Total:229 Passed:229 Failed:0
1694283144144,702,selenium_edit_issue:open_edit_issue_form,Success,True,
1694283144939,531,selenium_edit_issue:save_edit_issue_form,Success,True,
1694283144939,1496,selenium_edit_issue,Success,True,
.test_1_selenium_edit_issue,Total:230 Passed:230 Failed:0
1694283145282,341,selenium_save_comment:open_comment_form,Success,True,
1694283146105,729,selenium_save_comment:submit_form,Success,True,
1694283146105,1165,selenium_save_comment,Success,True,
.test_1_selenium_save_comment,Total:231 Passed:231 Failed:0
1694283146924,816,selenium_search_jql,Success,True,
.test_1_selenium_search_jql,Total:232 Passed:232 Failed:0
1694283148065,1139,selenium_view_scrum_board_backlog,Success,True,
.test_1_selenium_view_backlog_for_scrum_board,Total:233 Passed:233 Failed:0
1694283148394,328,selenium_view_scrum_board,Success,True,
.test_1_selenium_view_scrum_board,Total:234 Passed:234 Failed:0
1694283148865,469,selenium_view_kanban_board,Success,True,
.test_1_selenium_view_kanban_board,Total:235 Passed:235 Failed:0
1694283149331,463,selenium_view_dashboard,Success,True,
.test_1_selenium_view_dashboard,Total:236 Passed:236 Failed:0
1694283149853,521,selenium_view_issue,Success,True,
.test_1_selenium_view_issue,Total:237 Passed:237 Failed:0
1694283150191,336,selenium_log_out,Success,True,
.test_2_selenium_z_log_out,Total:238 Passed:238 Failed:0


=============================== warnings summary ===============================
../../root/.bzt/python-packages/3.11.4/_pytest/config/__init__.py:1204
  /root/.bzt/python-packages/3.11.4/_pytest/config/__init__.py:1204: PytestAssertRewriteWarning: Module already imported so cannot be rewritten: apiritif
    self._mark_plugins_for_rewrite(hook)

-- Docs: https://docs.pytest.org/en/stable/how-to/capture-warnings.html
======================== 14 passed, 1 warning in 12.40s ========================
============================= test session starts ==============================
platform linux -- Python 3.11.4, pytest-7.4.2, pluggy-1.3.0
rootdir: /dc-app-performance-toolkit/app
plugins: xdist-3.3.1, apiritif-1.1.3
collected 14 items

selenium_ui/jira_ui.py get driver from global
clear browser cookies
1694283150345,107,selenium_login:open_login_page,Success,True,
node_id:jira-2
1694283150944,598,selenium_login:login_and_view_dashboard,Success,True,
1694283150944,706,selenium_login,Success,True,
.test_0_selenium_a_login,Total:239 Passed:239 Failed:0
1694283151855,395,selenium_project_summary,Success,True,
.test_1_selenium_view_project_summary,Total:240 Passed:240 Failed:0
1694283152134,277,selenium_browse_projects_list,Success,True,
.test_1_selenium_browse_projects_list,Total:241 Passed:241 Failed:0
1694283152405,268,selenium_browse_boards_list,Success,True,
.test_1_selenium_browse_boards_list,Total:242 Passed:242 Failed:0
1694283153512,623,selenium_create_issue:open_quick_create,Success,True,
1694283154951,752,selenium_create_issue:fill_and_submit_issue_form:submit_issue_form,Success,True,
1694283154951,1438,selenium_create_issue:fill_and_submit_issue_form,Success,True,
1694283154951,2061,selenium_create_issue,Success,True,
.test_1_selenium_create_issue,Total:243 Passed:243 Failed:0
1694283155990,579,selenium_edit_issue:open_edit_issue_form,Success,True,
1694283156853,513,selenium_edit_issue:save_edit_issue_form,Success,True,
1694283156853,1443,selenium_edit_issue,Success,True,
.test_1_selenium_edit_issue,Total:244 Passed:244 Failed:0
1694283157252,397,selenium_save_comment:open_comment_form,Success,True,
1694283158105,764,selenium_save_comment:submit_form,Success,True,
1694283158105,1250,selenium_save_comment,Success,True,
.test_1_selenium_save_comment,Total:245 Passed:245 Failed:0
1694283158961,855,selenium_search_jql,Success,True,
.test_1_selenium_search_jql,Total:246 Passed:246 Failed:0
1694283160071,1107,selenium_view_scrum_board_backlog,Success,True,
.test_1_selenium_view_backlog_for_scrum_board,Total:247 Passed:247 Failed:0
1694283161037,965,selenium_view_scrum_board,Success,True,
.test_1_selenium_view_scrum_board,Total:248 Passed:248 Failed:0
1694283162025,987,selenium_view_kanban_board,Success,True,
.test_1_selenium_view_kanban_board,Total:249 Passed:249 Failed:0
1694283162388,361,selenium_view_dashboard,Success,True,
.test_1_selenium_view_dashboard,Total:250 Passed:250 Failed:0
1694283162953,564,selenium_view_issue,Success,True,
.test_1_selenium_view_issue,Total:251 Passed:251 Failed:0
1694283163275,319,selenium_log_out,Success,True,
.test_2_selenium_z_log_out,Total:252 Passed:252 Failed:0


=============================== warnings summary ===============================
../../root/.bzt/python-packages/3.11.4/_pytest/config/__init__.py:1204
  /root/.bzt/python-packages/3.11.4/_pytest/config/__init__.py:1204: PytestAssertRewriteWarning: Module already imported so cannot be rewritten: apiritif
    self._mark_plugins_for_rewrite(hook)

-- Docs: https://docs.pytest.org/en/stable/how-to/capture-warnings.html
======================== 14 passed, 1 warning in 13.05s ========================
============================= test session starts ==============================
platform linux -- Python 3.11.4, pytest-7.4.2, pluggy-1.3.0
rootdir: /dc-app-performance-toolkit/app
plugins: xdist-3.3.1, apiritif-1.1.3
collected 14 items

selenium_ui/jira_ui.py get driver from global
clear browser cookies
1694283163426,103,selenium_login:open_login_page,Success,True,
node_id:jira-2
1694283164062,635,selenium_login:login_and_view_dashboard,Success,True,
1694283164063,740,selenium_login,Success,True,
.test_0_selenium_a_login,Total:253 Passed:253 Failed:0
1694283165013,470,selenium_project_summary,Success,True,
.test_1_selenium_view_project_summary,Total:254 Passed:254 Failed:0
1694283165308,293,selenium_browse_projects_list,Success,True,
.test_1_selenium_browse_projects_list,Total:255 Passed:255 Failed:0
1694283165596,287,selenium_browse_boards_list,Success,True,
.test_1_selenium_browse_boards_list,Total:256 Passed:256 Failed:0
1694283166681,611,selenium_create_issue:open_quick_create,Success,True,
1694283168121,764,selenium_create_issue:fill_and_submit_issue_form:submit_issue_form,Success,True,
1694283168121,1440,selenium_create_issue:fill_and_submit_issue_form,Success,True,
1694283168121,2052,selenium_create_issue,Success,True,
.test_1_selenium_create_issue,Total:257 Passed:257 Failed:0
1694283169217,585,selenium_edit_issue:open_edit_issue_form,Success,True,
1694283170069,514,selenium_edit_issue:save_edit_issue_form,Success,True,
1694283170069,1437,selenium_edit_issue,Success,True,
.test_1_selenium_edit_issue,Total:258 Passed:258 Failed:0
1694283170479,409,selenium_save_comment:open_comment_form,Success,True,
1694283171311,739,selenium_save_comment:submit_form,Success,True,
1694283171312,1241,selenium_save_comment,Success,True,
.test_1_selenium_save_comment,Total:259 Passed:259 Failed:0
1694283172138,824,selenium_search_jql,Success,True,
.test_1_selenium_search_jql,Total:260 Passed:260 Failed:0
1694283173153,1013,selenium_view_scrum_board_backlog,Success,True,
.test_1_selenium_view_backlog_for_scrum_board,Total:261 Passed:261 Failed:0
1694283173574,420,selenium_view_scrum_board,Success,True,
.test_1_selenium_view_scrum_board,Total:262 Passed:262 Failed:0
1694283174628,1052,selenium_view_kanban_board,Success,True,
.test_1_selenium_view_kanban_board,Total:263 Passed:263 Failed:0
1694283175317,687,selenium_view_dashboard,Success,True,
.test_1_selenium_view_dashboard,Total:264 Passed:264 Failed:0
1694283175829,509,selenium_view_issue,Success,True,
.test_1_selenium_view_issue,Total:265 Passed:265 Failed:0
1694283176173,342,selenium_log_out,Success,True,
.test_2_selenium_z_log_out,Total:266 Passed:266 Failed:0


=============================== warnings summary ===============================
../../root/.bzt/python-packages/3.11.4/_pytest/config/__init__.py:1204
  /root/.bzt/python-packages/3.11.4/_pytest/config/__init__.py:1204: PytestAssertRewriteWarning: Module already imported so cannot be rewritten: apiritif
    self._mark_plugins_for_rewrite(hook)

-- Docs: https://docs.pytest.org/en/stable/how-to/capture-warnings.html
======================== 14 passed, 1 warning in 12.87s ========================
============================= test session starts ==============================
platform linux -- Python 3.11.4, pytest-7.4.2, pluggy-1.3.0
rootdir: /dc-app-performance-toolkit/app
plugins: xdist-3.3.1, apiritif-1.1.3
collected 14 items

selenium_ui/jira_ui.py get driver from global
clear browser cookies
1694283176334,113,selenium_login:open_login_page,Success,True,
node_id:jira-1
1694283176858,524,selenium_login:login_and_view_dashboard,Success,True,
1694283176858,637,selenium_login,Success,True,
.test_0_selenium_a_login,Total:267 Passed:267 Failed:0
1694283177787,406,selenium_project_summary,Success,True,
.test_1_selenium_view_project_summary,Total:268 Passed:268 Failed:0
1694283178066,277,selenium_browse_projects_list,Success,True,
.test_1_selenium_browse_projects_list,Total:269 Passed:269 Failed:0
1694283178305,237,selenium_browse_boards_list,Success,True,
.test_1_selenium_browse_boards_list,Total:270 Passed:270 Failed:0
1694283179452,620,selenium_create_issue:open_quick_create,Success,True,
1694283180953,776,selenium_create_issue:fill_and_submit_issue_form:submit_issue_form,Success,True,
1694283180953,1501,selenium_create_issue:fill_and_submit_issue_form,Success,True,
1694283180954,2122,selenium_create_issue,Success,True,
.test_1_selenium_create_issue,Total:271 Passed:271 Failed:0
1694283182064,584,selenium_edit_issue:open_edit_issue_form,Success,True,
1694283182996,585,selenium_edit_issue:save_edit_issue_form,Success,True,
1694283182997,1517,selenium_edit_issue,Success,True,
.test_1_selenium_edit_issue,Total:272 Passed:272 Failed:0
1694283183430,431,selenium_save_comment:open_comment_form,Success,True,
1694283184260,741,selenium_save_comment:submit_form,Success,True,
1694283184260,1262,selenium_save_comment,Success,True,
.test_1_selenium_save_comment,Total:273 Passed:273 Failed:0
1694283185111,849,selenium_search_jql,Success,True,
.test_1_selenium_search_jql,Total:274 Passed:274 Failed:0
1694283186766,1654,selenium_view_scrum_board_backlog,Success,True,
.test_1_selenium_view_backlog_for_scrum_board,Total:275 Passed:275 Failed:0
1694283187129,361,selenium_view_scrum_board,Success,True,
.test_1_selenium_view_scrum_board,Total:276 Passed:276 Failed:0
1694283188236,1105,selenium_view_kanban_board,Success,True,
.test_1_selenium_view_kanban_board,Total:277 Passed:277 Failed:0
1694283188614,377,selenium_view_dashboard,Success,True,
.test_1_selenium_view_dashboard,Total:278 Passed:278 Failed:0
1694283189199,583,selenium_view_issue,Success,True,
.test_1_selenium_view_issue,Total:279 Passed:279 Failed:0
1694283189549,347,selenium_log_out,Success,True,
.test_2_selenium_z_log_out,Total:280 Passed:280 Failed:0


=============================== warnings summary ===============================
../../root/.bzt/python-packages/3.11.4/_pytest/config/__init__.py:1204
  /root/.bzt/python-packages/3.11.4/_pytest/config/__init__.py:1204: PytestAssertRewriteWarning: Module already imported so cannot be rewritten: apiritif
    self._mark_plugins_for_rewrite(hook)

-- Docs: https://docs.pytest.org/en/stable/how-to/capture-warnings.html
======================== 14 passed, 1 warning in 13.34s ========================
============================= test session starts ==============================
platform linux -- Python 3.11.4, pytest-7.4.2, pluggy-1.3.0
rootdir: /dc-app-performance-toolkit/app
plugins: xdist-3.3.1, apiritif-1.1.3
collected 14 items

selenium_ui/jira_ui.py get driver from global
clear browser cookies
1694283189754,122,selenium_login:open_login_page,Success,True,
node_id:jira-3
1694283191139,1384,selenium_login:login_and_view_dashboard,Success,True,
1694283191139,1507,selenium_login,Success,True,
.test_0_selenium_a_login,Total:281 Passed:281 Failed:0
1694283191944,404,selenium_project_summary,Success,True,
.test_1_selenium_view_project_summary,Total:282 Passed:282 Failed:0
1694283192198,253,selenium_browse_projects_list,Success,True,
.test_1_selenium_browse_projects_list,Total:283 Passed:283 Failed:0
1694283192441,241,selenium_browse_boards_list,Success,True,
.test_1_selenium_browse_boards_list,Total:284 Passed:284 Failed:0
1694283193642,623,selenium_create_issue:open_quick_create,Success,True,
1694283195090,777,selenium_create_issue:fill_and_submit_issue_form:submit_issue_form,Success,True,
1694283195090,1447,selenium_create_issue:fill_and_submit_issue_form,Success,True,
1694283195090,2072,selenium_create_issue,Success,True,
.test_1_selenium_create_issue,Total:285 Passed:285 Failed:0
1694283196236,584,selenium_edit_issue:open_edit_issue_form,Success,True,
1694283197298,719,selenium_edit_issue:save_edit_issue_form,Success,True,
1694283197298,1646,selenium_edit_issue,Success,True,
.test_1_selenium_edit_issue,Total:286 Passed:286 Failed:0
1694283197636,336,selenium_save_comment:open_comment_form,Success,True,
1694283198501,774,selenium_save_comment:submit_form,Success,True,
1694283198502,1201,selenium_save_comment,Success,True,
.test_1_selenium_save_comment,Total:287 Passed:287 Failed:0
1694283199344,841,selenium_search_jql,Success,True,
.test_1_selenium_search_jql,Total:288 Passed:288 Failed:0
1694283200998,1652,selenium_view_scrum_board_backlog,Success,True,
.test_1_selenium_view_backlog_for_scrum_board,Total:289 Passed:289 Failed:0
1694283201979,980,selenium_view_scrum_board,Success,True,
.test_1_selenium_view_scrum_board,Total:290 Passed:290 Failed:0
1694283203325,1344,selenium_view_kanban_board,Success,True,
.test_1_selenium_view_kanban_board,Total:291 Passed:291 Failed:0
1694283203712,385,selenium_view_dashboard,Success,True,
.test_1_selenium_view_dashboard,Total:292 Passed:292 Failed:0
1694283204216,503,selenium_view_issue,Success,True,
.test_1_selenium_view_issue,Total:293 Passed:293 Failed:0
1694283204544,326,selenium_log_out,Success,True,
.test_2_selenium_z_log_out,Total:294 Passed:294 Failed:0


=============================== warnings summary ===============================
../../root/.bzt/python-packages/3.11.4/_pytest/config/__init__.py:1204
  /root/.bzt/python-packages/3.11.4/_pytest/config/__init__.py:1204: PytestAssertRewriteWarning: Module already imported so cannot be rewritten: apiritif
    self._mark_plugins_for_rewrite(hook)

-- Docs: https://docs.pytest.org/en/stable/how-to/capture-warnings.html
======================== 14 passed, 1 warning in 14.93s ========================
============================= test session starts ==============================
platform linux -- Python 3.11.4, pytest-7.4.2, pluggy-1.3.0
rootdir: /dc-app-performance-toolkit/app
plugins: xdist-3.3.1, apiritif-1.1.3
collected 14 items

selenium_ui/jira_ui.py get driver from global
clear browser cookies
1694283204698,108,selenium_login:open_login_page,Success,True,
node_id:jira-1
1694283205229,530,selenium_login:login_and_view_dashboard,Success,True,
1694283205229,638,selenium_login,Success,True,
.test_0_selenium_a_login,Total:295 Passed:295 Failed:0
1694283206235,421,selenium_project_summary,Success,True,
.test_1_selenium_view_project_summary,Total:296 Passed:296 Failed:0
1694283206518,281,selenium_browse_projects_list,Success,True,
.test_1_selenium_browse_projects_list,Total:297 Passed:297 Failed:0
1694283206765,244,selenium_browse_boards_list,Success,True,
.test_1_selenium_browse_boards_list,Total:298 Passed:298 Failed:0
1694283208004,639,selenium_create_issue:open_quick_create,Success,True,
1694283209411,806,selenium_create_issue:fill_and_submit_issue_form:submit_issue_form,Success,True,
1694283209412,1407,selenium_create_issue:fill_and_submit_issue_form,Success,True,
1694283209412,2047,selenium_create_issue,Success,True,
.test_1_selenium_create_issue,Total:299 Passed:299 Failed:0
1694283210570,581,selenium_edit_issue:open_edit_issue_form,Success,True,
1694283211525,580,selenium_edit_issue:save_edit_issue_form,Success,True,
1694283211525,1536,selenium_edit_issue,Success,True,
.test_1_selenium_edit_issue,Total:300 Passed:300 Failed:0
1694283211990,463,selenium_save_comment:open_comment_form,Success,True,
1694283212800,718,selenium_save_comment:submit_form,Success,True,
1694283212801,1274,selenium_save_comment,Success,True,
.test_1_selenium_save_comment,Total:301 Passed:301 Failed:0
1694283213646,844,selenium_search_jql,Success,True,
.test_1_selenium_search_jql,Total:302 Passed:302 Failed:0
1694283214708,1060,selenium_view_scrum_board_backlog,Success,True,
.test_1_selenium_view_backlog_for_scrum_board,Total:303 Passed:303 Failed:0
1694283215736,1026,selenium_view_scrum_board,Success,True,
.test_1_selenium_view_scrum_board,Total:304 Passed:304 Failed:0
1694283217271,1534,selenium_view_kanban_board,Success,True,
.test_1_selenium_view_kanban_board,Total:305 Passed:305 Failed:0
1694283217726,453,selenium_view_dashboard,Success,True,
.test_1_selenium_view_dashboard,Total:306 Passed:306 Failed:0
1694283218269,541,selenium_view_issue,Success,True,
.test_1_selenium_view_issue,Total:307 Passed:307 Failed:0
1694283218589,318,selenium_log_out,Success,True,
.test_2_selenium_z_log_out,Total:308 Passed:308 Failed:0


=============================== warnings summary ===============================
../../root/.bzt/python-packages/3.11.4/_pytest/config/__init__.py:1204
  /root/.bzt/python-packages/3.11.4/_pytest/config/__init__.py:1204: PytestAssertRewriteWarning: Module already imported so cannot be rewritten: apiritif
    self._mark_plugins_for_rewrite(hook)

-- Docs: https://docs.pytest.org/en/stable/how-to/capture-warnings.html
======================== 14 passed, 1 warning in 14.01s ========================
============================= test session starts ==============================
platform linux -- Python 3.11.4, pytest-7.4.2, pluggy-1.3.0
rootdir: /dc-app-performance-toolkit/app
plugins: xdist-3.3.1, apiritif-1.1.3
collected 14 items

selenium_ui/jira_ui.py get driver from global
clear browser cookies
1694283218744,107,selenium_login:open_login_page,Success,True,
node_id:jira-1
1694283219282,538,selenium_login:login_and_view_dashboard,Success,True,
1694283219282,645,selenium_login,Success,True,
.test_0_selenium_a_login,Total:309 Passed:309 Failed:0
1694283220331,455,selenium_project_summary,Success,True,
.test_1_selenium_view_project_summary,Total:310 Passed:310 Failed:0
1694283220626,293,selenium_browse_projects_list,Success,True,
.test_1_selenium_browse_projects_list,Total:311 Passed:311 Failed:0
1694283220880,252,selenium_browse_boards_list,Success,True,
.test_1_selenium_browse_boards_list,Total:312 Passed:312 Failed:0
1694283222093,628,selenium_create_issue:open_quick_create,Success,True,
1694283223530,795,selenium_create_issue:fill_and_submit_issue_form:submit_issue_form,Success,True,
1694283223531,1437,selenium_create_issue:fill_and_submit_issue_form,Success,True,
1694283223531,2065,selenium_create_issue,Success,True,
.test_1_selenium_create_issue,Total:313 Passed:313 Failed:0
1694283224800,677,selenium_edit_issue:open_edit_issue_form,Success,True,
1694283225565,513,selenium_edit_issue:save_edit_issue_form,Success,True,
1694283225566,1442,selenium_edit_issue,Success,True,
.test_1_selenium_edit_issue,Total:314 Passed:314 Failed:0
1694283225904,337,selenium_save_comment:open_comment_form,Success,True,
1694283226727,727,selenium_save_comment:submit_form,Success,True,
1694283226727,1160,selenium_save_comment,Success,True,
.test_1_selenium_save_comment,Total:315 Passed:315 Failed:0
1694283227569,841,selenium_search_jql,Success,True,
.test_1_selenium_search_jql,Total:316 Passed:316 Failed:0
1694283228642,1071,selenium_view_scrum_board_backlog,Success,True,
.test_1_selenium_view_backlog_for_scrum_board,Total:317 Passed:317 Failed:0
1694283229055,412,selenium_view_scrum_board,Success,True,
.test_1_selenium_view_scrum_board,Total:318 Passed:318 Failed:0
1694283230127,1070,selenium_view_kanban_board,Success,True,
.test_1_selenium_view_kanban_board,Total:319 Passed:319 Failed:0
1694283230907,778,selenium_view_dashboard,Success,True,
.test_1_selenium_view_dashboard,Total:320 Passed:320 Failed:0
1694283231424,516,selenium_view_issue,Success,True,
.test_1_selenium_view_issue,Total:321 Passed:321 Failed:0
1694283231762,335,selenium_log_out,Success,True,
.test_2_selenium_z_log_out,Total:322 Passed:322 Failed:0


=============================== warnings summary ===============================
../../root/.bzt/python-packages/3.11.4/_pytest/config/__init__.py:1204
  /root/.bzt/python-packages/3.11.4/_pytest/config/__init__.py:1204: PytestAssertRewriteWarning: Module already imported so cannot be rewritten: apiritif
    self._mark_plugins_for_rewrite(hook)

-- Docs: https://docs.pytest.org/en/stable/how-to/capture-warnings.html
======================== 14 passed, 1 warning in 13.14s ========================
============================= test session starts ==============================
platform linux -- Python 3.11.4, pytest-7.4.2, pluggy-1.3.0
rootdir: /dc-app-performance-toolkit/app
plugins: xdist-3.3.1, apiritif-1.1.3
collected 14 items

selenium_ui/jira_ui.py get driver from global
clear browser cookies
1694283231918,107,selenium_login:open_login_page,Success,True,
node_id:jira-3
1694283232473,554,selenium_login:login_and_view_dashboard,Success,True,
1694283232473,662,selenium_login,Success,True,
.test_0_selenium_a_login,Total:323 Passed:323 Failed:0
1694283233504,411,selenium_project_summary,Success,True,
.test_1_selenium_view_project_summary,Total:324 Passed:324 Failed:0
1694283233817,311,selenium_browse_projects_list,Success,True,
.test_1_selenium_browse_projects_list,Total:325 Passed:325 Failed:0
1694283234063,244,selenium_browse_boards_list,Success,True,
.test_1_selenium_browse_boards_list,Total:326 Passed:326 Failed:0
1694283235355,674,selenium_create_issue:open_quick_create,Success,True,
1694283236728,801,selenium_create_issue:fill_and_submit_issue_form:submit_issue_form,Success,True,
1694283236728,1373,selenium_create_issue:fill_and_submit_issue_form,Success,True,
1694283236729,2048,selenium_create_issue,Success,True,
.test_1_selenium_create_issue,Total:327 Passed:327 Failed:0
1694283237921,571,selenium_edit_issue:open_edit_issue_form,Success,True,
1694283238860,584,selenium_edit_issue:save_edit_issue_form,Success,True,
1694283238860,1510,selenium_edit_issue,Success,True,
.test_1_selenium_edit_issue,Total:328 Passed:328 Failed:0
1694283239334,473,selenium_save_comment:open_comment_form,Success,True,
1694283240152,731,selenium_save_comment:submit_form,Success,True,
1694283240152,1290,selenium_save_comment,Success,True,
.test_1_selenium_save_comment,Total:329 Passed:329 Failed:0
1694283240990,836,selenium_search_jql,Success,True,
.test_1_selenium_search_jql,Total:330 Passed:330 Failed:0
1694283242085,1093,selenium_view_scrum_board_backlog,Success,True,
.test_1_selenium_view_backlog_for_scrum_board,Total:331 Passed:331 Failed:0
1694283243141,1054,selenium_view_scrum_board,Success,True,
.test_1_selenium_view_scrum_board,Total:332 Passed:332 Failed:0
1694283244212,1070,selenium_view_kanban_board,Success,True,
.test_1_selenium_view_kanban_board,Total:333 Passed:333 Failed:0
1694283244574,360,selenium_view_dashboard,Success,True,
.test_1_selenium_view_dashboard,Total:334 Passed:334 Failed:0
1694283245082,506,selenium_view_issue,Success,True,
.test_1_selenium_view_issue,Total:335 Passed:335 Failed:0
1694283245395,311,selenium_log_out,Success,True,
.test_2_selenium_z_log_out,Total:336 Passed:336 Failed:0


=============================== warnings summary ===============================
../../root/.bzt/python-packages/3.11.4/_pytest/config/__init__.py:1204
  /root/.bzt/python-packages/3.11.4/_pytest/config/__init__.py:1204: PytestAssertRewriteWarning: Module already imported so cannot be rewritten: apiritif
    self._mark_plugins_for_rewrite(hook)

-- Docs: https://docs.pytest.org/en/stable/how-to/capture-warnings.html
======================== 14 passed, 1 warning in 13.60s ========================
============================= test session starts ==============================
platform linux -- Python 3.11.4, pytest-7.4.2, pluggy-1.3.0
rootdir: /dc-app-performance-toolkit/app
plugins: xdist-3.3.1, apiritif-1.1.3
collected 14 items

selenium_ui/jira_ui.py get driver from global
clear browser cookies
1694283245551,107,selenium_login:open_login_page,Success,True,
node_id:jira-1
1694283246099,547,selenium_login:login_and_view_dashboard,Success,True,
1694283246099,655,selenium_login,Success,True,
.test_0_selenium_a_login,Total:337 Passed:337 Failed:0
1694283247201,432,selenium_project_summary,Success,True,
.test_1_selenium_view_project_summary,Total:338 Passed:338 Failed:0
1694283247472,270,selenium_browse_projects_list,Success,True,
.test_1_selenium_browse_projects_list,Total:339 Passed:339 Failed:0
1694283247731,257,selenium_browse_boards_list,Success,True,
.test_1_selenium_browse_boards_list,Total:340 Passed:340 Failed:0
1694283249038,621,selenium_create_issue:open_quick_create,Success,True,
1694283250497,825,selenium_create_issue:fill_and_submit_issue_form:submit_issue_form,Success,True,
1694283250497,1458,selenium_create_issue:fill_and_submit_issue_form,Success,True,
1694283250497,2081,selenium_create_issue,Success,True,
.test_1_selenium_create_issue,Total:341 Passed:341 Failed:0
1694283251815,659,selenium_edit_issue:open_edit_issue_form,Success,True,
1694283252784,689,selenium_edit_issue:save_edit_issue_form,Success,True,
1694283252784,1629,selenium_edit_issue,Success,True,
.test_1_selenium_edit_issue,Total:342 Passed:342 Failed:0
1694283253192,406,selenium_save_comment:open_comment_form,Success,True,
1694283254017,736,selenium_save_comment:submit_form,Success,True,
1694283254017,1231,selenium_save_comment,Success,True,
.test_1_selenium_save_comment,Total:343 Passed:343 Failed:0
1694283254879,860,selenium_search_jql,Success,True,
.test_1_selenium_search_jql,Total:344 Passed:344 Failed:0
1694283256552,1672,selenium_view_scrum_board_backlog,Success,True,
.test_1_selenium_view_backlog_for_scrum_board,Total:345 Passed:345 Failed:0
1694283257585,1031,selenium_view_scrum_board,Success,True,
.test_1_selenium_view_scrum_board,Total:346 Passed:346 Failed:0
1694283259146,1560,selenium_view_kanban_board,Success,True,
.test_1_selenium_view_kanban_board,Total:347 Passed:347 Failed:0
1694283259524,376,selenium_view_dashboard,Success,True,
.test_1_selenium_view_dashboard,Total:348 Passed:348 Failed:0
1694283260094,568,selenium_view_issue,Success,True,
.test_1_selenium_view_issue,Total:349 Passed:349 Failed:0
1694283260432,336,selenium_log_out,Success,True,
.test_2_selenium_z_log_out,Total:350 Passed:350 Failed:0


=============================== warnings summary ===============================
../../root/.bzt/python-packages/3.11.4/_pytest/config/__init__.py:1204
  /root/.bzt/python-packages/3.11.4/_pytest/config/__init__.py:1204: PytestAssertRewriteWarning: Module already imported so cannot be rewritten: apiritif
    self._mark_plugins_for_rewrite(hook)

-- Docs: https://docs.pytest.org/en/stable/how-to/capture-warnings.html
======================== 14 passed, 1 warning in 15.00s ========================
============================= test session starts ==============================
platform linux -- Python 3.11.4, pytest-7.4.2, pluggy-1.3.0
rootdir: /dc-app-performance-toolkit/app
plugins: xdist-3.3.1, apiritif-1.1.3
collected 14 items

selenium_ui/jira_ui.py get driver from global
clear browser cookies
1694283260595,113,selenium_login:open_login_page,Success,True,
node_id:jira-1
1694283261950,1354,selenium_login:login_and_view_dashboard,Success,True,
1694283261951,1469,selenium_login,Success,True,
.test_0_selenium_a_login,Total:351 Passed:351 Failed:0
1694283262829,386,selenium_project_summary,Success,True,
.test_1_selenium_view_project_summary,Total:352 Passed:352 Failed:0
1694283263089,258,selenium_browse_projects_list,Success,True,
.test_1_selenium_browse_projects_list,Total:353 Passed:353 Failed:0
1694283263357,266,selenium_browse_boards_list,Success,True,
.test_1_selenium_browse_boards_list,Total:354 Passed:354 Failed:0
1694283264698,641,selenium_create_issue:open_quick_create,Success,True,
1694283266187,829,selenium_create_issue:fill_and_submit_issue_form:submit_issue_form,Success,True,
1694283266187,1488,selenium_create_issue:fill_and_submit_issue_form,Success,True,
1694283266187,2130,selenium_create_issue,Success,True,
.test_1_selenium_create_issue,Total:355 Passed:355 Failed:0
[...]
1694285455878,369,selenium_view_dashboard,Success,True,
.test_1_selenium_view_dashboard,Total:1832 Passed:1832 Failed:0
1694285456430,550,selenium_view_issue,Success,True,
.test_1_selenium_view_issue,Total:1833 Passed:1833 Failed:0
1694285456758,327,selenium_log_out,Success,True,
.test_2_selenium_z_log_out,Total:1834 Passed:1834 Failed:0


=============================== warnings summary ===============================
../../root/.bzt/python-packages/3.11.4/_pytest/config/__init__.py:1204
  /root/.bzt/python-packages/3.11.4/_pytest/config/__init__.py:1204: PytestAssertRewriteWarning: Module already imported so cannot be rewritten: apiritif
    self._mark_plugins_for_rewrite(hook)

-- Docs: https://docs.pytest.org/en/stable/how-to/capture-warnings.html
======================== 14 passed, 1 warning in 26.67s ========================
============================= test session starts ==============================
platform linux -- Python 3.11.4, pytest-7.4.2, pluggy-1.3.0
rootdir: /dc-app-performance-toolkit/app
plugins: xdist-3.3.1, apiritif-1.1.3
collected 14 items

selenium_ui/jira_ui.py get driver from global
clear browser cookies
1694285456922,113,selenium_login:open_login_page,Success,True,
node_id:jira-2
1694285457480,558,selenium_login:login_and_view_dashboard,Success,True,
1694285457480,671,selenium_login,Success,True,
.test_0_selenium_a_login,Total:1835 Passed:1835 Failed:0
1694285461420,431,selenium_project_summary,Success,True,
.test_1_selenium_view_project_summary,Total:1836 Passed:1836 Failed:0
1694285461712,290,selenium_browse_projects_list,Success,True,
.test_1_selenium_browse_projects_list,Total:1837 Passed:1837 Failed:0
1694285461974,259,selenium_browse_boards_list,Success,True,
.test_1_selenium_browse_boards_list,Total:1838 Passed:1838 Failed:0
1694285466096,628,selenium_create_issue:open_quick_create,Success,True,
1694285468553,1766,selenium_create_issue:fill_and_submit_issue_form:submit_issue_form,Success,True,
1694285468553,2457,selenium_create_issue:fill_and_submit_issue_form,Success,True,
1694285468553,3085,selenium_create_issue,Success,True,
.test_1_selenium_create_issue,Total:1839 Passed:1839 Failed:0
1694285472681,638,selenium_edit_issue:open_edit_issue_form,Success,True,
1694285473576,537,selenium_edit_issue:save_edit_issue_form,Success,True,
1694285473576,1533,selenium_edit_issue,Success,True,
.test_1_selenium_edit_issue,Total:1840 Passed:1840 Failed:0
1694285473905,327,selenium_save_comment:open_comment_form,Success,True,
1694285474795,798,selenium_save_comment:submit_form,Success,True,
1694285474795,1217,selenium_save_comment,Success,True,
.test_1_selenium_save_comment,Total:1841 Passed:1841 Failed:0
1694285476560,1763,selenium_search_jql,Success,True,
.test_1_selenium_search_jql,Total:1842 Passed:1842 Failed:0
1694285478576,2015,selenium_view_scrum_board_backlog,Success,True,
.test_1_selenium_view_backlog_for_scrum_board,Total:1843 Passed:1843 Failed:0
1694285480558,1981,selenium_view_scrum_board,Success,True,
.test_1_selenium_view_scrum_board,Total:1844 Passed:1844 Failed:0
1694285482594,2034,selenium_view_kanban_board,Success,True,
.test_1_selenium_view_kanban_board,Total:1845 Passed:1845 Failed:0
1694285482976,380,selenium_view_dashboard,Success,True,
.test_1_selenium_view_dashboard,Total:1846 Passed:1846 Failed:0
1694285483519,541,selenium_view_issue,Success,True,
.test_1_selenium_view_issue,Total:1847 Passed:1847 Failed:0
1694285483846,325,selenium_log_out,Success,True,
.test_2_selenium_z_log_out,Total:1848 Passed:1848 Failed:0


=============================== warnings summary ===============================
../../root/.bzt/python-packages/3.11.4/_pytest/config/__init__.py:1204
  /root/.bzt/python-packages/3.11.4/_pytest/config/__init__.py:1204: PytestAssertRewriteWarning: Module already imported so cannot be rewritten: apiritif
    self._mark_plugins_for_rewrite(hook)

-- Docs: https://docs.pytest.org/en/stable/how-to/capture-warnings.html
======================== 14 passed, 1 warning in 27.05s ========================
============================= test session starts ==============================
platform linux -- Python 3.11.4, pytest-7.4.2, pluggy-1.3.0
rootdir: /dc-app-performance-toolkit/app
plugins: xdist-3.3.1, apiritif-1.1.3
collected 14 items

selenium_ui/jira_ui.py get driver from global
clear browser cookies
1694285484009,108,selenium_login:open_login_page,Success,True,
node_id:jira-3
1694285484580,570,selenium_login:login_and_view_dashboard,Success,True,
1694285484580,679,selenium_login,Success,True,
.test_0_selenium_a_login,Total:1849 Passed:1849 Failed:0
1694285488543,427,selenium_project_summary,Success,True,
.test_1_selenium_view_project_summary,Total:1850 Passed:1850 Failed:0
1694285488834,289,selenium_browse_projects_list,Success,True,
.test_1_selenium_browse_projects_list,Total:1851 Passed:1851 Failed:0
1694285490730,1894,selenium_browse_boards_list,Success,True,
.test_1_selenium_browse_boards_list,Total:1852 Passed:1852 Failed:0
1694285494917,650,selenium_create_issue:open_quick_create,Success,True,
1694285497386,1766,selenium_create_issue:fill_and_submit_issue_form:submit_issue_form,Success,True,
1694285497386,2469,selenium_create_issue:fill_and_submit_issue_form,Success,True,
1694285497387,3120,selenium_create_issue,Success,True,
.test_1_selenium_create_issue,Total:1853 Passed:1853 Failed:0
1694285501623,702,selenium_edit_issue:open_edit_issue_form,Success,True,
1694285502463,573,selenium_edit_issue:save_edit_issue_form,Success,True,
1694285502463,1542,selenium_edit_issue,Success,True,
.test_1_selenium_edit_issue,Total:1854 Passed:1854 Failed:0
1694285502929,464,selenium_save_comment:open_comment_form,Success,True,
1694285503803,782,selenium_save_comment:submit_form,Success,True,
1694285503803,1338,selenium_save_comment,Success,True,
.test_1_selenium_save_comment,Total:1855 Passed:1855 Failed:0
1694285505619,1814,selenium_search_jql,Success,True,
.test_1_selenium_search_jql,Total:1856 Passed:1856 Failed:0
1694285507659,2038,selenium_view_scrum_board_backlog,Success,True,
.test_1_selenium_view_backlog_for_scrum_board,Total:1857 Passed:1857 Failed:0
1694285509662,2001,selenium_view_scrum_board,Success,True,
.test_1_selenium_view_scrum_board,Total:1858 Passed:1858 Failed:0
1694285511801,2138,selenium_view_kanban_board,Success,True,
.test_1_selenium_view_kanban_board,Total:1859 Passed:1859 Failed:0
1694285512199,396,selenium_view_dashboard,Success,True,
.test_1_selenium_view_dashboard,Total:1860 Passed:1860 Failed:0
1694285512743,543,selenium_view_issue,Success,True,
.test_1_selenium_view_issue,Total:1861 Passed:1861 Failed:0
1694285513066,321,selenium_log_out,Success,True,
.test_2_selenium_z_log_out,Total:1862 Passed:1862 Failed:0


=============================== warnings summary ===============================
../../root/.bzt/python-packages/3.11.4/_pytest/config/__init__.py:1204
  /root/.bzt/python-packages/3.11.4/_pytest/config/__init__.py:1204: PytestAssertRewriteWarning: Module already imported so cannot be rewritten: apiritif
    self._mark_plugins_for_rewrite(hook)

-- Docs: https://docs.pytest.org/en/stable/how-to/capture-warnings.html
======================== 14 passed, 1 warning in 29.18s ========================
============================= test session starts ==============================
platform linux -- Python 3.11.4, pytest-7.4.2, pluggy-1.3.0
rootdir: /dc-app-performance-toolkit/app
plugins: xdist-3.3.1, apiritif-1.1.3
collected 14 items

selenium_ui/jira_ui.py get driver from global
clear browser cookies
1694285513231,115,selenium_login:open_login_page,Success,True,
node_id:jira-3
1694285513801,569,selenium_login:login_and_view_dashboard,Success,True,
1694285513801,686,selenium_login,Success,True,
.test_0_selenium_a_login,Total:1863 Passed:1863 Failed:0
1694285517784,428,selenium_project_summary,Success,True,
.test_1_selenium_view_project_summary,Total:1864 Passed:1864 Failed:0
1694285518123,337,selenium_browse_projects_list,Success,True,
.test_1_selenium_browse_projects_list,Total:1865 Passed:1865 Failed:0
1694285518367,242,selenium_browse_boards_list,Success,True,
.test_1_selenium_browse_boards_list,Total:1866 Passed:1866 Failed:0
1694285522553,634,selenium_create_issue:open_quick_create,Success,True,
1694285524880,1768,selenium_create_issue:fill_and_submit_issue_form:submit_issue_form,Success,True,
1694285524880,2326,selenium_create_issue:fill_and_submit_issue_form,Success,True,
1694285524880,2960,selenium_create_issue,Success,True,
.test_1_selenium_create_issue,Total:1867 Passed:1867 Failed:0
1694285528871,462,selenium_edit_issue:open_edit_issue_form,Success,True,
1694285530040,664,selenium_edit_issue:save_edit_issue_form,Success,True,
1694285530040,1631,selenium_edit_issue,Success,True,
.test_1_selenium_edit_issue,Total:1868 Passed:1868 Failed:0
1694285530448,406,selenium_save_comment:open_comment_form,Success,True,
1694285531296,755,selenium_save_comment:submit_form,Success,True,
1694285531296,1254,selenium_save_comment,Success,True,
.test_1_selenium_save_comment,Total:1869 Passed:1869 Failed:0
1694285533075,1778,selenium_search_jql,Success,True,
.test_1_selenium_search_jql,Total:1870 Passed:1870 Failed:0
1694285535131,2054,selenium_view_scrum_board_backlog,Success,True,
.test_1_selenium_view_backlog_for_scrum_board,Total:1871 Passed:1871 Failed:0
1694285537161,2029,selenium_view_scrum_board,Success,True,
.test_1_selenium_view_scrum_board,Total:1872 Passed:1872 Failed:0
1694285539301,2138,selenium_view_kanban_board,Success,True,
.test_1_selenium_view_kanban_board,Total:1873 Passed:1873 Failed:0
1694285539660,357,selenium_view_dashboard,Success,True,
.test_1_selenium_view_dashboard,Total:1874 Passed:1874 Failed:0
1694285540159,496,selenium_view_issue,Success,True,
.test_1_selenium_view_issue,Total:1875 Passed:1875 Failed:0
1694285540506,345,selenium_log_out,Success,True,
.test_2_selenium_z_log_out,Total:1876 Passed:1876 Failed:0


=============================== warnings summary ===============================
../../root/.bzt/python-packages/3.11.4/_pytest/config/__init__.py:1204
  /root/.bzt/python-packages/3.11.4/_pytest/config/__init__.py:1204: PytestAssertRewriteWarning: Module already imported so cannot be rewritten: apiritif
    self._mark_plugins_for_rewrite(hook)

-- Docs: https://docs.pytest.org/en/stable/how-to/capture-warnings.html
======================== 14 passed, 1 warning in 27.41s ========================
============================= test session starts ==============================
platform linux -- Python 3.11.4, pytest-7.4.2, pluggy-1.3.0
rootdir: /dc-app-performance-toolkit/app
plugins: xdist-3.3.1, apiritif-1.1.3
collected 14 items

selenium_ui/jira_ui.py get driver from global
clear browser cookies
1694285540659,106,selenium_login:open_login_page,Success,True,
node_id:jira-2
1694285542027,1367,selenium_login:login_and_view_dashboard,Success,True,
1694285542027,1474,selenium_login,Success,True,
.test_0_selenium_a_login,Total:1877 Passed:1877 Failed:0
1694285544905,483,selenium_project_summary,Success,True,
.test_1_selenium_view_project_summary,Total:1878 Passed:1878 Failed:0
1694285545208,301,selenium_browse_projects_list,Success,True,
.test_1_selenium_browse_projects_list,Total:1879 Passed:1879 Failed:0
1694285545462,252,selenium_browse_boards_list,Success,True,
.test_1_selenium_browse_boards_list,Total:1880 Passed:1880 Failed:0
1694285549664,642,selenium_create_issue:open_quick_create,Success,True,
1694285552093,1782,selenium_create_issue:fill_and_submit_issue_form:submit_issue_form,Success,True,
1694285552093,2429,selenium_create_issue:fill_and_submit_issue_form,Success,True,
1694285552093,3072,selenium_create_issue,Success,True,
.test_1_selenium_create_issue,Total:1881 Passed:1881 Failed:0
1694285556180,519,selenium_edit_issue:open_edit_issue_form,Success,True,
1694285557303,708,selenium_edit_issue:save_edit_issue_form,Success,True,
1694285557303,1642,selenium_edit_issue,Success,True,
.test_1_selenium_edit_issue,Total:1882 Passed:1882 Failed:0
1694285557632,327,selenium_save_comment:open_comment_form,Success,True,
1694285558442,722,selenium_save_comment:submit_form,Success,True,
1694285558442,1138,selenium_save_comment,Success,True,
.test_1_selenium_save_comment,Total:1883 Passed:1883 Failed:0
1694285560219,1774,selenium_search_jql,Success,True,
.test_1_selenium_search_jql,Total:1884 Passed:1884 Failed:0
1694285562267,2046,selenium_view_scrum_board_backlog,Success,True,
.test_1_selenium_view_backlog_for_scrum_board,Total:1885 Passed:1885 Failed:0
1694285564260,1991,selenium_view_scrum_board,Success,True,
.test_1_selenium_view_scrum_board,Total:1886 Passed:1886 Failed:0
1694285564892,630,selenium_view_kanban_board,Success,True,
.test_1_selenium_view_kanban_board,Total:1887 Passed:1887 Failed:0
1694285565473,580,selenium_view_dashboard,Success,True,
.test_1_selenium_view_dashboard,Total:1888 Passed:1888 Failed:0
1694285565982,506,selenium_view_issue,Success,True,
.test_1_selenium_view_issue,Total:1889 Passed:1889 Failed:0
1694285566312,329,selenium_log_out,Success,True,
.test_2_selenium_z_log_out,Total:1890 Passed:1890 Failed:0


=============================== warnings summary ===============================
../../root/.bzt/python-packages/3.11.4/_pytest/config/__init__.py:1204
  /root/.bzt/python-packages/3.11.4/_pytest/config/__init__.py:1204: PytestAssertRewriteWarning: Module already imported so cannot be rewritten: apiritif
    self._mark_plugins_for_rewrite(hook)

-- Docs: https://docs.pytest.org/en/stable/how-to/capture-warnings.html
======================== 14 passed, 1 warning in 25.78s ========================
============================= test session starts ==============================
platform linux -- Python 3.11.4, pytest-7.4.2, pluggy-1.3.0
rootdir: /dc-app-performance-toolkit/app
plugins: xdist-3.3.1, apiritif-1.1.3
collected 14 items

selenium_ui/jira_ui.py get driver from global
clear browser cookies
1694285566468,107,selenium_login:open_login_page,Success,True,
node_id:jira-3
1694285567067,599,selenium_login:login_and_view_dashboard,Success,True,
1694285567067,707,selenium_login,Success,True,
.test_0_selenium_a_login,Total:1891 Passed:1891 Failed:0
1694285571091,398,selenium_project_summary,Success,True,
.test_1_selenium_view_project_summary,Total:1892 Passed:1892 Failed:0
1694285571376,283,selenium_browse_projects_list,Success,True,
.test_1_selenium_browse_projects_list,Total:1893 Passed:1893 Failed:0
1694285573298,1920,selenium_browse_boards_list,Success,True,
.test_1_selenium_browse_boards_list,Total:1894 Passed:1894 Failed:0
1694285577516,649,selenium_create_issue:open_quick_create,Success,True,
1694285579986,1792,selenium_create_issue:fill_and_submit_issue_form:submit_issue_form,Success,True,
1694285579986,2470,selenium_create_issue:fill_and_submit_issue_form,Success,True,
1694285579986,3120,selenium_create_issue,Success,True,
.test_1_selenium_create_issue,Total:1895 Passed:1895 Failed:0
1694285584188,631,selenium_edit_issue:open_edit_issue_form,Success,True,
1694285585102,579,selenium_edit_issue:save_edit_issue_form,Success,True,
1694285585102,1545,selenium_edit_issue,Success,True,
.test_1_selenium_edit_issue,Total:1896 Passed:1896 Failed:0
1694285585603,499,selenium_save_comment:open_comment_form,Success,True,
1694285586408,710,selenium_save_comment:submit_form,Success,True,
1694285586408,1303,selenium_save_comment,Success,True,
.test_1_selenium_save_comment,Total:1897 Passed:1897 Failed:0
1694285588227,1818,selenium_search_jql,Success,True,
.test_1_selenium_search_jql,Total:1898 Passed:1898 Failed:0
1694285590344,2115,selenium_view_scrum_board_backlog,Success,True,
.test_1_selenium_view_backlog_for_scrum_board,Total:1899 Passed:1899 Failed:0
1694285592363,2017,selenium_view_scrum_board,Success,True,
.test_1_selenium_view_scrum_board,Total:1900 Passed:1900 Failed:0
1694285594584,2220,selenium_view_kanban_board,Success,True,
.test_1_selenium_view_kanban_board,Total:1901 Passed:1901 Failed:0
1694285594980,393,selenium_view_dashboard,Success,True,
.test_1_selenium_view_dashboard,Total:1902 Passed:1902 Failed:0
1694285595513,532,selenium_view_issue,Success,True,
.test_1_selenium_view_issue,Total:1903 Passed:1903 Failed:0
1694285595824,309,selenium_log_out,Success,True,
.test_2_selenium_z_log_out,Total:1904 Passed:1904 Failed:0


=============================== warnings summary ===============================
../../root/.bzt/python-packages/3.11.4/_pytest/config/__init__.py:1204
  /root/.bzt/python-packages/3.11.4/_pytest/config/__init__.py:1204: PytestAssertRewriteWarning: Module already imported so cannot be rewritten: apiritif
    self._mark_plugins_for_rewrite(hook)

-- Docs: https://docs.pytest.org/en/stable/how-to/capture-warnings.html
======================== 14 passed, 1 warning in 29.48s ========================
============================= test session starts ==============================
platform linux -- Python 3.11.4, pytest-7.4.2, pluggy-1.3.0
rootdir: /dc-app-performance-toolkit/app
plugins: xdist-3.3.1, apiritif-1.1.3
collected 14 items

selenium_ui/jira_ui.py get driver from global
clear browser cookies
1694285595978,107,selenium_login:open_login_page,Success,True,
node_id:jira-0
1694285596578,599,selenium_login:login_and_view_dashboard,Success,True,
1694285596578,707,selenium_login,Success,True,
.test_0_selenium_a_login,Total:1905 Passed:1905 Failed:0
1694285600722,486,selenium_project_summary,Success,True,
.test_1_selenium_view_project_summary,Total:1906 Passed:1906 Failed:0
1694285601007,283,selenium_browse_projects_list,Success,True,
.test_1_selenium_browse_projects_list,Total:1907 Passed:1907 Failed:0
1694285601262,253,selenium_browse_boards_list,Success,True,
.test_1_selenium_browse_boards_list,Total:1908 Passed:1908 Failed:0
1694285605617,730,selenium_create_issue:open_quick_create,Success,True,
1694285608141,1829,selenium_create_issue:fill_and_submit_issue_form:submit_issue_form,Success,True,
1694285608141,2523,selenium_create_issue:fill_and_submit_issue_form,Success,True,
1694285608141,3254,selenium_create_issue,Success,True,
.test_1_selenium_create_issue,Total:1909 Passed:1909 Failed:0
1694285612435,684,selenium_edit_issue:open_edit_issue_form,Success,True,
1694285613362,648,selenium_edit_issue:save_edit_issue_form,Success,True,
1694285613362,1612,selenium_edit_issue,Success,True,
.test_1_selenium_edit_issue,Total:1910 Passed:1910 Failed:0
1694285613768,404,selenium_save_comment:open_comment_form,Success,True,
1694285614623,762,selenium_save_comment:submit_form,Success,True,
1694285614623,1259,selenium_save_comment,Success,True,
.test_1_selenium_save_comment,Total:1911 Passed:1911 Failed:0
1694285616418,1793,selenium_search_jql,Success,True,
.test_1_selenium_search_jql,Total:1912 Passed:1912 Failed:0
1694285618532,2111,selenium_view_scrum_board_backlog,Success,True,
.test_1_selenium_view_backlog_for_scrum_board,Total:1913 Passed:1913 Failed:0
1694285620530,1996,selenium_view_scrum_board,Success,True,
.test_1_selenium_view_scrum_board,Total:1914 Passed:1914 Failed:0
1694285621167,635,selenium_view_kanban_board,Success,True,
.test_1_selenium_view_kanban_board,Total:1915 Passed:1915 Failed:0
1694285621870,702,selenium_view_dashboard,Success,True,
.test_1_selenium_view_dashboard,Total:1916 Passed:1916 Failed:0
1694285622405,534,selenium_view_issue,Success,True,
.test_1_selenium_view_issue,Total:1917 Passed:1917 Failed:0
1694285622719,312,selenium_log_out,Success,True,
.test_2_selenium_z_log_out,Total:1918 Passed:1918 Failed:0


=============================== warnings summary ===============================
../../root/.bzt/python-packages/3.11.4/_pytest/config/__init__.py:1204
  /root/.bzt/python-packages/3.11.4/_pytest/config/__init__.py:1204: PytestAssertRewriteWarning: Module already imported so cannot be rewritten: apiritif
    self._mark_plugins_for_rewrite(hook)

-- Docs: https://docs.pytest.org/en/stable/how-to/capture-warnings.html
======================== 14 passed, 1 warning in 26.86s ========================
