============================= test session starts ==============================
platform linux -- Python 3.11.4, pytest-7.4.2, pluggy-1.3.0
rootdir: /dc-app-performance-toolkit/app
plugins: xdist-3.3.1, apiritif-1.1.3
collected 14 items

selenium_ui/jira_ui.py first driver inits
1694202582900,512,selenium_login:open_login_page,Success,True,
node_id:jira-0
1694202607809,24907,selenium_login:login_and_view_dashboard,Success,True,
1694202607809,25420,selenium_login,Success,True,
.test_0_selenium_a_login,Total:1 Passed:1 Failed:0
1694202609972,2135,selenium_project_summary,Success,True,
.test_1_selenium_view_project_summary,Total:2 Passed:2 Failed:0
1694202610252,278,selenium_browse_projects_list,Success,True,
.test_1_selenium_browse_projects_list,Total:3 Passed:3 Failed:0
1694202612243,1989,selenium_browse_boards_list,Success,True,
.test_1_selenium_browse_boards_list,Total:4 Passed:4 Failed:0
1694202613108,832,selenium_create_issue:open_quick_create,Success,True,
1694202614233,593,selenium_create_issue:fill_and_submit_issue_form:submit_issue_form,Success,True,
1694202614234,1125,selenium_create_issue:fill_and_submit_issue_form,Success,True,
1694202614234,1957,selenium_create_issue,Success,True,
.test_1_selenium_create_issue,Total:5 Passed:5 Failed:0
1694202615175,917,selenium_edit_issue:open_edit_issue_form,Success,True,
1694202616374,715,selenium_edit_issue:save_edit_issue_form,Success,True,
1694202616374,2116,selenium_edit_issue,Success,True,
.test_1_selenium_edit_issue,Total:6 Passed:6 Failed:0
1694202616713,338,selenium_save_comment:open_comment_form,Success,True,
1694202619173,2375,selenium_save_comment:submit_form,Success,True,
1694202619173,2798,selenium_save_comment,Success,True,
.test_1_selenium_save_comment,Total:7 Passed:7 Failed:0
1694202621812,2637,selenium_search_jql,Success,True,
.test_1_selenium_search_jql,Total:8 Passed:8 Failed:0
1694202624940,3126,selenium_view_scrum_board_backlog,Success,True,
.test_1_selenium_view_backlog_for_scrum_board,Total:9 Passed:9 Failed:0
1694202627839,2897,selenium_view_scrum_board,Success,True,
.test_1_selenium_view_scrum_board,Total:10 Passed:10 Failed:0
1694202629010,1170,selenium_view_kanban_board,Success,True,
.test_1_selenium_view_kanban_board,Total:11 Passed:11 Failed:0
1694202629432,420,selenium_view_dashboard,Success,True,
.test_1_selenium_view_dashboard,Total:12 Passed:12 Failed:0
1694202629948,515,selenium_view_issue,Success,True,
.test_1_selenium_view_issue,Total:13 Passed:13 Failed:0
1694202630276,326,selenium_log_out,Success,True,
.test_2_selenium_z_log_out,Total:14 Passed:14 Failed:0


=============================== warnings summary ===============================
../../root/.bzt/python-packages/3.11.4/_pytest/config/__init__.py:1204
  /root/.bzt/python-packages/3.11.4/_pytest/config/__init__.py:1204: PytestAssertRewriteWarning: Module already imported so cannot be rewritten: apiritif
    self._mark_plugins_for_rewrite(hook)

-- Docs: https://docs.pytest.org/en/stable/how-to/capture-warnings.html
======================== 14 passed, 1 warning in 48.56s ========================
============================= test session starts ==============================
platform linux -- Python 3.11.4, pytest-7.4.2, pluggy-1.3.0
rootdir: /dc-app-performance-toolkit/app
plugins: xdist-3.3.1, apiritif-1.1.3
collected 14 items

selenium_ui/jira_ui.py get driver from global
clear browser cookies
1694202630425,103,selenium_login:open_login_page,Success,True,
node_id:jira-0
1694202631731,1306,selenium_login:login_and_view_dashboard,Success,True,
1694202631731,1410,selenium_login,Success,True,
.test_0_selenium_a_login,Total:15 Passed:15 Failed:0
1694202632165,390,selenium_project_summary,Success,True,
.test_1_selenium_view_project_summary,Total:16 Passed:16 Failed:0
1694202632413,247,selenium_browse_projects_list,Success,True,
.test_1_selenium_browse_projects_list,Total:17 Passed:17 Failed:0
1694202632772,357,selenium_browse_boards_list,Success,True,
.test_1_selenium_browse_boards_list,Total:18 Passed:18 Failed:0
1694202633431,602,selenium_create_issue:open_quick_create,Success,True,
1694202634645,605,selenium_create_issue:fill_and_submit_issue_form:submit_issue_form,Success,True,
1694202634645,1213,selenium_create_issue:fill_and_submit_issue_form,Success,True,
1694202634645,1816,selenium_create_issue,Success,True,
.test_1_selenium_create_issue,Total:19 Passed:19 Failed:0
1694202635307,614,selenium_edit_issue:open_edit_issue_form,Success,True,
1694202636030,489,selenium_edit_issue:save_edit_issue_form,Success,True,
1694202636031,1338,selenium_edit_issue,Success,True,
.test_1_selenium_edit_issue,Total:20 Passed:20 Failed:0
1694202636406,373,selenium_save_comment:open_comment_form,Success,True,
1694202637210,717,selenium_save_comment:submit_form,Success,True,
1694202637211,1178,selenium_save_comment,Success,True,
.test_1_selenium_save_comment,Total:21 Passed:21 Failed:0
1694202638335,1122,selenium_search_jql,Success,True,
.test_1_selenium_search_jql,Total:22 Passed:22 Failed:0
1694202639527,1191,selenium_view_scrum_board_backlog,Success,True,
.test_1_selenium_view_backlog_for_scrum_board,Total:23 Passed:23 Failed:0
1694202640290,762,selenium_view_scrum_board,Success,True,
.test_1_selenium_view_scrum_board,Total:24 Passed:24 Failed:0
1694202641208,916,selenium_view_kanban_board,Success,True,
.test_1_selenium_view_kanban_board,Total:25 Passed:25 Failed:0
1694202641563,353,selenium_view_dashboard,Success,True,
.test_1_selenium_view_dashboard,Total:26 Passed:26 Failed:0
1694202642086,522,selenium_view_issue,Success,True,
.test_1_selenium_view_issue,Total:27 Passed:27 Failed:0
1694202642392,305,selenium_log_out,Success,True,
.test_2_selenium_z_log_out,Total:28 Passed:28 Failed:0


=============================== warnings summary ===============================
../../root/.bzt/python-packages/3.11.4/_pytest/config/__init__.py:1204
  /root/.bzt/python-packages/3.11.4/_pytest/config/__init__.py:1204: PytestAssertRewriteWarning: Module already imported so cannot be rewritten: apiritif
    self._mark_plugins_for_rewrite(hook)

-- Docs: https://docs.pytest.org/en/stable/how-to/capture-warnings.html
======================== 14 passed, 1 warning in 12.09s ========================
============================= test session starts ==============================
platform linux -- Python 3.11.4, pytest-7.4.2, pluggy-1.3.0
rootdir: /dc-app-performance-toolkit/app
plugins: xdist-3.3.1, apiritif-1.1.3
collected 14 items

selenium_ui/jira_ui.py get driver from global
clear browser cookies
1694202642539,99,selenium_login:open_login_page,Success,True,
node_id:jira-0
1694202643069,529,selenium_login:login_and_view_dashboard,Success,True,
1694202643069,629,selenium_login,Success,True,
.test_0_selenium_a_login,Total:29 Passed:29 Failed:0
1694202643526,391,selenium_project_summary,Success,True,
.test_1_selenium_view_project_summary,Total:30 Passed:30 Failed:0
1694202643783,255,selenium_browse_projects_list,Success,True,
.test_1_selenium_browse_projects_list,Total:31 Passed:31 Failed:0
1694202644540,755,selenium_browse_boards_list,Success,True,
.test_1_selenium_browse_boards_list,Total:32 Passed:32 Failed:0
1694202645254,620,selenium_create_issue:open_quick_create,Success,True,
1694202646529,631,selenium_create_issue:fill_and_submit_issue_form:submit_issue_form,Success,True,
1694202646529,1274,selenium_create_issue:fill_and_submit_issue_form,Success,True,
1694202646529,1895,selenium_create_issue,Success,True,
.test_1_selenium_create_issue,Total:33 Passed:33 Failed:0
1694202647249,634,selenium_edit_issue:open_edit_issue_form,Success,True,
1694202648067,568,selenium_edit_issue:save_edit_issue_form,Success,True,
1694202648067,1453,selenium_edit_issue,Success,True,
.test_1_selenium_edit_issue,Total:34 Passed:34 Failed:0
1694202648408,338,selenium_save_comment:open_comment_form,Success,True,
1694202649259,766,selenium_save_comment:submit_form,Success,True,
1694202649259,1190,selenium_save_comment,Success,True,
.test_1_selenium_save_comment,Total:35 Passed:35 Failed:0
1694202650426,1166,selenium_search_jql,Success,True,
.test_1_selenium_search_jql,Total:36 Passed:36 Failed:0
1694202651546,1119,selenium_view_scrum_board_backlog,Success,True,
.test_1_selenium_view_backlog_for_scrum_board,Total:37 Passed:37 Failed:0
1694202652356,808,selenium_view_scrum_board,Success,True,
.test_1_selenium_view_scrum_board,Total:38 Passed:38 Failed:0
1694202653421,1064,selenium_view_kanban_board,Success,True,
.test_1_selenium_view_kanban_board,Total:39 Passed:39 Failed:0
1694202653760,338,selenium_view_dashboard,Success,True,
.test_1_selenium_view_dashboard,Total:40 Passed:40 Failed:0
1694202654310,548,selenium_view_issue,Success,True,
.test_1_selenium_view_issue,Total:41 Passed:41 Failed:0
1694202654621,310,selenium_log_out,Success,True,
.test_2_selenium_z_log_out,Total:42 Passed:42 Failed:0


=============================== warnings summary ===============================
../../root/.bzt/python-packages/3.11.4/_pytest/config/__init__.py:1204
  /root/.bzt/python-packages/3.11.4/_pytest/config/__init__.py:1204: PytestAssertRewriteWarning: Module already imported so cannot be rewritten: apiritif
    self._mark_plugins_for_rewrite(hook)

-- Docs: https://docs.pytest.org/en/stable/how-to/capture-warnings.html
======================== 14 passed, 1 warning in 12.20s ========================
============================= test session starts ==============================
platform linux -- Python 3.11.4, pytest-7.4.2, pluggy-1.3.0
rootdir: /dc-app-performance-toolkit/app
plugins: xdist-3.3.1, apiritif-1.1.3
collected 14 items

selenium_ui/jira_ui.py get driver from global
clear browser cookies
1694202654770,103,selenium_login:open_login_page,Success,True,
node_id:jira-0
1694202656132,1362,selenium_login:login_and_view_dashboard,Success,True,
1694202656132,1466,selenium_login,Success,True,
.test_0_selenium_a_login,Total:43 Passed:43 Failed:0
1694202656611,395,selenium_project_summary,Success,True,
.test_1_selenium_view_project_summary,Total:44 Passed:44 Failed:0
1694202656832,220,selenium_browse_projects_list,Success,True,
.test_1_selenium_browse_projects_list,Total:45 Passed:45 Failed:0
1694202657063,229,selenium_browse_boards_list,Success,True,
.test_1_selenium_browse_boards_list,Total:46 Passed:46 Failed:0
1694202657784,631,selenium_create_issue:open_quick_create,Success,True,
1694202659074,614,selenium_create_issue:fill_and_submit_issue_form:submit_issue_form,Success,True,
1694202659074,1290,selenium_create_issue:fill_and_submit_issue_form,Success,True,
1694202659074,1922,selenium_create_issue,Success,True,
.test_1_selenium_create_issue,Total:47 Passed:47 Failed:0
1694202659701,536,selenium_edit_issue:open_edit_issue_form,Success,True,
1694202660784,762,selenium_edit_issue:save_edit_issue_form,Success,True,
1694202660784,1619,selenium_edit_issue,Success,True,
.test_1_selenium_edit_issue,Total:48 Passed:48 Failed:0
1694202661148,363,selenium_save_comment:open_comment_form,Success,True,
1694202661960,715,selenium_save_comment:submit_form,Success,True,
1694202661960,1175,selenium_save_comment,Success,True,
.test_1_selenium_save_comment,Total:49 Passed:49 Failed:0
1694202663129,1167,selenium_search_jql,Success,True,
.test_1_selenium_search_jql,Total:50 Passed:50 Failed:0
1694202664078,948,selenium_view_scrum_board_backlog,Success,True,
.test_1_selenium_view_backlog_for_scrum_board,Total:51 Passed:51 Failed:0
1694202664871,791,selenium_view_scrum_board,Success,True,
.test_1_selenium_view_scrum_board,Total:52 Passed:52 Failed:0
1694202666227,1355,selenium_view_kanban_board,Success,True,
.test_1_selenium_view_kanban_board,Total:53 Passed:53 Failed:0
1694202666770,541,selenium_view_dashboard,Success,True,
.test_1_selenium_view_dashboard,Total:54 Passed:54 Failed:0
1694202667337,565,selenium_view_issue,Success,True,
.test_1_selenium_view_issue,Total:55 Passed:55 Failed:0
1694202667645,305,selenium_log_out,Success,True,
.test_2_selenium_z_log_out,Total:56 Passed:56 Failed:0


=============================== warnings summary ===============================
../../root/.bzt/python-packages/3.11.4/_pytest/config/__init__.py:1204
  /root/.bzt/python-packages/3.11.4/_pytest/config/__init__.py:1204: PytestAssertRewriteWarning: Module already imported so cannot be rewritten: apiritif
    self._mark_plugins_for_rewrite(hook)

-- Docs: https://docs.pytest.org/en/stable/how-to/capture-warnings.html
======================== 14 passed, 1 warning in 12.99s ========================
============================= test session starts ==============================
platform linux -- Python 3.11.4, pytest-7.4.2, pluggy-1.3.0
rootdir: /dc-app-performance-toolkit/app
plugins: xdist-3.3.1, apiritif-1.1.3
collected 14 items

selenium_ui/jira_ui.py get driver from global
clear browser cookies
1694202667789,100,selenium_login:open_login_page,Success,True,
node_id:jira-0
1694202668306,516,selenium_login:login_and_view_dashboard,Success,True,
1694202668306,617,selenium_login,Success,True,
.test_0_selenium_a_login,Total:57 Passed:57 Failed:0
1694202668852,407,selenium_project_summary,Success,True,
.test_1_selenium_view_project_summary,Total:58 Passed:58 Failed:0
1694202669094,241,selenium_browse_projects_list,Success,True,
.test_1_selenium_browse_projects_list,Total:59 Passed:59 Failed:0
1694202669829,733,selenium_browse_boards_list,Success,True,
.test_1_selenium_browse_boards_list,Total:60 Passed:60 Failed:0
1694202670593,653,selenium_create_issue:open_quick_create,Success,True,
1694202672022,646,selenium_create_issue:fill_and_submit_issue_form:submit_issue_form,Success,True,
1694202672022,1429,selenium_create_issue:fill_and_submit_issue_form,Success,True,
1694202672022,2082,selenium_create_issue,Success,True,
.test_1_selenium_create_issue,Total:61 Passed:61 Failed:0
1694202672756,618,selenium_edit_issue:open_edit_issue_form,Success,True,
1694202673687,666,selenium_edit_issue:save_edit_issue_form,Success,True,
1694202673687,1549,selenium_edit_issue,Success,True,
.test_1_selenium_edit_issue,Total:62 Passed:62 Failed:0
1694202674071,382,selenium_save_comment:open_comment_form,Success,True,
1694202674943,786,selenium_save_comment:submit_form,Success,True,
1694202674943,1253,selenium_save_comment,Success,True,
.test_1_selenium_save_comment,Total:63 Passed:63 Failed:0
1694202676268,1323,selenium_search_jql,Success,True,
.test_1_selenium_search_jql,Total:64 Passed:64 Failed:0
1694202677381,1111,selenium_view_scrum_board_backlog,Success,True,
.test_1_selenium_view_backlog_for_scrum_board,Total:65 Passed:65 Failed:0
1694202678196,813,selenium_view_scrum_board,Success,True,
.test_1_selenium_view_scrum_board,Total:66 Passed:66 Failed:0
1694202679311,1114,selenium_view_kanban_board,Success,True,
.test_1_selenium_view_kanban_board,Total:67 Passed:67 Failed:0
1694202679726,413,selenium_view_dashboard,Success,True,
.test_1_selenium_view_dashboard,Total:68 Passed:68 Failed:0
1694202680242,515,selenium_view_issue,Success,True,
.test_1_selenium_view_issue,Total:69 Passed:69 Failed:0
1694202680563,319,selenium_log_out,Success,True,
.test_2_selenium_z_log_out,Total:70 Passed:70 Failed:0


=============================== warnings summary ===============================
../../root/.bzt/python-packages/3.11.4/_pytest/config/__init__.py:1204
  /root/.bzt/python-packages/3.11.4/_pytest/config/__init__.py:1204: PytestAssertRewriteWarning: Module already imported so cannot be rewritten: apiritif
    self._mark_plugins_for_rewrite(hook)

-- Docs: https://docs.pytest.org/en/stable/how-to/capture-warnings.html
======================== 14 passed, 1 warning in 12.89s ========================
============================= test session starts ==============================
platform linux -- Python 3.11.4, pytest-7.4.2, pluggy-1.3.0
rootdir: /dc-app-performance-toolkit/app
plugins: xdist-3.3.1, apiritif-1.1.3
collected 14 items

selenium_ui/jira_ui.py get driver from global
clear browser cookies
1694202680721,109,selenium_login:open_login_page,Success,True,
node_id:jira-0
1694202682010,1288,selenium_login:login_and_view_dashboard,Success,True,
1694202682010,1398,selenium_login,Success,True,
.test_0_selenium_a_login,Total:71 Passed:71 Failed:0
1694202682479,365,selenium_project_summary,Success,True,
.test_1_selenium_view_project_summary,Total:72 Passed:72 Failed:0
1694202682758,278,selenium_browse_projects_list,Success,True,
.test_1_selenium_browse_projects_list,Total:73 Passed:73 Failed:0
1694202683035,276,selenium_browse_boards_list,Success,True,
.test_1_selenium_browse_boards_list,Total:74 Passed:74 Failed:0
1694202683772,602,selenium_create_issue:open_quick_create,Success,True,
1694202685009,650,selenium_create_issue:fill_and_submit_issue_form:submit_issue_form,Success,True,
1694202685009,1236,selenium_create_issue:fill_and_submit_issue_form,Success,True,
1694202685009,1839,selenium_create_issue,Success,True,
.test_1_selenium_create_issue,Total:75 Passed:75 Failed:0
1694202685698,554,selenium_edit_issue:open_edit_issue_form,Success,True,
1694202686519,496,selenium_edit_issue:save_edit_issue_form,Success,True,
1694202686519,1375,selenium_edit_issue,Success,True,
.test_1_selenium_edit_issue,Total:76 Passed:76 Failed:0
1694202686941,420,selenium_save_comment:open_comment_form,Success,True,
1694202687737,699,selenium_save_comment:submit_form,Success,True,
1694202687737,1216,selenium_save_comment,Success,True,
.test_1_selenium_save_comment,Total:77 Passed:77 Failed:0
1694202689072,1333,selenium_search_jql,Success,True,
.test_1_selenium_search_jql,Total:78 Passed:78 Failed:0
1694202690026,952,selenium_view_scrum_board_backlog,Success,True,
.test_1_selenium_view_backlog_for_scrum_board,Total:79 Passed:79 Failed:0
1694202690928,901,selenium_view_scrum_board,Success,True,
.test_1_selenium_view_scrum_board,Total:80 Passed:80 Failed:0
1694202691885,954,selenium_view_kanban_board,Success,True,
.test_1_selenium_view_kanban_board,Total:81 Passed:81 Failed:0
1694202692291,404,selenium_view_dashboard,Success,True,
.test_1_selenium_view_dashboard,Total:82 Passed:82 Failed:0
1694202692806,514,selenium_view_issue,Success,True,
.test_1_selenium_view_issue,Total:83 Passed:83 Failed:0
1694202693106,298,selenium_log_out,Success,True,
.test_2_selenium_z_log_out,Total:84 Passed:84 Failed:0


=============================== warnings summary ===============================
../../root/.bzt/python-packages/3.11.4/_pytest/config/__init__.py:1204
  /root/.bzt/python-packages/3.11.4/_pytest/config/__init__.py:1204: PytestAssertRewriteWarning: Module already imported so cannot be rewritten: apiritif
    self._mark_plugins_for_rewrite(hook)

-- Docs: https://docs.pytest.org/en/stable/how-to/capture-warnings.html
======================== 14 passed, 1 warning in 12.51s ========================
============================= test session starts ==============================
platform linux -- Python 3.11.4, pytest-7.4.2, pluggy-1.3.0
rootdir: /dc-app-performance-toolkit/app
plugins: xdist-3.3.1, apiritif-1.1.3
collected 14 items

selenium_ui/jira_ui.py get driver from global
clear browser cookies
1694202693247,97,selenium_login:open_login_page,Success,True,
node_id:jira-0
1694202694445,1197,selenium_login:login_and_view_dashboard,Success,True,
1694202694446,1295,selenium_login,Success,True,
.test_0_selenium_a_login,Total:85 Passed:85 Failed:0
1694202694930,367,selenium_project_summary,Success,True,
.test_1_selenium_view_project_summary,Total:86 Passed:86 Failed:0
1694202695162,230,selenium_browse_projects_list,Success,True,
.test_1_selenium_browse_projects_list,Total:87 Passed:87 Failed:0
1694202695403,239,selenium_browse_boards_list,Success,True,
.test_1_selenium_browse_boards_list,Total:88 Passed:88 Failed:0
1694202696181,608,selenium_create_issue:open_quick_create,Success,True,
1694202697436,643,selenium_create_issue:fill_and_submit_issue_form:submit_issue_form,Success,True,
1694202697436,1255,selenium_create_issue:fill_and_submit_issue_form,Success,True,
1694202697436,1864,selenium_create_issue,Success,True,
.test_1_selenium_create_issue,Total:89 Passed:89 Failed:0
1694202698149,553,selenium_edit_issue:open_edit_issue_form,Success,True,
1694202699160,674,selenium_edit_issue:save_edit_issue_form,Success,True,
1694202699160,1565,selenium_edit_issue,Success,True,
.test_1_selenium_edit_issue,Total:90 Passed:90 Failed:0
1694202699538,376,selenium_save_comment:open_comment_form,Success,True,
1694202700506,880,selenium_save_comment:submit_form,Success,True,
1694202700506,1344,selenium_save_comment,Success,True,
.test_1_selenium_save_comment,Total:91 Passed:91 Failed:0
1694202701987,1479,selenium_search_jql,Success,True,
.test_1_selenium_search_jql,Total:92 Passed:92 Failed:0
1694202703079,1091,selenium_view_scrum_board_backlog,Success,True,
.test_1_selenium_view_backlog_for_scrum_board,Total:93 Passed:93 Failed:0
1694202703894,813,selenium_view_scrum_board,Success,True,
.test_1_selenium_view_scrum_board,Total:94 Passed:94 Failed:0
1694202705201,1305,selenium_view_kanban_board,Success,True,
.test_1_selenium_view_kanban_board,Total:95 Passed:95 Failed:0
1694202705881,678,selenium_view_dashboard,Success,True,
.test_1_selenium_view_dashboard,Total:96 Passed:96 Failed:0
1694202706413,530,selenium_view_issue,Success,True,
.test_1_selenium_view_issue,Total:97 Passed:97 Failed:0
1694202706702,287,selenium_log_out,Success,True,
.test_2_selenium_z_log_out,Total:98 Passed:98 Failed:0


=============================== warnings summary ===============================
../../root/.bzt/python-packages/3.11.4/_pytest/config/__init__.py:1204
  /root/.bzt/python-packages/3.11.4/_pytest/config/__init__.py:1204: PytestAssertRewriteWarning: Module already imported so cannot be rewritten: apiritif
    self._mark_plugins_for_rewrite(hook)

-- Docs: https://docs.pytest.org/en/stable/how-to/capture-warnings.html
======================== 14 passed, 1 warning in 13.57s ========================
============================= test session starts ==============================
platform linux -- Python 3.11.4, pytest-7.4.2, pluggy-1.3.0
rootdir: /dc-app-performance-toolkit/app
plugins: xdist-3.3.1, apiritif-1.1.3
collected 14 items

selenium_ui/jira_ui.py get driver from global
clear browser cookies
1694202706850,103,selenium_login:open_login_page,Success,True,
node_id:jira-0
1694202707377,526,selenium_login:login_and_view_dashboard,Success,True,
1694202707377,629,selenium_login,Success,True,
.test_0_selenium_a_login,Total:99 Passed:99 Failed:0
1694202707972,411,selenium_project_summary,Success,True,
.test_1_selenium_view_project_summary,Total:100 Passed:100 Failed:0
1694202708227,253,selenium_browse_projects_list,Success,True,
.test_1_selenium_browse_projects_list,Total:101 Passed:101 Failed:0
1694202708458,228,selenium_browse_boards_list,Success,True,
.test_1_selenium_browse_boards_list,Total:102 Passed:102 Failed:0
1694202709318,675,selenium_create_issue:open_quick_create,Success,True,
1694202710636,670,selenium_create_issue:fill_and_submit_issue_form:submit_issue_form,Success,True,
1694202710636,1318,selenium_create_issue:fill_and_submit_issue_form,Success,True,
1694202710636,1994,selenium_create_issue,Success,True,
.test_1_selenium_create_issue,Total:103 Passed:103 Failed:0
1694202711411,592,selenium_edit_issue:open_edit_issue_form,Success,True,
1694202712353,607,selenium_edit_issue:save_edit_issue_form,Success,True,
1694202712353,1535,selenium_edit_issue,Success,True,
.test_1_selenium_edit_issue,Total:104 Passed:104 Failed:0
1694202712756,400,selenium_save_comment:open_comment_form,Success,True,
1694202713675,831,selenium_save_comment:submit_form,Success,True,
1694202713676,1320,selenium_save_comment,Success,True,
.test_1_selenium_save_comment,Total:105 Passed:105 Failed:0
1694202715179,1502,selenium_search_jql,Success,True,
.test_1_selenium_search_jql,Total:106 Passed:106 Failed:0
1694202716130,949,selenium_view_scrum_board_backlog,Success,True,
.test_1_selenium_view_backlog_for_scrum_board,Total:107 Passed:107 Failed:0
1694202717065,933,selenium_view_scrum_board,Success,True,
.test_1_selenium_view_scrum_board,Total:108 Passed:108 Failed:0
1694202718206,1140,selenium_view_kanban_board,Success,True,
.test_1_selenium_view_kanban_board,Total:109 Passed:109 Failed:0
1694202718575,367,selenium_view_dashboard,Success,True,
.test_1_selenium_view_dashboard,Total:110 Passed:110 Failed:0
1694202719131,555,selenium_view_issue,Success,True,
.test_1_selenium_view_issue,Total:111 Passed:111 Failed:0
1694202719454,321,selenium_log_out,Success,True,
.test_2_selenium_z_log_out,Total:112 Passed:112 Failed:0


=============================== warnings summary ===============================
../../root/.bzt/python-packages/3.11.4/_pytest/config/__init__.py:1204
  /root/.bzt/python-packages/3.11.4/_pytest/config/__init__.py:1204: PytestAssertRewriteWarning: Module already imported so cannot be rewritten: apiritif
    self._mark_plugins_for_rewrite(hook)

-- Docs: https://docs.pytest.org/en/stable/how-to/capture-warnings.html
======================== 14 passed, 1 warning in 12.72s ========================
============================= test session starts ==============================
platform linux -- Python 3.11.4, pytest-7.4.2, pluggy-1.3.0
rootdir: /dc-app-performance-toolkit/app
plugins: xdist-3.3.1, apiritif-1.1.3
collected 14 items

selenium_ui/jira_ui.py get driver from global
clear browser cookies
1694202719599,100,selenium_login:open_login_page,Success,True,
node_id:jira-0
1694202720154,554,selenium_login:login_and_view_dashboard,Success,True,
1694202720154,656,selenium_login,Success,True,
.test_0_selenium_a_login,Total:113 Passed:113 Failed:0
1694202720766,386,selenium_project_summary,Success,True,
.test_1_selenium_view_project_summary,Total:114 Passed:114 Failed:0
1694202721054,287,selenium_browse_projects_list,Success,True,
.test_1_selenium_browse_projects_list,Total:115 Passed:115 Failed:0
1694202721316,260,selenium_browse_boards_list,Success,True,
.test_1_selenium_browse_boards_list,Total:116 Passed:116 Failed:0
1694202722201,668,selenium_create_issue:open_quick_create,Success,True,
1694202723561,654,selenium_create_issue:fill_and_submit_issue_form:submit_issue_form,Success,True,
1694202723561,1360,selenium_create_issue:fill_and_submit_issue_form,Success,True,
1694202723561,2029,selenium_create_issue,Success,True,
.test_1_selenium_create_issue,Total:117 Passed:117 Failed:0
1694202724474,706,selenium_edit_issue:open_edit_issue_form,Success,True,
1694202725255,541,selenium_edit_issue:save_edit_issue_form,Success,True,
1694202725255,1487,selenium_edit_issue,Success,True,
.test_1_selenium_edit_issue,Total:118 Passed:118 Failed:0
1694202725639,382,selenium_save_comment:open_comment_form,Success,True,
1694202726538,809,selenium_save_comment:submit_form,Success,True,
1694202726538,1281,selenium_save_comment,Success,True,
.test_1_selenium_save_comment,Total:119 Passed:119 Failed:0
1694202727999,1459,selenium_search_jql,Success,True,
.test_1_selenium_search_jql,Total:120 Passed:120 Failed:0
1694202728938,938,selenium_view_scrum_board_backlog,Success,True,
.test_1_selenium_view_backlog_for_scrum_board,Total:121 Passed:121 Failed:0
1694202729852,912,selenium_view_scrum_board,Success,True,
.test_1_selenium_view_scrum_board,Total:122 Passed:122 Failed:0
1694202731167,1313,selenium_view_kanban_board,Success,True,
.test_1_selenium_view_kanban_board,Total:123 Passed:123 Failed:0
1694202731616,447,selenium_view_dashboard,Success,True,
.test_1_selenium_view_dashboard,Total:124 Passed:124 Failed:0
1694202732137,519,selenium_view_issue,Success,True,
.test_1_selenium_view_issue,Total:125 Passed:125 Failed:0
1694202732529,390,selenium_log_out,Success,True,
.test_2_selenium_z_log_out,Total:126 Passed:126 Failed:0


=============================== warnings summary ===============================
../../root/.bzt/python-packages/3.11.4/_pytest/config/__init__.py:1204
  /root/.bzt/python-packages/3.11.4/_pytest/config/__init__.py:1204: PytestAssertRewriteWarning: Module already imported so cannot be rewritten: apiritif
    self._mark_plugins_for_rewrite(hook)

-- Docs: https://docs.pytest.org/en/stable/how-to/capture-warnings.html
======================== 14 passed, 1 warning in 13.04s ========================
============================= test session starts ==============================
platform linux -- Python 3.11.4, pytest-7.4.2, pluggy-1.3.0
rootdir: /dc-app-performance-toolkit/app
plugins: xdist-3.3.1, apiritif-1.1.3
collected 14 items

selenium_ui/jira_ui.py get driver from global
clear browser cookies
1694202732692,118,selenium_login:open_login_page,Success,True,
node_id:jira-0
1694202734033,1340,selenium_login:login_and_view_dashboard,Success,True,
1694202734033,1459,selenium_login,Success,True,
.test_0_selenium_a_login,Total:127 Passed:127 Failed:0
1694202734616,387,selenium_project_summary,Success,True,
.test_1_selenium_view_project_summary,Total:128 Passed:128 Failed:0
1694202734842,225,selenium_browse_projects_list,Success,True,
.test_1_selenium_browse_projects_list,Total:129 Passed:129 Failed:0
1694202735091,247,selenium_browse_boards_list,Success,True,
.test_1_selenium_browse_boards_list,Total:130 Passed:130 Failed:0
1694202735988,629,selenium_create_issue:open_quick_create,Success,True,
1694202737239,670,selenium_create_issue:fill_and_submit_issue_form:submit_issue_form,Success,True,
1694202737239,1250,selenium_create_issue:fill_and_submit_issue_form,Success,True,
1694202737239,1880,selenium_create_issue,Success,True,
.test_1_selenium_create_issue,Total:131 Passed:131 Failed:0
1694202738005,541,selenium_edit_issue:open_edit_issue_form,Success,True,
1694202738855,500,selenium_edit_issue:save_edit_issue_form,Success,True,
1694202738855,1392,selenium_edit_issue,Success,True,
.test_1_selenium_edit_issue,Total:132 Passed:132 Failed:0
1694202739303,447,selenium_save_comment:open_comment_form,Success,True,
1694202740102,688,selenium_save_comment:submit_form,Success,True,
1694202740102,1246,selenium_save_comment,Success,True,
.test_1_selenium_save_comment,Total:133 Passed:133 Failed:0
1694202741743,1639,selenium_search_jql,Success,True,
.test_1_selenium_search_jql,Total:134 Passed:134 Failed:0
1694202742693,948,selenium_view_scrum_board_backlog,Success,True,
.test_1_selenium_view_backlog_for_scrum_board,Total:135 Passed:135 Failed:0
1694202743620,925,selenium_view_scrum_board,Success,True,
.test_1_selenium_view_scrum_board,Total:136 Passed:136 Failed:0
1694202744622,1000,selenium_view_kanban_board,Success,True,
.test_1_selenium_view_kanban_board,Total:137 Passed:137 Failed:0
1694202744970,347,selenium_view_dashboard,Success,True,
.test_1_selenium_view_dashboard,Total:138 Passed:138 Failed:0
1694202745491,519,selenium_view_issue,Success,True,
.test_1_selenium_view_issue,Total:139 Passed:139 Failed:0
1694202745791,298,selenium_log_out,Success,True,
.test_2_selenium_z_log_out,Total:140 Passed:140 Failed:0


=============================== warnings summary ===============================
../../root/.bzt/python-packages/3.11.4/_pytest/config/__init__.py:1204
  /root/.bzt/python-packages/3.11.4/_pytest/config/__init__.py:1204: PytestAssertRewriteWarning: Module already imported so cannot be rewritten: apiritif
    self._mark_plugins_for_rewrite(hook)

-- Docs: https://docs.pytest.org/en/stable/how-to/capture-warnings.html
======================== 14 passed, 1 warning in 13.23s ========================
============================= test session starts ==============================
platform linux -- Python 3.11.4, pytest-7.4.2, pluggy-1.3.0
rootdir: /dc-app-performance-toolkit/app
plugins: xdist-3.3.1, apiritif-1.1.3
collected 14 items

selenium_ui/jira_ui.py get driver from global
clear browser cookies
1694202745934,98,selenium_login:open_login_page,Success,True,
node_id:jira-0
1694202747207,1272,selenium_login:login_and_view_dashboard,Success,True,
1694202747207,1371,selenium_login,Success,True,
.test_0_selenium_a_login,Total:141 Passed:141 Failed:0
1694202747791,387,selenium_project_summary,Success,True,
.test_1_selenium_view_project_summary,Total:142 Passed:142 Failed:0
1694202748047,254,selenium_browse_projects_list,Success,True,
.test_1_selenium_browse_projects_list,Total:143 Passed:143 Failed:0
1694202748293,245,selenium_browse_boards_list,Success,True,
.test_1_selenium_browse_boards_list,Total:144 Passed:144 Failed:0
1694202749203,641,selenium_create_issue:open_quick_create,Success,True,
1694202750546,693,selenium_create_issue:fill_and_submit_issue_form:submit_issue_form,Success,True,
1694202750546,1343,selenium_create_issue:fill_and_submit_issue_form,Success,True,
1694202750546,1985,selenium_create_issue,Success,True,
.test_1_selenium_create_issue,Total:145 Passed:145 Failed:0
1694202751382,575,selenium_edit_issue:open_edit_issue_form,Success,True,
1694202752204,496,selenium_edit_issue:save_edit_issue_form,Success,True,
1694202752204,1397,selenium_edit_issue,Success,True,
.test_1_selenium_edit_issue,Total:146 Passed:146 Failed:0
1694202752588,382,selenium_save_comment:open_comment_form,Success,True,
1694202753466,784,selenium_save_comment:submit_form,Success,True,
1694202753466,1261,selenium_save_comment,Success,True,
.test_1_selenium_save_comment,Total:147 Passed:147 Failed:0
1694202754986,1518,selenium_search_jql,Success,True,
.test_1_selenium_search_jql,Total:148 Passed:148 Failed:0
1694202755938,950,selenium_view_scrum_board_backlog,Success,True,
.test_1_selenium_view_backlog_for_scrum_board,Total:149 Passed:149 Failed:0
1694202756888,949,selenium_view_scrum_board,Success,True,
.test_1_selenium_view_scrum_board,Total:150 Passed:150 Failed:0
1694202757364,474,selenium_view_kanban_board,Success,True,
.test_1_selenium_view_kanban_board,Total:151 Passed:151 Failed:0
1694202757721,355,selenium_view_dashboard,Success,True,
.test_1_selenium_view_dashboard,Total:152 Passed:152 Failed:0
1694202758265,541,selenium_view_issue,Success,True,
.test_1_selenium_view_issue,Total:153 Passed:153 Failed:0
1694202758610,344,selenium_log_out,Success,True,
.test_2_selenium_z_log_out,Total:154 Passed:154 Failed:0


=============================== warnings summary ===============================
../../root/.bzt/python-packages/3.11.4/_pytest/config/__init__.py:1204
  /root/.bzt/python-packages/3.11.4/_pytest/config/__init__.py:1204: PytestAssertRewriteWarning: Module already imported so cannot be rewritten: apiritif
    self._mark_plugins_for_rewrite(hook)

-- Docs: https://docs.pytest.org/en/stable/how-to/capture-warnings.html
======================== 14 passed, 1 warning in 12.79s ========================
============================= test session starts ==============================
platform linux -- Python 3.11.4, pytest-7.4.2, pluggy-1.3.0
rootdir: /dc-app-performance-toolkit/app
plugins: xdist-3.3.1, apiritif-1.1.3
collected 14 items

selenium_ui/jira_ui.py get driver from global
clear browser cookies
1694202758762,105,selenium_login:open_login_page,Success,True,
node_id:jira-0
1694202760066,1303,selenium_login:login_and_view_dashboard,Success,True,
1694202760066,1410,selenium_login,Success,True,
.test_0_selenium_a_login,Total:155 Passed:155 Failed:0
1694202760684,386,selenium_project_summary,Success,True,
.test_1_selenium_view_project_summary,Total:156 Passed:156 Failed:0
1694202760942,257,selenium_browse_projects_list,Success,True,
.test_1_selenium_browse_projects_list,Total:157 Passed:157 Failed:0
1694202761197,251,selenium_browse_boards_list,Success,True,
.test_1_selenium_browse_boards_list,Total:158 Passed:158 Failed:0
1694202762115,644,selenium_create_issue:open_quick_create,Success,True,
1694202763432,682,selenium_create_issue:fill_and_submit_issue_form:submit_issue_form,Success,True,
1694202763432,1316,selenium_create_issue:fill_and_submit_issue_form,Success,True,
1694202763432,1961,selenium_create_issue,Success,True,
.test_1_selenium_create_issue,Total:159 Passed:159 Failed:0
1694202764156,447,selenium_edit_issue:open_edit_issue_form,Success,True,
1694202765430,779,selenium_edit_issue:save_edit_issue_form,Success,True,
1694202765430,1721,selenium_edit_issue,Success,True,
.test_1_selenium_edit_issue,Total:160 Passed:160 Failed:0
1694202765821,389,selenium_save_comment:open_comment_form,Success,True,
1694202766652,739,selenium_save_comment:submit_form,Success,True,
1694202766653,1221,selenium_save_comment,Success,True,
.test_1_selenium_save_comment,Total:161 Passed:161 Failed:0
1694202768179,1524,selenium_search_jql,Success,True,
.test_1_selenium_search_jql,Total:162 Passed:162 Failed:0
1694202769142,961,selenium_view_scrum_board_backlog,Success,True,
.test_1_selenium_view_backlog_for_scrum_board,Total:163 Passed:163 Failed:0
1694202770037,894,selenium_view_scrum_board,Success,True,
.test_1_selenium_view_scrum_board,Total:164 Passed:164 Failed:0
1694202771154,1114,selenium_view_kanban_board,Success,True,
.test_1_selenium_view_kanban_board,Total:165 Passed:165 Failed:0
1694202771507,352,selenium_view_dashboard,Success,True,
.test_1_selenium_view_dashboard,Total:166 Passed:166 Failed:0
1694202772053,544,selenium_view_issue,Success,True,
.test_1_selenium_view_issue,Total:167 Passed:167 Failed:0
1694202772337,282,selenium_log_out,Success,True,
.test_2_selenium_z_log_out,Total:168 Passed:168 Failed:0


=============================== warnings summary ===============================
../../root/.bzt/python-packages/3.11.4/_pytest/config/__init__.py:1204
  /root/.bzt/python-packages/3.11.4/_pytest/config/__init__.py:1204: PytestAssertRewriteWarning: Module already imported so cannot be rewritten: apiritif
    self._mark_plugins_for_rewrite(hook)

-- Docs: https://docs.pytest.org/en/stable/how-to/capture-warnings.html
======================== 14 passed, 1 warning in 13.70s ========================
============================= test session starts ==============================
platform linux -- Python 3.11.4, pytest-7.4.2, pluggy-1.3.0
rootdir: /dc-app-performance-toolkit/app
plugins: xdist-3.3.1, apiritif-1.1.3
collected 14 items

selenium_ui/jira_ui.py get driver from global
clear browser cookies
1694202772484,102,selenium_login:open_login_page,Success,True,
node_id:jira-0
1694202772989,504,selenium_login:login_and_view_dashboard,Success,True,
1694202772989,608,selenium_login,Success,True,
.test_0_selenium_a_login,Total:169 Passed:169 Failed:0
1694202773680,389,selenium_project_summary,Success,True,
.test_1_selenium_view_project_summary,Total:170 Passed:170 Failed:0
1694202773968,286,selenium_browse_projects_list,Success,True,
.test_1_selenium_browse_projects_list,Total:171 Passed:171 Failed:0
1694202774238,268,selenium_browse_boards_list,Success,True,
.test_1_selenium_browse_boards_list,Total:172 Passed:172 Failed:0
1694202775180,631,selenium_create_issue:open_quick_create,Success,True,
1694202776463,685,selenium_create_issue:fill_and_submit_issue_form:submit_issue_form,Success,True,
1694202776463,1283,selenium_create_issue:fill_and_submit_issue_form,Success,True,
1694202776463,1915,selenium_create_issue,Success,True,
.test_1_selenium_create_issue,Total:173 Passed:173 Failed:0
1694202777327,569,selenium_edit_issue:open_edit_issue_form,Success,True,
1694202778150,501,selenium_edit_issue:save_edit_issue_form,Success,True,
1694202778150,1392,selenium_edit_issue,Success,True,
.test_1_selenium_edit_issue,Total:174 Passed:174 Failed:0
1694202778471,319,selenium_save_comment:open_comment_form,Success,True,
1694202779335,775,selenium_save_comment:submit_form,Success,True,
1694202779335,1183,selenium_save_comment,Success,True,
.test_1_selenium_save_comment,Total:175 Passed:175 Failed:0
1694202780875,1538,selenium_search_jql,Success,True,
.test_1_selenium_search_jql,Total:176 Passed:176 Failed:0
1694202782033,1157,selenium_view_scrum_board_backlog,Success,True,
.test_1_selenium_view_backlog_for_scrum_board,Total:177 Passed:177 Failed:0
1694202782956,921,selenium_view_scrum_board,Success,True,
.test_1_selenium_view_scrum_board,Total:178 Passed:178 Failed:0
1694202784090,1132,selenium_view_kanban_board,Success,True,
.test_1_selenium_view_kanban_board,Total:179 Passed:179 Failed:0
1694202784453,362,selenium_view_dashboard,Success,True,
.test_1_selenium_view_dashboard,Total:180 Passed:180 Failed:0
1694202784968,513,selenium_view_issue,Success,True,
.test_1_selenium_view_issue,Total:181 Passed:181 Failed:0
1694202785264,294,selenium_log_out,Success,True,
.test_2_selenium_z_log_out,Total:182 Passed:182 Failed:0


=============================== warnings summary ===============================
../../root/.bzt/python-packages/3.11.4/_pytest/config/__init__.py:1204
  /root/.bzt/python-packages/3.11.4/_pytest/config/__init__.py:1204: PytestAssertRewriteWarning: Module already imported so cannot be rewritten: apiritif
    self._mark_plugins_for_rewrite(hook)

-- Docs: https://docs.pytest.org/en/stable/how-to/capture-warnings.html
======================== 14 passed, 1 warning in 12.90s ========================
============================= test session starts ==============================
platform linux -- Python 3.11.4, pytest-7.4.2, pluggy-1.3.0
rootdir: /dc-app-performance-toolkit/app
plugins: xdist-3.3.1, apiritif-1.1.3
collected 14 items

selenium_ui/jira_ui.py get driver from global
clear browser cookies
1694202785413,102,selenium_login:open_login_page,Success,True,
node_id:jira-0
1694202785895,481,selenium_login:login_and_view_dashboard,Success,True,
1694202785895,584,selenium_login,Success,True,
.test_0_selenium_a_login,Total:183 Passed:183 Failed:0
1694202786625,390,selenium_project_summary,Success,True,
.test_1_selenium_view_project_summary,Total:184 Passed:184 Failed:0
1694202786895,268,selenium_browse_projects_list,Success,True,
.test_1_selenium_browse_projects_list,Total:185 Passed:185 Failed:0
1694202787126,229,selenium_browse_boards_list,Success,True,
.test_1_selenium_browse_boards_list,Total:186 Passed:186 Failed:0
1694202788113,667,selenium_create_issue:open_quick_create,Success,True,
1694202789529,706,selenium_create_issue:fill_and_submit_issue_form:submit_issue_form,Success,True,
1694202789529,1416,selenium_create_issue:fill_and_submit_issue_form,Success,True,
1694202789529,2084,selenium_create_issue,Success,True,
.test_1_selenium_create_issue,Total:187 Passed:187 Failed:0
1694202790594,747,selenium_edit_issue:open_edit_issue_form,Success,True,
1694202791426,579,selenium_edit_issue:save_edit_issue_form,Success,True,
1694202791427,1580,selenium_edit_issue,Success,True,
.test_1_selenium_edit_issue,Total:188 Passed:188 Failed:0
1694202791897,468,selenium_save_comment:open_comment_form,Success,True,
1694202792722,744,selenium_save_comment:submit_form,Success,True,
1694202792722,1294,selenium_save_comment,Success,True,
.test_1_selenium_save_comment,Total:189 Passed:189 Failed:0
1694202794277,1554,selenium_search_jql,Success,True,
.test_1_selenium_search_jql,Total:190 Passed:190 Failed:0
1694202795352,1073,selenium_view_scrum_board_backlog,Success,True,
.test_1_selenium_view_backlog_for_scrum_board,Total:191 Passed:191 Failed:0
1694202796250,897,selenium_view_scrum_board,Success,True,
.test_1_selenium_view_scrum_board,Total:192 Passed:192 Failed:0
1694202797313,1061,selenium_view_kanban_board,Success,True,
.test_1_selenium_view_kanban_board,Total:193 Passed:193 Failed:0
1694202797720,406,selenium_view_dashboard,Success,True,
.test_1_selenium_view_dashboard,Total:194 Passed:194 Failed:0
1694202798304,581,selenium_view_issue,Success,True,
.test_1_selenium_view_issue,Total:195 Passed:195 Failed:0
1694202798609,304,selenium_log_out,Success,True,
.test_2_selenium_z_log_out,Total:196 Passed:196 Failed:0


=============================== warnings summary ===============================
../../root/.bzt/python-packages/3.11.4/_pytest/config/__init__.py:1204
  /root/.bzt/python-packages/3.11.4/_pytest/config/__init__.py:1204: PytestAssertRewriteWarning: Module already imported so cannot be rewritten: apiritif
    self._mark_plugins_for_rewrite(hook)

-- Docs: https://docs.pytest.org/en/stable/how-to/capture-warnings.html
======================== 14 passed, 1 warning in 13.32s ========================
============================= test session starts ==============================
platform linux -- Python 3.11.4, pytest-7.4.2, pluggy-1.3.0
rootdir: /dc-app-performance-toolkit/app
plugins: xdist-3.3.1, apiritif-1.1.3
collected 14 items

selenium_ui/jira_ui.py get driver from global
clear browser cookies
1694202798758,104,selenium_login:open_login_page,Success,True,
node_id:jira-0
1694202800005,1247,selenium_login:login_and_view_dashboard,Success,True,
1694202800005,1351,selenium_login,Success,True,
.test_0_selenium_a_login,Total:197 Passed:197 Failed:0
1694202800653,382,selenium_project_summary,Success,True,
.test_1_selenium_view_project_summary,Total:198 Passed:198 Failed:0
1694202800895,240,selenium_browse_projects_list,Success,True,
.test_1_selenium_browse_projects_list,Total:199 Passed:199 Failed:0
1694202801733,836,selenium_browse_boards_list,Success,True,
.test_1_selenium_browse_boards_list,Total:200 Passed:200 Failed:0
1694202802696,612,selenium_create_issue:open_quick_create,Success,True,
1694202804162,719,selenium_create_issue:fill_and_submit_issue_form:submit_issue_form,Success,True,
1694202804162,1465,selenium_create_issue:fill_and_submit_issue_form,Success,True,
1694202804162,2078,selenium_create_issue,Success,True,
.test_1_selenium_create_issue,Total:201 Passed:201 Failed:0
1694202805152,627,selenium_edit_issue:open_edit_issue_form,Success,True,
1694202806043,626,selenium_edit_issue:save_edit_issue_form,Success,True,
1694202806044,1519,selenium_edit_issue,Success,True,
.test_1_selenium_edit_issue,Total:202 Passed:202 Failed:0
1694202806435,389,selenium_save_comment:open_comment_form,Success,True,
1694202807243,724,selenium_save_comment:submit_form,Success,True,
1694202807243,1197,selenium_save_comment,Success,True,
.test_1_selenium_save_comment,Total:203 Passed:203 Failed:0
1694202808052,806,selenium_search_jql,Success,True,
.test_1_selenium_search_jql,Total:204 Passed:204 Failed:0
1694202809047,994,selenium_view_scrum_board_backlog,Success,True,
.test_1_selenium_view_backlog_for_scrum_board,Total:205 Passed:205 Failed:0
1694202809984,936,selenium_view_scrum_board,Success,True,
.test_1_selenium_view_scrum_board,Total:206 Passed:206 Failed:0
1694202811547,1561,selenium_view_kanban_board,Success,True,
.test_1_selenium_view_kanban_board,Total:207 Passed:207 Failed:0
1694202811947,398,selenium_view_dashboard,Success,True,
.test_1_selenium_view_dashboard,Total:208 Passed:208 Failed:0
1694202812489,540,selenium_view_issue,Success,True,
.test_1_selenium_view_issue,Total:209 Passed:209 Failed:0
1694202812793,302,selenium_log_out,Success,True,
.test_2_selenium_z_log_out,Total:210 Passed:210 Failed:0


=============================== warnings summary ===============================
../../root/.bzt/python-packages/3.11.4/_pytest/config/__init__.py:1204
  /root/.bzt/python-packages/3.11.4/_pytest/config/__init__.py:1204: PytestAssertRewriteWarning: Module already imported so cannot be rewritten: apiritif
    self._mark_plugins_for_rewrite(hook)

-- Docs: https://docs.pytest.org/en/stable/how-to/capture-warnings.html
======================== 14 passed, 1 warning in 14.15s ========================
============================= test session starts ==============================
platform linux -- Python 3.11.4, pytest-7.4.2, pluggy-1.3.0
rootdir: /dc-app-performance-toolkit/app
plugins: xdist-3.3.1, apiritif-1.1.3
collected 14 items

selenium_ui/jira_ui.py get driver from global
clear browser cookies
1694202812950,112,selenium_login:open_login_page,Success,True,
node_id:jira-0
1694202814233,1282,selenium_login:login_and_view_dashboard,Success,True,
1694202814233,1395,selenium_login,Success,True,
.test_0_selenium_a_login,Total:211 Passed:211 Failed:0
1694202814905,384,selenium_project_summary,Success,True,
.test_1_selenium_view_project_summary,Total:212 Passed:212 Failed:0
1694202815147,240,selenium_browse_projects_list,Success,True,
.test_1_selenium_browse_projects_list,Total:213 Passed:213 Failed:0
1694202815995,846,selenium_browse_boards_list,Success,True,
.test_1_selenium_browse_boards_list,Total:214 Passed:214 Failed:0
1694202816983,615,selenium_create_issue:open_quick_create,Success,True,
1694202818265,721,selenium_create_issue:fill_and_submit_issue_form:submit_issue_form,Success,True,
1694202818265,1282,selenium_create_issue:fill_and_submit_issue_form,Success,True,
1694202818266,1897,selenium_create_issue,Success,True,
.test_1_selenium_create_issue,Total:215 Passed:215 Failed:0
1694202819190,557,selenium_edit_issue:open_edit_issue_form,Success,True,
1694202820227,706,selenium_edit_issue:save_edit_issue_form,Success,True,
1694202820227,1593,selenium_edit_issue,Success,True,
.test_1_selenium_edit_issue,Total:216 Passed:216 Failed:0
1694202820558,329,selenium_save_comment:open_comment_form,Success,True,
1694202821356,711,selenium_save_comment:submit_form,Success,True,
1694202821356,1128,selenium_save_comment,Success,True,
.test_1_selenium_save_comment,Total:217 Passed:217 Failed:0
1694202822224,866,selenium_search_jql,Success,True,
.test_1_selenium_search_jql,Total:218 Passed:218 Failed:0
1694202823796,1570,selenium_view_scrum_board_backlog,Success,True,
.test_1_selenium_view_backlog_for_scrum_board,Total:219 Passed:219 Failed:0
1694202824133,336,selenium_view_scrum_board,Success,True,
.test_1_selenium_view_scrum_board,Total:220 Passed:220 Failed:0
1694202825276,1141,selenium_view_kanban_board,Success,True,
.test_1_selenium_view_kanban_board,Total:221 Passed:221 Failed:0
1694202825646,368,selenium_view_dashboard,Success,True,
.test_1_selenium_view_dashboard,Total:222 Passed:222 Failed:0
1694202826163,515,selenium_view_issue,Success,True,
.test_1_selenium_view_issue,Total:223 Passed:223 Failed:0
1694202826465,300,selenium_log_out,Success,True,
.test_2_selenium_z_log_out,Total:224 Passed:224 Failed:0


=============================== warnings summary ===============================
../../root/.bzt/python-packages/3.11.4/_pytest/config/__init__.py:1204
  /root/.bzt/python-packages/3.11.4/_pytest/config/__init__.py:1204: PytestAssertRewriteWarning: Module already imported so cannot be rewritten: apiritif
    self._mark_plugins_for_rewrite(hook)

-- Docs: https://docs.pytest.org/en/stable/how-to/capture-warnings.html
======================== 14 passed, 1 warning in 13.64s ========================
============================= test session starts ==============================
platform linux -- Python 3.11.4, pytest-7.4.2, pluggy-1.3.0
rootdir: /dc-app-performance-toolkit/app
plugins: xdist-3.3.1, apiritif-1.1.3
collected 14 items

selenium_ui/jira_ui.py get driver from global
clear browser cookies
1694202826617,108,selenium_login:open_login_page,Success,True,
node_id:jira-0
1694202827878,1260,selenium_login:login_and_view_dashboard,Success,True,
1694202827878,1369,selenium_login,Success,True,
.test_0_selenium_a_login,Total:225 Passed:225 Failed:0
1694202828581,376,selenium_project_summary,Success,True,
.test_1_selenium_view_project_summary,Total:226 Passed:226 Failed:0
1694202828840,257,selenium_browse_projects_list,Success,True,
.test_1_selenium_browse_projects_list,Total:227 Passed:227 Failed:0
1694202829087,245,selenium_browse_boards_list,Success,True,
.test_1_selenium_browse_boards_list,Total:228 Passed:228 Failed:0
1694202830084,600,selenium_create_issue:open_quick_create,Success,True,
1694202831401,727,selenium_create_issue:fill_and_submit_issue_form:submit_issue_form,Success,True,
1694202831402,1317,selenium_create_issue:fill_and_submit_issue_form,Success,True,
1694202831402,1918,selenium_create_issue,Success,True,
.test_1_selenium_create_issue,Total:229 Passed:229 Failed:0
1694202832380,574,selenium_edit_issue:open_edit_issue_form,Success,True,
1694202833301,551,selenium_edit_issue:save_edit_issue_form,Success,True,
1694202833301,1494,selenium_edit_issue,Success,True,
.test_1_selenium_edit_issue,Total:230 Passed:230 Failed:0
1694202833695,392,selenium_save_comment:open_comment_form,Success,True,
1694202834487,705,selenium_save_comment:submit_form,Success,True,
1694202834487,1184,selenium_save_comment,Success,True,
.test_1_selenium_save_comment,Total:231 Passed:231 Failed:0
1694202835280,791,selenium_search_jql,Success,True,
.test_1_selenium_search_jql,Total:232 Passed:232 Failed:0
1694202836372,1090,selenium_view_scrum_board_backlog,Success,True,
.test_1_selenium_view_backlog_for_scrum_board,Total:233 Passed:233 Failed:0
1694202837266,892,selenium_view_scrum_board,Success,True,
.test_1_selenium_view_scrum_board,Total:234 Passed:234 Failed:0
1694202838083,816,selenium_view_kanban_board,Success,True,
.test_1_selenium_view_kanban_board,Total:235 Passed:235 Failed:0
1694202838813,728,selenium_view_dashboard,Success,True,
.test_1_selenium_view_dashboard,Total:236 Passed:236 Failed:0
1694202839326,511,selenium_view_issue,Success,True,
.test_1_selenium_view_issue,Total:237 Passed:237 Failed:0
1694202839626,299,selenium_log_out,Success,True,
.test_2_selenium_z_log_out,Total:238 Passed:238 Failed:0


=============================== warnings summary ===============================
../../root/.bzt/python-packages/3.11.4/_pytest/config/__init__.py:1204
  /root/.bzt/python-packages/3.11.4/_pytest/config/__init__.py:1204: PytestAssertRewriteWarning: Module already imported so cannot be rewritten: apiritif
    self._mark_plugins_for_rewrite(hook)

-- Docs: https://docs.pytest.org/en/stable/how-to/capture-warnings.html
======================== 14 passed, 1 warning in 13.13s ========================
============================= test session starts ==============================
platform linux -- Python 3.11.4, pytest-7.4.2, pluggy-1.3.0
rootdir: /dc-app-performance-toolkit/app
plugins: xdist-3.3.1, apiritif-1.1.3
collected 14 items

selenium_ui/jira_ui.py get driver from global
clear browser cookies
1694202839784,111,selenium_login:open_login_page,Success,True,
node_id:jira-0
1694202841070,1285,selenium_login:login_and_view_dashboard,Success,True,
1694202841070,1398,selenium_login,Success,True,
.test_0_selenium_a_login,Total:239 Passed:239 Failed:0
1694202841790,374,selenium_project_summary,Success,True,
.test_1_selenium_view_project_summary,Total:240 Passed:240 Failed:0
1694202842031,240,selenium_browse_projects_list,Success,True,
.test_1_selenium_browse_projects_list,Total:241 Passed:241 Failed:0
1694202842898,864,selenium_browse_boards_list,Success,True,
.test_1_selenium_browse_boards_list,Total:242 Passed:242 Failed:0
1694202843998,629,selenium_create_issue:open_quick_create,Success,True,
1694202845394,745,selenium_create_issue:fill_and_submit_issue_form:submit_issue_form,Success,True,
1694202845394,1395,selenium_create_issue:fill_and_submit_issue_form,Success,True,
1694202845394,2024,selenium_create_issue,Success,True,
.test_1_selenium_create_issue,Total:243 Passed:243 Failed:0
1694202846467,628,selenium_edit_issue:open_edit_issue_form,Success,True,
1694202847170,468,selenium_edit_issue:save_edit_issue_form,Success,True,
1694202847170,1331,selenium_edit_issue,Success,True,
.test_1_selenium_edit_issue,Total:244 Passed:244 Failed:0
1694202847495,323,selenium_save_comment:open_comment_form,Success,True,
1694202848362,783,selenium_save_comment:submit_form,Success,True,
1694202848362,1191,selenium_save_comment,Success,True,
.test_1_selenium_save_comment,Total:245 Passed:245 Failed:0
1694202849266,903,selenium_search_jql,Success,True,
.test_1_selenium_search_jql,Total:246 Passed:246 Failed:0
1694202850283,1015,selenium_view_scrum_board_backlog,Success,True,
.test_1_selenium_view_backlog_for_scrum_board,Total:247 Passed:247 Failed:0
1694202851268,983,selenium_view_scrum_board,Success,True,
.test_1_selenium_view_scrum_board,Total:248 Passed:248 Failed:0
1694202852583,1313,selenium_view_kanban_board,Success,True,
.test_1_selenium_view_kanban_board,Total:249 Passed:249 Failed:0
1694202852934,349,selenium_view_dashboard,Success,True,
.test_1_selenium_view_dashboard,Total:250 Passed:250 Failed:0
1694202853463,527,selenium_view_issue,Success,True,
.test_1_selenium_view_issue,Total:251 Passed:251 Failed:0
1694202853785,320,selenium_log_out,Success,True,
.test_2_selenium_z_log_out,Total:252 Passed:252 Failed:0


=============================== warnings summary ===============================
../../root/.bzt/python-packages/3.11.4/_pytest/config/__init__.py:1204
  /root/.bzt/python-packages/3.11.4/_pytest/config/__init__.py:1204: PytestAssertRewriteWarning: Module already imported so cannot be rewritten: apiritif
    self._mark_plugins_for_rewrite(hook)

-- Docs: https://docs.pytest.org/en/stable/how-to/capture-warnings.html
======================== 14 passed, 1 warning in 14.13s ========================
============================= test session starts ==============================
platform linux -- Python 3.11.4, pytest-7.4.2, pluggy-1.3.0
rootdir: /dc-app-performance-toolkit/app
plugins: xdist-3.3.1, apiritif-1.1.3
collected 14 items

selenium_ui/jira_ui.py get driver from global
clear browser cookies
1694202853942,108,selenium_login:open_login_page,Success,True,
node_id:jira-0
1694202855222,1279,selenium_login:login_and_view_dashboard,Success,True,
1694202855222,1388,selenium_login,Success,True,
.test_0_selenium_a_login,Total:253 Passed:253 Failed:0
1694202855933,375,selenium_project_summary,Success,True,
.test_1_selenium_view_project_summary,Total:254 Passed:254 Failed:0
1694202856297,363,selenium_browse_projects_list,Success,True,
.test_1_selenium_browse_projects_list,Total:255 Passed:255 Failed:0
1694202856572,273,selenium_browse_boards_list,Success,True,
.test_1_selenium_browse_boards_list,Total:256 Passed:256 Failed:0
1694202857686,643,selenium_create_issue:open_quick_create,Success,True,
1694202858969,740,selenium_create_issue:fill_and_submit_issue_form:submit_issue_form,Success,True,
1694202858969,1283,selenium_create_issue:fill_and_submit_issue_form,Success,True,
1694202858969,1927,selenium_create_issue,Success,True,
.test_1_selenium_create_issue,Total:257 Passed:257 Failed:0
1694202859953,541,selenium_edit_issue:open_edit_issue_form,Success,True,
1694202860847,566,selenium_edit_issue:save_edit_issue_form,Success,True,
1694202860847,1435,selenium_edit_issue,Success,True,
.test_1_selenium_edit_issue,Total:258 Passed:258 Failed:0
1694202861246,397,selenium_save_comment:open_comment_form,Success,True,
1694202862051,719,selenium_save_comment:submit_form,Success,True,
1694202862052,1203,selenium_save_comment,Success,True,
.test_1_selenium_save_comment,Total:259 Passed:259 Failed:0
1694202862841,787,selenium_search_jql,Success,True,
.test_1_selenium_search_jql,Total:260 Passed:260 Failed:0
1694202863813,970,selenium_view_scrum_board_backlog,Success,True,
.test_1_selenium_view_backlog_for_scrum_board,Total:261 Passed:261 Failed:0
1694202864229,414,selenium_view_scrum_board,Success,True,
.test_1_selenium_view_scrum_board,Total:262 Passed:262 Failed:0
1694202864772,541,selenium_view_kanban_board,Success,True,
.test_1_selenium_view_kanban_board,Total:263 Passed:263 Failed:0
1694202865204,430,selenium_view_dashboard,Success,True,
.test_1_selenium_view_dashboard,Total:264 Passed:264 Failed:0
1694202865801,595,selenium_view_issue,Success,True,
.test_1_selenium_view_issue,Total:265 Passed:265 Failed:0
1694202866111,308,selenium_log_out,Success,True,
.test_2_selenium_z_log_out,Total:266 Passed:266 Failed:0


=============================== warnings summary ===============================
../../root/.bzt/python-packages/3.11.4/_pytest/config/__init__.py:1204
  /root/.bzt/python-packages/3.11.4/_pytest/config/__init__.py:1204: PytestAssertRewriteWarning: Module already imported so cannot be rewritten: apiritif
    self._mark_plugins_for_rewrite(hook)

-- Docs: https://docs.pytest.org/en/stable/how-to/capture-warnings.html
======================== 14 passed, 1 warning in 12.29s ========================
============================= test session starts ==============================
platform linux -- Python 3.11.4, pytest-7.4.2, pluggy-1.3.0
rootdir: /dc-app-performance-toolkit/app
plugins: xdist-3.3.1, apiritif-1.1.3
collected 14 items

selenium_ui/jira_ui.py get driver from global
clear browser cookies
1694202866261,105,selenium_login:open_login_page,Success,True,
node_id:jira-0
1694202867450,1188,selenium_login:login_and_view_dashboard,Success,True,
1694202867450,1294,selenium_login,Success,True,
.test_0_selenium_a_login,Total:267 Passed:267 Failed:0
1694202868248,432,selenium_project_summary,Success,True,
.test_1_selenium_view_project_summary,Total:268 Passed:268 Failed:0
1694202868491,241,selenium_browse_projects_list,Success,True,
.test_1_selenium_browse_projects_list,Total:269 Passed:269 Failed:0
1694202868742,250,selenium_browse_boards_list,Success,True,
.test_1_selenium_browse_boards_list,Total:270 Passed:270 Failed:0
1694202869893,617,selenium_create_issue:open_quick_create,Success,True,
1694202871280,746,selenium_create_issue:fill_and_submit_issue_form:submit_issue_form,Success,True,
1694202871280,1386,selenium_create_issue:fill_and_submit_issue_form,Success,True,
1694202871280,2004,selenium_create_issue,Success,True,
.test_1_selenium_create_issue,Total:271 Passed:271 Failed:0
1694202872388,634,selenium_edit_issue:open_edit_issue_form,Success,True,
1694202873148,505,selenium_edit_issue:save_edit_issue_form,Success,True,
1694202873148,1394,selenium_edit_issue,Success,True,
.test_1_selenium_edit_issue,Total:272 Passed:272 Failed:0
1694202873551,401,selenium_save_comment:open_comment_form,Success,True,
1694202874340,701,selenium_save_comment:submit_form,Success,True,
1694202874340,1190,selenium_save_comment,Success,True,
.test_1_selenium_save_comment,Total:273 Passed:273 Failed:0
1694202875132,790,selenium_search_jql,Success,True,
.test_1_selenium_search_jql,Total:274 Passed:274 Failed:0
1694202876271,1138,selenium_view_scrum_board_backlog,Success,True,
.test_1_selenium_view_backlog_for_scrum_board,Total:275 Passed:275 Failed:0
1694202877223,950,selenium_view_scrum_board,Success,True,
.test_1_selenium_view_scrum_board,Total:276 Passed:276 Failed:0
1694202878550,1325,selenium_view_kanban_board,Success,True,
.test_1_selenium_view_kanban_board,Total:277 Passed:277 Failed:0
1694202878899,347,selenium_view_dashboard,Success,True,
.test_1_selenium_view_dashboard,Total:278 Passed:278 Failed:0
1694202879427,526,selenium_view_issue,Success,True,
.test_1_selenium_view_issue,Total:279 Passed:279 Failed:0
1694202879722,294,selenium_log_out,Success,True,
.test_2_selenium_z_log_out,Total:280 Passed:280 Failed:0


=============================== warnings summary ===============================
../../root/.bzt/python-packages/3.11.4/_pytest/config/__init__.py:1204
  /root/.bzt/python-packages/3.11.4/_pytest/config/__init__.py:1204: PytestAssertRewriteWarning: Module already imported so cannot be rewritten: apiritif
    self._mark_plugins_for_rewrite(hook)

-- Docs: https://docs.pytest.org/en/stable/how-to/capture-warnings.html
======================== 14 passed, 1 warning in 13.58s ========================
============================= test session starts ==============================
platform linux -- Python 3.11.4, pytest-7.4.2, pluggy-1.3.0
rootdir: /dc-app-performance-toolkit/app
plugins: xdist-3.3.1, apiritif-1.1.3
collected 14 items

selenium_ui/jira_ui.py get driver from global
clear browser cookies
1694202879901,105,selenium_login:open_login_page,Success,True,
node_id:jira-0
1694202881164,1262,selenium_login:login_and_view_dashboard,Success,True,
1694202881164,1368,selenium_login,Success,True,
.test_0_selenium_a_login,Total:281 Passed:281 Failed:0
1694202881968,428,selenium_project_summary,Success,True,
.test_1_selenium_view_project_summary,Total:282 Passed:282 Failed:0
1694202882309,338,selenium_browse_projects_list,Success,True,
.test_1_selenium_browse_projects_list,Total:283 Passed:283 Failed:0
1694202883321,1010,selenium_browse_boards_list,Success,True,
.test_1_selenium_browse_boards_list,Total:284 Passed:284 Failed:0
1694202884424,609,selenium_create_issue:open_quick_create,Success,True,
1694202885691,761,selenium_create_issue:fill_and_submit_issue_form:submit_issue_form,Success,True,
1694202885691,1266,selenium_create_issue:fill_and_submit_issue_form,Success,True,
1694202885691,1876,selenium_create_issue,Success,True,
.test_1_selenium_create_issue,Total:285 Passed:285 Failed:0
1694202886705,523,selenium_edit_issue:open_edit_issue_form,Success,True,
1694202887532,501,selenium_edit_issue:save_edit_issue_form,Success,True,
1694202887532,1350,selenium_edit_issue,Success,True,
.test_1_selenium_edit_issue,Total:286 Passed:286 Failed:0
1694202887912,378,selenium_save_comment:open_comment_form,Success,True,
1694202888747,750,selenium_save_comment:submit_form,Success,True,
1694202888748,1214,selenium_save_comment,Success,True,
.test_1_selenium_save_comment,Total:287 Passed:287 Failed:0
1694202889525,776,selenium_search_jql,Success,True,
.test_1_selenium_search_jql,Total:288 Passed:288 Failed:0
1694202890601,1074,selenium_view_scrum_board_backlog,Success,True,
.test_1_selenium_view_backlog_for_scrum_board,Total:289 Passed:289 Failed:0
1694202891607,1004,selenium_view_scrum_board,Success,True,
.test_1_selenium_view_scrum_board,Total:290 Passed:290 Failed:0
1694202892774,1166,selenium_view_kanban_board,Success,True,
.test_1_selenium_view_kanban_board,Total:291 Passed:291 Failed:0
1694202893131,355,selenium_view_dashboard,Success,True,
.test_1_selenium_view_dashboard,Total:292 Passed:292 Failed:0
1694202893659,526,selenium_view_issue,Success,True,
.test_1_selenium_view_issue,Total:293 Passed:293 Failed:0
1694202893971,311,selenium_log_out,Success,True,
.test_2_selenium_z_log_out,Total:294 Passed:294 Failed:0


=============================== warnings summary ===============================
../../root/.bzt/python-packages/3.11.4/_pytest/config/__init__.py:1204
  /root/.bzt/python-packages/3.11.4/_pytest/config/__init__.py:1204: PytestAssertRewriteWarning: Module already imported so cannot be rewritten: apiritif
    self._mark_plugins_for_rewrite(hook)

-- Docs: https://docs.pytest.org/en/stable/how-to/capture-warnings.html
======================== 14 passed, 1 warning in 14.22s ========================
============================= test session starts ==============================
platform linux -- Python 3.11.4, pytest-7.4.2, pluggy-1.3.0
rootdir: /dc-app-performance-toolkit/app
plugins: xdist-3.3.1, apiritif-1.1.3
collected 14 items

selenium_ui/jira_ui.py get driver from global
clear browser cookies
1694202894115,99,selenium_login:open_login_page,Success,True,
node_id:jira-0
1694202895510,1394,selenium_login:login_and_view_dashboard,Success,True,
1694202895510,1494,selenium_login,Success,True,
.test_0_selenium_a_login,Total:295 Passed:295 Failed:0
1694202896314,406,selenium_project_summary,Success,True,
.test_1_selenium_view_project_summary,Total:296 Passed:296 Failed:0
1694202896556,240,selenium_browse_projects_list,Success,True,
.test_1_selenium_browse_projects_list,Total:297 Passed:297 Failed:0
1694202897456,897,selenium_browse_boards_list,Success,True,
.test_1_selenium_browse_boards_list,Total:298 Passed:298 Failed:0
1694202898579,616,selenium_create_issue:open_quick_create,Success,True,
1694202900007,762,selenium_create_issue:fill_and_submit_issue_form:submit_issue_form,Success,True,
1694202900007,1428,selenium_create_issue:fill_and_submit_issue_form,Success,True,
1694202900007,2044,selenium_create_issue,Success,True,
.test_1_selenium_create_issue,Total:299 Passed:299 Failed:0
1694202901229,648,selenium_edit_issue:open_edit_issue_form,Success,True,
1694202901965,493,selenium_edit_issue:save_edit_issue_form,Success,True,
1694202901965,1383,selenium_edit_issue,Success,True,
.test_1_selenium_edit_issue,Total:300 Passed:300 Failed:0
1694202902343,377,selenium_save_comment:open_comment_form,Success,True,
1694202903160,731,selenium_save_comment:submit_form,Success,True,
1694202903160,1194,selenium_save_comment,Success,True,
.test_1_selenium_save_comment,Total:301 Passed:301 Failed:0
1694202903940,778,selenium_search_jql,Success,True,
.test_1_selenium_search_jql,Total:302 Passed:302 Failed:0
1694202905045,1103,selenium_view_scrum_board_backlog,Success,True,
.test_1_selenium_view_backlog_for_scrum_board,Total:303 Passed:303 Failed:0
1694202905477,430,selenium_view_scrum_board,Success,True,
.test_1_selenium_view_scrum_board,Total:304 Passed:304 Failed:0
1694202906490,1011,selenium_view_kanban_board,Success,True,
.test_1_selenium_view_kanban_board,Total:305 Passed:305 Failed:0
1694202906850,359,selenium_view_dashboard,Success,True,
.test_1_selenium_view_dashboard,Total:306 Passed:306 Failed:0
1694202907393,541,selenium_view_issue,Success,True,
.test_1_selenium_view_issue,Total:307 Passed:307 Failed:0
1694202907710,315,selenium_log_out,Success,True,
.test_2_selenium_z_log_out,Total:308 Passed:308 Failed:0


=============================== warnings summary ===============================
../../root/.bzt/python-packages/3.11.4/_pytest/config/__init__.py:1204
  /root/.bzt/python-packages/3.11.4/_pytest/config/__init__.py:1204: PytestAssertRewriteWarning: Module already imported so cannot be rewritten: apiritif
    self._mark_plugins_for_rewrite(hook)

-- Docs: https://docs.pytest.org/en/stable/how-to/capture-warnings.html
======================== 14 passed, 1 warning in 13.71s ========================
============================= test session starts ==============================
platform linux -- Python 3.11.4, pytest-7.4.2, pluggy-1.3.0
rootdir: /dc-app-performance-toolkit/app
plugins: xdist-3.3.1, apiritif-1.1.3
collected 14 items

selenium_ui/jira_ui.py get driver from global
clear browser cookies
1694202907869,110,selenium_login:open_login_page,Success,True,
node_id:jira-0
1694202908394,524,selenium_login:login_and_view_dashboard,Success,True,
1694202908394,635,selenium_login,Success,True,
.test_0_selenium_a_login,Total:309 Passed:309 Failed:0
1694202909551,504,selenium_project_summary,Success,True,
.test_1_selenium_view_project_summary,Total:310 Passed:310 Failed:0
1694202909844,291,selenium_browse_projects_list,Success,True,
.test_1_selenium_browse_projects_list,Total:311 Passed:311 Failed:0
1694202910099,252,selenium_browse_boards_list,Success,True,
.test_1_selenium_browse_boards_list,Total:312 Passed:312 Failed:0
1694202911293,636,selenium_create_issue:open_quick_create,Success,True,
1694202912660,766,selenium_create_issue:fill_and_submit_issue_form:submit_issue_form,Success,True,
1694202912660,1366,selenium_create_issue:fill_and_submit_issue_form,Success,True,
1694202912660,2002,selenium_create_issue,Success,True,
.test_1_selenium_create_issue,Total:313 Passed:313 Failed:0
1694202913747,546,selenium_edit_issue:open_edit_issue_form,Success,True,
1694202914602,533,selenium_edit_issue:save_edit_issue_form,Success,True,
1694202914602,1402,selenium_edit_issue,Success,True,
.test_1_selenium_edit_issue,Total:314 Passed:314 Failed:0
1694202915014,411,selenium_save_comment:open_comment_form,Success,True,
1694202915791,683,selenium_save_comment:submit_form,Success,True,
1694202915791,1187,selenium_save_comment,Success,True,
.test_1_selenium_save_comment,Total:315 Passed:315 Failed:0
1694202916612,819,selenium_search_jql,Success,True,
.test_1_selenium_search_jql,Total:316 Passed:316 Failed:0
1694202917791,1178,selenium_view_scrum_board_backlog,Success,True,
.test_1_selenium_view_backlog_for_scrum_board,Total:317 Passed:317 Failed:0
1694202918825,1032,selenium_view_scrum_board,Success,True,
.test_1_selenium_view_scrum_board,Total:318 Passed:318 Failed:0
1694202920186,1359,selenium_view_kanban_board,Success,True,
.test_1_selenium_view_kanban_board,Total:319 Passed:319 Failed:0
1694202920533,345,selenium_view_dashboard,Success,True,
.test_1_selenium_view_dashboard,Total:320 Passed:320 Failed:0
1694202921106,570,selenium_view_issue,Success,True,
.test_1_selenium_view_issue,Total:321 Passed:321 Failed:0
1694202921414,306,selenium_log_out,Success,True,
.test_2_selenium_z_log_out,Total:322 Passed:322 Failed:0


=============================== warnings summary ===============================
../../root/.bzt/python-packages/3.11.4/_pytest/config/__init__.py:1204
  /root/.bzt/python-packages/3.11.4/_pytest/config/__init__.py:1204: PytestAssertRewriteWarning: Module already imported so cannot be rewritten: apiritif
    self._mark_plugins_for_rewrite(hook)

-- Docs: https://docs.pytest.org/en/stable/how-to/capture-warnings.html
======================== 14 passed, 1 warning in 13.67s ========================
============================= test session starts ==============================
platform linux -- Python 3.11.4, pytest-7.4.2, pluggy-1.3.0
rootdir: /dc-app-performance-toolkit/app
plugins: xdist-3.3.1, apiritif-1.1.3
collected 14 items

selenium_ui/jira_ui.py get driver from global
clear browser cookies
1694202921582,119,selenium_login:open_login_page,Success,True,
node_id:jira-0
1694202922089,507,selenium_login:login_and_view_dashboard,Success,True,
1694202922089,626,selenium_login,Success,True,
.test_0_selenium_a_login,Total:323 Passed:323 Failed:0
1694202923174,469,selenium_project_summary,Success,True,
.test_1_selenium_view_project_summary,Total:324 Passed:324 Failed:0
1694202923420,244,selenium_browse_projects_list,Success,True,
.test_1_selenium_browse_projects_list,Total:325 Passed:325 Failed:0
1694202923823,401,selenium_browse_boards_list,Success,True,
.test_1_selenium_browse_boards_list,Total:326 Passed:326 Failed:0
1694202925007,626,selenium_create_issue:open_quick_create,Success,True,
1694202926468,797,selenium_create_issue:fill_and_submit_issue_form:submit_issue_form,Success,True,
1694202926469,1461,selenium_create_issue:fill_and_submit_issue_form,Success,True,
1694202926469,2087,selenium_create_issue,Success,True,
.test_1_selenium_create_issue,Total:327 Passed:327 Failed:0
1694202927616,560,selenium_edit_issue:open_edit_issue_form,Success,True,
1694202928726,683,selenium_edit_issue:save_edit_issue_form,Success,True,
1694202928726,1670,selenium_edit_issue,Success,True,
.test_1_selenium_edit_issue,Total:328 Passed:328 Failed:0
1694202929078,350,selenium_save_comment:open_comment_form,Success,True,
1694202929893,718,selenium_save_comment:submit_form,Success,True,
1694202929893,1165,selenium_save_comment,Success,True,
.test_1_selenium_save_comment,Total:329 Passed:329 Failed:0
1694202930754,860,selenium_search_jql,Success,True,
.test_1_selenium_search_jql,Total:330 Passed:330 Failed:0
1694202932377,1621,selenium_view_scrum_board_backlog,Success,True,
.test_1_selenium_view_backlog_for_scrum_board,Total:331 Passed:331 Failed:0
1694202933364,986,selenium_view_scrum_board,Success,True,
.test_1_selenium_view_scrum_board,Total:332 Passed:332 Failed:0
1694202934543,1177,selenium_view_kanban_board,Success,True,
.test_1_selenium_view_kanban_board,Total:333 Passed:333 Failed:0
1694202934908,364,selenium_view_dashboard,Success,True,
.test_1_selenium_view_dashboard,Total:334 Passed:334 Failed:0
1694202935453,543,selenium_view_issue,Success,True,
.test_1_selenium_view_issue,Total:335 Passed:335 Failed:0
1694202935751,295,selenium_log_out,Success,True,
.test_2_selenium_z_log_out,Total:336 Passed:336 Failed:0


=============================== warnings summary ===============================
../../root/.bzt/python-packages/3.11.4/_pytest/config/__init__.py:1204
  /root/.bzt/python-packages/3.11.4/_pytest/config/__init__.py:1204: PytestAssertRewriteWarning: Module already imported so cannot be rewritten: apiritif
    self._mark_plugins_for_rewrite(hook)

-- Docs: https://docs.pytest.org/en/stable/how-to/capture-warnings.html
======================== 14 passed, 1 warning in 14.30s ========================
============================= test session starts ==============================
platform linux -- Python 3.11.4, pytest-7.4.2, pluggy-1.3.0
rootdir: /dc-app-performance-toolkit/app
plugins: xdist-3.3.1, apiritif-1.1.3
collected 14 items

selenium_ui/jira_ui.py get driver from global
clear browser cookies
1694202935905,107,selenium_login:open_login_page,Success,True,
node_id:jira-0
1694202937171,1266,selenium_login:login_and_view_dashboard,Success,True,
1694202937171,1374,selenium_login,Success,True,
.test_0_selenium_a_login,Total:337 Passed:337 Failed:0
1694202938010,389,selenium_project_summary,Success,True,
.test_1_selenium_view_project_summary,Total:338 Passed:338 Failed:0
1694202938289,277,selenium_browse_projects_list,Success,True,
.test_1_selenium_browse_projects_list,Total:339 Passed:339 Failed:0
1694202938548,257,selenium_browse_boards_list,Success,True,
.test_1_selenium_browse_boards_list,Total:340 Passed:340 Failed:0
1694202939792,618,selenium_create_issue:open_quick_create,Success,True,
1694202941306,810,selenium_create_issue:fill_and_submit_issue_form:submit_issue_form,Success,True,
1694202941306,1514,selenium_create_issue:fill_and_submit_issue_form,Success,True,
1694202941306,2133,selenium_create_issue,Success,True,
.test_1_selenium_create_issue,Total:341 Passed:341 Failed:0
1694202942483,551,selenium_edit_issue:open_edit_issue_form,Success,True,
1694202943354,549,selenium_edit_issue:save_edit_issue_form,Success,True,
1694202943354,1422,selenium_edit_issue,Success,True,
.test_1_selenium_edit_issue,Total:342 Passed:342 Failed:0
1694202943747,391,selenium_save_comment:open_comment_form,Success,True,
1694202944521,692,selenium_save_comment:submit_form,Success,True,
1694202944521,1165,selenium_save_comment,Success,True,
.test_1_selenium_save_comment,Total:343 Passed:343 Failed:0
1694202945332,809,selenium_search_jql,Success,True,
.test_1_selenium_search_jql,Total:344 Passed:344 Failed:0
1694202946923,1589,selenium_view_scrum_board_backlog,Success,True,
.test_1_selenium_view_backlog_for_scrum_board,Total:345 Passed:345 Failed:0
1694202947950,1025,selenium_view_scrum_board,Success,True,
.test_1_selenium_view_scrum_board,Total:346 Passed:346 Failed:0
1694202949218,1266,selenium_view_kanban_board,Success,True,
.test_1_selenium_view_kanban_board,Total:347 Passed:347 Failed:0
1694202949606,387,selenium_view_dashboard,Success,True,
.test_1_selenium_view_dashboard,Total:348 Passed:348 Failed:0
1694202950246,638,selenium_view_issue,Success,True,
.test_1_selenium_view_issue,Total:349 Passed:349 Failed:0
1694202950613,365,selenium_log_out,Success,True,
.test_2_selenium_z_log_out,Total:350 Passed:350 Failed:0


=============================== warnings summary ===============================
../../root/.bzt/python-packages/3.11.4/_pytest/config/__init__.py:1204
  /root/.bzt/python-packages/3.11.4/_pytest/config/__init__.py:1204: PytestAssertRewriteWarning: Module already imported so cannot be rewritten: apiritif
    self._mark_plugins_for_rewrite(hook)

-- Docs: https://docs.pytest.org/en/stable/how-to/capture-warnings.html
======================== 14 passed, 1 warning in 14.83s ========================
============================= test session starts ==============================
platform linux -- Python 3.11.4, pytest-7.4.2, pluggy-1.3.0
rootdir: /dc-app-performance-toolkit/app
plugins: xdist-3.3.1, apiritif-1.1.3
collected 14 items

selenium_ui/jira_ui.py get driver from global
clear browser cookies
1694202950760,99,selenium_login:open_login_page,Success,True,
node_id:jira-0
1694202952091,1331,selenium_login:login_and_view_dashboard,Success,True,
1694202952091,1431,selenium_login,Success,True,
.test_0_selenium_a_login,Total:351 Passed:351 Failed:0
1694202952957,400,selenium_project_summary,Success,True,
.test_1_selenium_view_project_summary,Total:352 Passed:352 Failed:0
1694202953232,273,selenium_browse_projects_list,Success,True,
.test_1_selenium_browse_projects_list,Total:353 Passed:353 Failed:0
1694202953467,234,selenium_browse_boards_list,Success,True,
.test_1_selenium_browse_boards_list,Total:354 Passed:354 Failed:0
1694202954699,601,selenium_create_issue:open_quick_create,Success,True,
1694202956074,802,selenium_create_issue:fill_and_submit_issue_form:submit_issue_form,Success,True,
1694202956074,1375,selenium_create_issue:fill_and_submit_issue_form,Success,True,
1694202956075,1977,selenium_create_issue,Success,True,
.test_1_selenium_create_issue,Total:355 Passed:355 Failed:0
[...]
1694205133778,536,selenium_view_dashboard,Success,True,
.test_1_selenium_view_dashboard,Total:1832 Passed:1832 Failed:0
1694205134306,526,selenium_view_issue,Success,True,
.test_1_selenium_view_issue,Total:1833 Passed:1833 Failed:0
1694205134615,307,selenium_log_out,Success,True,
.test_2_selenium_z_log_out,Total:1834 Passed:1834 Failed:0


=============================== warnings summary ===============================
../../root/.bzt/python-packages/3.11.4/_pytest/config/__init__.py:1204
  /root/.bzt/python-packages/3.11.4/_pytest/config/__init__.py:1204: PytestAssertRewriteWarning: Module already imported so cannot be rewritten: apiritif
    self._mark_plugins_for_rewrite(hook)

-- Docs: https://docs.pytest.org/en/stable/how-to/capture-warnings.html
======================== 14 passed, 1 warning in 25.16s ========================
============================= test session starts ==============================
platform linux -- Python 3.11.4, pytest-7.4.2, pluggy-1.3.0
rootdir: /dc-app-performance-toolkit/app
plugins: xdist-3.3.1, apiritif-1.1.3
collected 14 items

selenium_ui/jira_ui.py get driver from global
clear browser cookies
1694205134770,109,selenium_login:open_login_page,Success,True,
node_id:jira-0
1694205136039,1269,selenium_login:login_and_view_dashboard,Success,True,
1694205136040,1379,selenium_login,Success,True,
.test_0_selenium_a_login,Total:1835 Passed:1835 Failed:0
1694205138781,367,selenium_project_summary,Success,True,
.test_1_selenium_view_project_summary,Total:1836 Passed:1836 Failed:0
1694205139053,270,selenium_browse_projects_list,Success,True,
.test_1_selenium_browse_projects_list,Total:1837 Passed:1837 Failed:0
1694205140949,1893,selenium_browse_boards_list,Success,True,
.test_1_selenium_browse_boards_list,Total:1838 Passed:1838 Failed:0
1694205145074,633,selenium_create_issue:open_quick_create,Success,True,
1694205147500,1757,selenium_create_issue:fill_and_submit_issue_form:submit_issue_form,Success,True,
1694205147500,2426,selenium_create_issue:fill_and_submit_issue_form,Success,True,
1694205147500,3060,selenium_create_issue,Success,True,
.test_1_selenium_create_issue,Total:1839 Passed:1839 Failed:0
1694205151565,586,selenium_edit_issue:open_edit_issue_form,Success,True,
1694205152454,559,selenium_edit_issue:save_edit_issue_form,Success,True,
1694205152455,1476,selenium_edit_issue,Success,True,
.test_1_selenium_edit_issue,Total:1840 Passed:1840 Failed:0
1694205152865,408,selenium_save_comment:open_comment_form,Success,True,
1694205153687,738,selenium_save_comment:submit_form,Success,True,
1694205153687,1231,selenium_save_comment,Success,True,
.test_1_selenium_save_comment,Total:1841 Passed:1841 Failed:0
1694205155422,1732,selenium_search_jql,Success,True,
.test_1_selenium_search_jql,Total:1842 Passed:1842 Failed:0
1694205157456,2033,selenium_view_scrum_board_backlog,Success,True,
.test_1_selenium_view_backlog_for_scrum_board,Total:1843 Passed:1843 Failed:0
1694205159436,1978,selenium_view_scrum_board,Success,True,
.test_1_selenium_view_scrum_board,Total:1844 Passed:1844 Failed:0
1694205161480,2042,selenium_view_kanban_board,Success,True,
.test_1_selenium_view_kanban_board,Total:1845 Passed:1845 Failed:0
1694205161842,360,selenium_view_dashboard,Success,True,
.test_1_selenium_view_dashboard,Total:1846 Passed:1846 Failed:0
1694205162365,521,selenium_view_issue,Success,True,
.test_1_selenium_view_issue,Total:1847 Passed:1847 Failed:0
1694205162684,317,selenium_log_out,Success,True,
.test_2_selenium_z_log_out,Total:1848 Passed:1848 Failed:0


=============================== warnings summary ===============================
../../root/.bzt/python-packages/3.11.4/_pytest/config/__init__.py:1204
  /root/.bzt/python-packages/3.11.4/_pytest/config/__init__.py:1204: PytestAssertRewriteWarning: Module already imported so cannot be rewritten: apiritif
    self._mark_plugins_for_rewrite(hook)

-- Docs: https://docs.pytest.org/en/stable/how-to/capture-warnings.html
======================== 14 passed, 1 warning in 28.04s ========================
============================= test session starts ==============================
platform linux -- Python 3.11.4, pytest-7.4.2, pluggy-1.3.0
rootdir: /dc-app-performance-toolkit/app
plugins: xdist-3.3.1, apiritif-1.1.3
collected 14 items

selenium_ui/jira_ui.py get driver from global
clear browser cookies
1694205162829,99,selenium_login:open_login_page,Success,True,
node_id:jira-0
1694205163369,539,selenium_login:login_and_view_dashboard,Success,True,
1694205163370,639,selenium_login,Success,True,
.test_0_selenium_a_login,Total:1849 Passed:1849 Failed:0
1694205167244,393,selenium_project_summary,Success,True,
.test_1_selenium_view_project_summary,Total:1850 Passed:1850 Failed:0
1694205167515,270,selenium_browse_projects_list,Success,True,
.test_1_selenium_browse_projects_list,Total:1851 Passed:1851 Failed:0
1694205167759,242,selenium_browse_boards_list,Success,True,
.test_1_selenium_browse_boards_list,Total:1852 Passed:1852 Failed:0
1694205171931,637,selenium_create_issue:open_quick_create,Success,True,
1694205174275,1757,selenium_create_issue:fill_and_submit_issue_form:submit_issue_form,Success,True,
1694205174275,2343,selenium_create_issue:fill_and_submit_issue_form,Success,True,
1694205174275,2981,selenium_create_issue,Success,True,
.test_1_selenium_create_issue,Total:1853 Passed:1853 Failed:0
1694205178444,655,selenium_edit_issue:open_edit_issue_form,Success,True,
1694205179186,493,selenium_edit_issue:save_edit_issue_form,Success,True,
1694205179186,1397,selenium_edit_issue,Success,True,
.test_1_selenium_edit_issue,Total:1854 Passed:1854 Failed:0
1694205179538,350,selenium_save_comment:open_comment_form,Success,True,
1694205180387,747,selenium_save_comment:submit_form,Success,True,
1694205180387,1199,selenium_save_comment,Success,True,
.test_1_selenium_save_comment,Total:1855 Passed:1855 Failed:0
1694205182150,1762,selenium_search_jql,Success,True,
.test_1_selenium_search_jql,Total:1856 Passed:1856 Failed:0
1694205184197,2044,selenium_view_scrum_board_backlog,Success,True,
.test_1_selenium_view_backlog_for_scrum_board,Total:1857 Passed:1857 Failed:0
1694205186131,1932,selenium_view_scrum_board,Success,True,
.test_1_selenium_view_scrum_board,Total:1858 Passed:1858 Failed:0
1694205188166,2034,selenium_view_kanban_board,Success,True,
.test_1_selenium_view_kanban_board,Total:1859 Passed:1859 Failed:0
1694205188520,353,selenium_view_dashboard,Success,True,
.test_1_selenium_view_dashboard,Total:1860 Passed:1860 Failed:0
1694205189035,513,selenium_view_issue,Success,True,
.test_1_selenium_view_issue,Total:1861 Passed:1861 Failed:0
1694205189332,295,selenium_log_out,Success,True,
.test_2_selenium_z_log_out,Total:1862 Passed:1862 Failed:0


=============================== warnings summary ===============================
../../root/.bzt/python-packages/3.11.4/_pytest/config/__init__.py:1204
  /root/.bzt/python-packages/3.11.4/_pytest/config/__init__.py:1204: PytestAssertRewriteWarning: Module already imported so cannot be rewritten: apiritif
    self._mark_plugins_for_rewrite(hook)

-- Docs: https://docs.pytest.org/en/stable/how-to/capture-warnings.html
======================== 14 passed, 1 warning in 26.62s ========================
============================= test session starts ==============================
platform linux -- Python 3.11.4, pytest-7.4.2, pluggy-1.3.0
rootdir: /dc-app-performance-toolkit/app
plugins: xdist-3.3.1, apiritif-1.1.3
collected 14 items

selenium_ui/jira_ui.py get driver from global
clear browser cookies
1694205189483,103,selenium_login:open_login_page,Success,True,
node_id:jira-0
1694205189998,514,selenium_login:login_and_view_dashboard,Success,True,
1694205189998,618,selenium_login,Success,True,
.test_0_selenium_a_login,Total:1863 Passed:1863 Failed:0
1694205193961,393,selenium_project_summary,Success,True,
.test_1_selenium_view_project_summary,Total:1864 Passed:1864 Failed:0
1694205194218,255,selenium_browse_projects_list,Success,True,
.test_1_selenium_browse_projects_list,Total:1865 Passed:1865 Failed:0
1694205196167,1947,selenium_browse_boards_list,Success,True,
.test_1_selenium_browse_boards_list,Total:1866 Passed:1866 Failed:0
1694205200357,644,selenium_create_issue:open_quick_create,Success,True,
1694205202650,1771,selenium_create_issue:fill_and_submit_issue_form:submit_issue_form,Success,True,
1694205202650,2292,selenium_create_issue:fill_and_submit_issue_form,Success,True,
1694205202650,2937,selenium_create_issue,Success,True,
.test_1_selenium_create_issue,Total:1867 Passed:1867 Failed:0
1694205206686,491,selenium_edit_issue:open_edit_issue_form,Success,True,
1694205207675,566,selenium_edit_issue:save_edit_issue_form,Success,True,
1694205207676,1481,selenium_edit_issue,Success,True,
.test_1_selenium_edit_issue,Total:1868 Passed:1868 Failed:0
1694205208086,408,selenium_save_comment:open_comment_form,Success,True,
1694205208939,772,selenium_save_comment:submit_form,Success,True,
1694205208939,1262,selenium_save_comment,Success,True,
.test_1_selenium_save_comment,Total:1869 Passed:1869 Failed:0
1694205210702,1761,selenium_search_jql,Success,True,
.test_1_selenium_search_jql,Total:1870 Passed:1870 Failed:0
1694205212713,2009,selenium_view_scrum_board_backlog,Success,True,
.test_1_selenium_view_backlog_for_scrum_board,Total:1871 Passed:1871 Failed:0
1694205214693,1978,selenium_view_scrum_board,Success,True,
.test_1_selenium_view_scrum_board,Total:1872 Passed:1872 Failed:0
1694205216760,2065,selenium_view_kanban_board,Success,True,
.test_1_selenium_view_kanban_board,Total:1873 Passed:1873 Failed:0
1694205217122,360,selenium_view_dashboard,Success,True,
.test_1_selenium_view_dashboard,Total:1874 Passed:1874 Failed:0
1694205217640,516,selenium_view_issue,Success,True,
.test_1_selenium_view_issue,Total:1875 Passed:1875 Failed:0
1694205217935,293,selenium_log_out,Success,True,
.test_2_selenium_z_log_out,Total:1876 Passed:1876 Failed:0


=============================== warnings summary ===============================
../../root/.bzt/python-packages/3.11.4/_pytest/config/__init__.py:1204
  /root/.bzt/python-packages/3.11.4/_pytest/config/__init__.py:1204: PytestAssertRewriteWarning: Module already imported so cannot be rewritten: apiritif
    self._mark_plugins_for_rewrite(hook)

-- Docs: https://docs.pytest.org/en/stable/how-to/capture-warnings.html
======================== 14 passed, 1 warning in 28.57s ========================
============================= test session starts ==============================
platform linux -- Python 3.11.4, pytest-7.4.2, pluggy-1.3.0
rootdir: /dc-app-performance-toolkit/app
plugins: xdist-3.3.1, apiritif-1.1.3
collected 14 items

selenium_ui/jira_ui.py get driver from global
clear browser cookies
1694205218083,100,selenium_login:open_login_page,Success,True,
node_id:jira-0
1694205218600,517,selenium_login:login_and_view_dashboard,Success,True,
1694205218601,618,selenium_login,Success,True,
.test_0_selenium_a_login,Total:1877 Passed:1877 Failed:0
1694205222634,421,selenium_project_summary,Success,True,
.test_1_selenium_view_project_summary,Total:1878 Passed:1878 Failed:0
1694205222897,262,selenium_browse_projects_list,Success,True,
.test_1_selenium_browse_projects_list,Total:1879 Passed:1879 Failed:0
1694205223134,235,selenium_browse_boards_list,Success,True,
.test_1_selenium_browse_boards_list,Total:1880 Passed:1880 Failed:0
1694205227330,621,selenium_create_issue:open_quick_create,Success,True,
1694205229810,1779,selenium_create_issue:fill_and_submit_issue_form:submit_issue_form,Success,True,
1694205229811,2480,selenium_create_issue:fill_and_submit_issue_form,Success,True,
1694205229811,3102,selenium_create_issue,Success,True,
.test_1_selenium_create_issue,Total:1881 Passed:1881 Failed:0
1694205233888,519,selenium_edit_issue:open_edit_issue_form,Success,True,
1694205234821,498,selenium_edit_issue:save_edit_issue_form,Success,True,
1694205234821,1452,selenium_edit_issue,Success,True,
.test_1_selenium_edit_issue,Total:1882 Passed:1882 Failed:0
1694205235217,395,selenium_save_comment:open_comment_form,Success,True,
1694205236035,732,selenium_save_comment:submit_form,Success,True,
1694205236035,1213,selenium_save_comment,Success,True,
.test_1_selenium_save_comment,Total:1883 Passed:1883 Failed:0
1694205237759,1722,selenium_search_jql,Success,True,
.test_1_selenium_search_jql,Total:1884 Passed:1884 Failed:0
1694205239788,2027,selenium_view_scrum_board_backlog,Success,True,
.test_1_selenium_view_backlog_for_scrum_board,Total:1885 Passed:1885 Failed:0
1694205240268,479,selenium_view_scrum_board,Success,True,
.test_1_selenium_view_scrum_board,Total:1886 Passed:1886 Failed:0
1694205242378,2108,selenium_view_kanban_board,Success,True,
.test_1_selenium_view_kanban_board,Total:1887 Passed:1887 Failed:0
1694205242721,341,selenium_view_dashboard,Success,True,
.test_1_selenium_view_dashboard,Total:1888 Passed:1888 Failed:0
1694205243235,512,selenium_view_issue,Success,True,
.test_1_selenium_view_issue,Total:1889 Passed:1889 Failed:0
1694205243529,292,selenium_log_out,Success,True,
.test_2_selenium_z_log_out,Total:1890 Passed:1890 Failed:0


=============================== warnings summary ===============================
../../root/.bzt/python-packages/3.11.4/_pytest/config/__init__.py:1204
  /root/.bzt/python-packages/3.11.4/_pytest/config/__init__.py:1204: PytestAssertRewriteWarning: Module already imported so cannot be rewritten: apiritif
    self._mark_plugins_for_rewrite(hook)

-- Docs: https://docs.pytest.org/en/stable/how-to/capture-warnings.html
======================== 14 passed, 1 warning in 25.56s ========================
============================= test session starts ==============================
platform linux -- Python 3.11.4, pytest-7.4.2, pluggy-1.3.0
rootdir: /dc-app-performance-toolkit/app
plugins: xdist-3.3.1, apiritif-1.1.3
collected 14 items

selenium_ui/jira_ui.py get driver from global
clear browser cookies
1694205243673,99,selenium_login:open_login_page,Success,True,
node_id:jira-0
1694205244255,581,selenium_login:login_and_view_dashboard,Success,True,
1694205244255,681,selenium_login,Success,True,
.test_0_selenium_a_login,Total:1891 Passed:1891 Failed:0
1694205248294,400,selenium_project_summary,Success,True,
.test_1_selenium_view_project_summary,Total:1892 Passed:1892 Failed:0
1694205248614,319,selenium_browse_projects_list,Success,True,
.test_1_selenium_browse_projects_list,Total:1893 Passed:1893 Failed:0
1694205250575,1959,selenium_browse_boards_list,Success,True,
.test_1_selenium_browse_boards_list,Total:1894 Passed:1894 Failed:0
1694205254814,638,selenium_create_issue:open_quick_create,Success,True,
1694205257118,1781,selenium_create_issue:fill_and_submit_issue_form:submit_issue_form,Success,True,
1694205257118,2303,selenium_create_issue:fill_and_submit_issue_form,Success,True,
1694205257118,2942,selenium_create_issue,Success,True,
.test_1_selenium_create_issue,Total:1895 Passed:1895 Failed:0
1694205261275,574,selenium_edit_issue:open_edit_issue_form,Success,True,
1694205262105,497,selenium_edit_issue:save_edit_issue_form,Success,True,
1694205262105,1404,selenium_edit_issue,Success,True,
.test_1_selenium_edit_issue,Total:1896 Passed:1896 Failed:0
1694205262486,380,selenium_save_comment:open_comment_form,Success,True,
1694205263292,719,selenium_save_comment:submit_form,Success,True,
1694205263292,1185,selenium_save_comment,Success,True,
.test_1_selenium_save_comment,Total:1897 Passed:1897 Failed:0
1694205265058,1764,selenium_search_jql,Success,True,
.test_1_selenium_search_jql,Total:1898 Passed:1898 Failed:0
1694205267100,2041,selenium_view_scrum_board_backlog,Success,True,
.test_1_selenium_view_backlog_for_scrum_board,Total:1899 Passed:1899 Failed:0
1694205269168,2066,selenium_view_scrum_board,Success,True,
.test_1_selenium_view_scrum_board,Total:1900 Passed:1900 Failed:0
1694205271180,2010,selenium_view_kanban_board,Success,True,
.test_1_selenium_view_kanban_board,Total:1901 Passed:1901 Failed:0
1694205271549,368,selenium_view_dashboard,Success,True,
.test_1_selenium_view_dashboard,Total:1902 Passed:1902 Failed:0
1694205272059,508,selenium_view_issue,Success,True,
.test_1_selenium_view_issue,Total:1903 Passed:1903 Failed:0
1694205272342,281,selenium_log_out,Success,True,
.test_2_selenium_z_log_out,Total:1904 Passed:1904 Failed:0


=============================== warnings summary ===============================
../../root/.bzt/python-packages/3.11.4/_pytest/config/__init__.py:1204
  /root/.bzt/python-packages/3.11.4/_pytest/config/__init__.py:1204: PytestAssertRewriteWarning: Module already imported so cannot be rewritten: apiritif
    self._mark_plugins_for_rewrite(hook)

-- Docs: https://docs.pytest.org/en/stable/how-to/capture-warnings.html
======================== 14 passed, 1 warning in 28.78s ========================
============================= test session starts ==============================
platform linux -- Python 3.11.4, pytest-7.4.2, pluggy-1.3.0
rootdir: /dc-app-performance-toolkit/app
plugins: xdist-3.3.1, apiritif-1.1.3
collected 14 items

selenium_ui/jira_ui.py get driver from global
clear browser cookies
1694205272485,96,selenium_login:open_login_page,Success,True,
node_id:jira-0
1694205272996,510,selenium_login:login_and_view_dashboard,Success,True,
1694205272996,608,selenium_login,Success,True,
.test_0_selenium_a_login,Total:1905 Passed:1905 Failed:0
1694205277036,403,selenium_project_summary,Success,True,
.test_1_selenium_view_project_summary,Total:1906 Passed:1906 Failed:0
1694205277313,274,selenium_browse_projects_list,Success,True,
.test_1_selenium_browse_projects_list,Total:1907 Passed:1907 Failed:0
1694205279235,1920,selenium_browse_boards_list,Success,True,
.test_1_selenium_browse_boards_list,Total:1908 Passed:1908 Failed:0
1694205283511,636,selenium_create_issue:open_quick_create,Success,True,
1694205285784,1795,selenium_create_issue:fill_and_submit_issue_form:submit_issue_form,Success,True,
1694205285784,2272,selenium_create_issue:fill_and_submit_issue_form,Success,True,
1694205285784,2909,selenium_create_issue,Success,True,
.test_1_selenium_create_issue,Total:1909 Passed:1909 Failed:0
1694205289866,460,selenium_edit_issue:open_edit_issue_form,Success,True,
1694205290835,493,selenium_edit_issue:save_edit_issue_form,Success,True,
1694205290835,1428,selenium_edit_issue,Success,True,
.test_1_selenium_edit_issue,Total:1910 Passed:1910 Failed:0
1694205291227,391,selenium_save_comment:open_comment_form,Success,True,
1694205292067,753,selenium_save_comment:submit_form,Success,True,
1694205292067,1231,selenium_save_comment,Success,True,
.test_1_selenium_save_comment,Total:1911 Passed:1911 Failed:0
1694205293830,1761,selenium_search_jql,Success,True,
.test_1_selenium_search_jql,Total:1912 Passed:1912 Failed:0
1694205295971,2140,selenium_view_scrum_board_backlog,Success,True,
.test_1_selenium_view_backlog_for_scrum_board,Total:1913 Passed:1913 Failed:0
1694205297984,2011,selenium_view_scrum_board,Success,True,
.test_1_selenium_view_scrum_board,Total:1914 Passed:1914 Failed:0
1694205300153,2167,selenium_view_kanban_board,Success,True,
.test_1_selenium_view_kanban_board,Total:1915 Passed:1915 Failed:0
1694205300519,364,selenium_view_dashboard,Success,True,
.test_1_selenium_view_dashboard,Total:1916 Passed:1916 Failed:0
1694205301057,535,selenium_view_issue,Success,True,
.test_1_selenium_view_issue,Total:1917 Passed:1917 Failed:0
1694205301373,315,selenium_log_out,Success,True,
.test_2_selenium_z_log_out,Total:1918 Passed:1918 Failed:0


=============================== warnings summary ===============================
../../root/.bzt/python-packages/3.11.4/_pytest/config/__init__.py:1204
  /root/.bzt/python-packages/3.11.4/_pytest/config/__init__.py:1204: PytestAssertRewriteWarning: Module already imported so cannot be rewritten: apiritif
    self._mark_plugins_for_rewrite(hook)

-- Docs: https://docs.pytest.org/en/stable/how-to/capture-warnings.html
======================== 14 passed, 1 warning in 29.00s ========================
